Sun Nov 27 18:37:51 CST 2022
/opt/coe/cadence/vmanager/tools/vmgr/runner/bin/vm_append_to_vsof.pl
printing from file: /home/grads/a/acoskuner500/csce616/lab10_regression/lab10/sim/regression/htax_regress.acoskuner500.22_11_27_18_37_38_4617/chain_0/tmp.txt
printing to file: /home/grads/a/acoskuner500/csce616/lab10_regression/lab10/sim/regression/htax_regress.acoskuner500.22_11_27_18_37_38_4617/htax_regress.vsof
runs data dir is: /home/vmanager/vmgr_2003profile/chunks/projects/vmgr
Chunk name is: /home/vmanager/vmgr_2003profile/chunks/projects/vmgr/of_sessions/htax_regress.acoskuner500.22_11_27_18_37_38_4617/10_e40a3aec-6eb4-11ed-80e8-2f7c42c92bc9.chunk
From offset: 0
To offset: 4294967295
Sun Nov 27 18:37:52 CST 2022
/opt/coe/cadence/vmanager/tools/vmgr/runner/bin/vm_append_to_vsof.pl
printing from file: /home/grads/a/acoskuner500/csce616/lab10_regression/lab10/sim/regression/htax_regress.acoskuner500.22_11_27_18_37_38_4617/chain_0/.pre_session_script_data.txt
printing to file: /home/grads/a/acoskuner500/csce616/lab10_regression/lab10/sim/regression/htax_regress.acoskuner500.22_11_27_18_37_38_4617/htax_regress.vsof
runs data dir is: /home/vmanager/vmgr_2003profile/chunks/projects/vmgr
Chunk name is: /home/vmanager/vmgr_2003profile/chunks/projects/vmgr/of_sessions/htax_regress.acoskuner500.22_11_27_18_37_38_4617/10_e47eae04-6eb4-11ed-bf38-dbbe9d970bcd.chunk
From offset: 0
To offset: 4294967295
Sun Nov 27 18:37:54 CST 2022
/opt/coe/cadence/vmanager/tools/vmgr/runner/bin/vm_append_to_vsof.pl
printing from file: /home/grads/a/acoskuner500/csce616/lab10_regression/lab10/sim/regression/htax_regress.acoskuner500.22_11_27_18_37_38_4617/chain_0/.d400d482-e55c-4d97-b8fa-33ec1fc4aa41.chunk
printing to file: /home/grads/a/acoskuner500/csce616/lab10_regression/lab10/sim/regression/htax_regress.acoskuner500.22_11_27_18_37_38_4617/htax_regress.vsof
runs data dir is: /home/vmanager/vmgr_2003profile/chunks/projects/vmgr
Chunk name is: /home/vmanager/vmgr_2003profile/chunks/projects/vmgr/of_sessions/htax_regress.acoskuner500.22_11_27_18_37_38_4617/60_e564d154-6eb4-11ed-82fe-93423b008650.chunk
From offset: 0
To offset: 4294967295
Sun Nov 27 18:38:00 CST 2022
/opt/coe/cadence/vmanager/tools/vmgr/runner/bin/vm_append_to_vsof.pl
printing from file: /home/grads/a/acoskuner500/csce616/lab10_regression/lab10/sim/regression/htax_regress.acoskuner500.22_11_27_18_37_38_4617/chain_0/.977a541d-d566-4770-9c94-2414f3bc1879.chunk
printing to file: /home/grads/a/acoskuner500/csce616/lab10_regression/lab10/sim/regression/htax_regress.acoskuner500.22_11_27_18_37_38_4617/htax_regress.vsof
runs data dir is: /home/vmanager/vmgr_2003profile/chunks/projects/vmgr
Chunk name is: /home/vmanager/vmgr_2003profile/chunks/projects/vmgr/of_sessions/htax_regress.acoskuner500.22_11_27_18_37_38_4617/60_e9106f48-6eb4-11ed-a197-cba2e8d623b5.chunk
From offset: 0
To offset: 4294967295
Sun Nov 27 18:38:03 CST 2022
/opt/coe/cadence/vmanager/tools/vmgr/runner/bin/vm_append_to_vsof.pl
printing from file: /home/grads/a/acoskuner500/csce616/lab10_regression/lab10/sim/regression/htax_regress.acoskuner500.22_11_27_18_37_38_4617/chain_0/.678b62e7-8032-4887-a1bd-2564fa5de367.chunk
printing to file: /home/grads/a/acoskuner500/csce616/lab10_regression/lab10/sim/regression/htax_regress.acoskuner500.22_11_27_18_37_38_4617/htax_regress.vsof
runs data dir is: /home/vmanager/vmgr_2003profile/chunks/projects/vmgr
Chunk name is: /home/vmanager/vmgr_2003profile/chunks/projects/vmgr/of_sessions/htax_regress.acoskuner500.22_11_27_18_37_38_4617/60_eaefb422-6eb4-11ed-bd48-634624230ab9.chunk
From offset: 0
To offset: 4294967295
Sun Nov 27 18:38:09 CST 2022
/opt/coe/cadence/vmanager/tools/vmgr/runner/bin/vm_append_to_vsof.pl
printing from file: /home/grads/a/acoskuner500/csce616/lab10_regression/lab10/sim/regression/htax_regress.acoskuner500.22_11_27_18_37_38_4617/chain_0/.942d3ba5-9ead-4c99-9b6b-3be8cd5b4c10.chunk
printing to file: /home/grads/a/acoskuner500/csce616/lab10_regression/lab10/sim/regression/htax_regress.acoskuner500.22_11_27_18_37_38_4617/htax_regress.vsof
runs data dir is: /home/vmanager/vmgr_2003profile/chunks/projects/vmgr
Chunk name is: /home/vmanager/vmgr_2003profile/chunks/projects/vmgr/of_sessions/htax_regress.acoskuner500.22_11_27_18_37_38_4617/60_ee997180-6eb4-11ed-985a-f33036af1b3f.chunk
From offset: 0
To offset: 4294967295
Sun Nov 27 18:38:12 CST 2022
/opt/coe/cadence/vmanager/tools/vmgr/runner/bin/vm_append_to_vsof.pl
printing from file: /home/grads/a/acoskuner500/csce616/lab10_regression/lab10/sim/regression/htax_regress.acoskuner500.22_11_27_18_37_38_4617/chain_0/.287fa024-946e-456e-9f1d-4bf72bec6bf9.chunk
printing to file: /home/grads/a/acoskuner500/csce616/lab10_regression/lab10/sim/regression/htax_regress.acoskuner500.22_11_27_18_37_38_4617/htax_regress.vsof
runs data dir is: /home/vmanager/vmgr_2003profile/chunks/projects/vmgr
Chunk name is: /home/vmanager/vmgr_2003profile/chunks/projects/vmgr/of_sessions/htax_regress.acoskuner500.22_11_27_18_37_38_4617/60_f07ee156-6eb4-11ed-b615-07629819ffa0.chunk
From offset: 0
To offset: 4294967295
Sun Nov 27 18:38:18 CST 2022
/opt/coe/cadence/vmanager/tools/vmgr/runner/bin/vm_append_to_vsof.pl
printing from file: /home/grads/a/acoskuner500/csce616/lab10_regression/lab10/sim/regression/htax_regress.acoskuner500.22_11_27_18_37_38_4617/chain_0/.ba2fe9ab-f480-4c46-8ffd-80364ae46c56.chunk
printing to file: /home/grads/a/acoskuner500/csce616/lab10_regression/lab10/sim/regression/htax_regress.acoskuner500.22_11_27_18_37_38_4617/htax_regress.vsof
runs data dir is: /home/vmanager/vmgr_2003profile/chunks/projects/vmgr
Chunk name is: /home/vmanager/vmgr_2003profile/chunks/projects/vmgr/of_sessions/htax_regress.acoskuner500.22_11_27_18_37_38_4617/60_f4281886-6eb4-11ed-be3b-c31027ec43a6.chunk
From offset: 0
To offset: 4294967295
Sun Nov 27 18:38:24 CST 2022
/opt/coe/cadence/vmanager/tools/vmgr/runner/bin/vm_append_to_vsof.pl
printing from file: /home/grads/a/acoskuner500/csce616/lab10_regression/lab10/sim/regression/htax_regress.acoskuner500.22_11_27_18_37_38_4617/chain_0/.8a378a5b-20c0-48e5-9c5e-c68266215130.chunk
printing to file: /home/grads/a/acoskuner500/csce616/lab10_regression/lab10/sim/regression/htax_regress.acoskuner500.22_11_27_18_37_38_4617/htax_regress.vsof
runs data dir is: /home/vmanager/vmgr_2003profile/chunks/projects/vmgr
Chunk name is: /home/vmanager/vmgr_2003profile/chunks/projects/vmgr/of_sessions/htax_regress.acoskuner500.22_11_27_18_37_38_4617/60_f7d12a5e-6eb4-11ed-9492-db514560e03c.chunk
From offset: 0
To offset: 4294967295
Sun Nov 27 18:38:34 CST 2022
/opt/coe/cadence/vmanager/tools/vmgr/runner/bin/vm_append_to_vsof.pl
printing from file: /home/grads/a/acoskuner500/csce616/lab10_regression/lab10/sim/regression/htax_regress.acoskuner500.22_11_27_18_37_38_4617/chain_0/.a0ea60fb-c1b3-45d8-8512-bb70271087c6.chunk
printing to file: /home/grads/a/acoskuner500/csce616/lab10_regression/lab10/sim/regression/htax_regress.acoskuner500.22_11_27_18_37_38_4617/htax_regress.vsof
runs data dir is: /home/vmanager/vmgr_2003profile/chunks/projects/vmgr
Chunk name is: /home/vmanager/vmgr_2003profile/chunks/projects/vmgr/of_sessions/htax_regress.acoskuner500.22_11_27_18_37_38_4617/60_fd42f4e0-6eb4-11ed-b68a-a7e8998f81e2.chunk
From offset: 0
To offset: 4294967295
Sun Nov 27 18:38:40 CST 2022
/opt/coe/cadence/vmanager/tools/vmgr/runner/bin/vm_append_to_vsof.pl
printing from file: /home/grads/a/acoskuner500/csce616/lab10_regression/lab10/sim/regression/htax_regress.acoskuner500.22_11_27_18_37_38_4617/chain_0/.12a53cea-30de-4607-bcb0-b17f2ff0519f.chunk
printing to file: /home/grads/a/acoskuner500/csce616/lab10_regression/lab10/sim/regression/htax_regress.acoskuner500.22_11_27_18_37_38_4617/htax_regress.vsof
runs data dir is: /home/vmanager/vmgr_2003profile/chunks/projects/vmgr
Chunk name is: /home/vmanager/vmgr_2003profile/chunks/projects/vmgr/of_sessions/htax_regress.acoskuner500.22_11_27_18_37_38_4617/60_00ec369c-6eb5-11ed-8ab6-efcbf3cf8b39.chunk
From offset: 0
To offset: 4294967295
Sun Nov 27 18:38:43 CST 2022
/opt/coe/cadence/vmanager/tools/vmgr/runner/bin/vm_append_to_vsof.pl
printing from file: /home/grads/a/acoskuner500/csce616/lab10_regression/lab10/sim/regression/htax_regress.acoskuner500.22_11_27_18_37_38_4617/chain_0/.07d4732d-dfff-450b-9f75-94bd67d598af.chunk
printing to file: /home/grads/a/acoskuner500/csce616/lab10_regression/lab10/sim/regression/htax_regress.acoskuner500.22_11_27_18_37_38_4617/htax_regress.vsof
runs data dir is: /home/vmanager/vmgr_2003profile/chunks/projects/vmgr
Chunk name is: /home/vmanager/vmgr_2003profile/chunks/projects/vmgr/of_sessions/htax_regress.acoskuner500.22_11_27_18_37_38_4617/60_02cdef14-6eb5-11ed-81a5-0f1333681593.chunk
From offset: 0
To offset: 4294967295
Sun Nov 27 18:38:46 CST 2022
/opt/coe/cadence/vmanager/tools/vmgr/runner/bin/vm_append_to_vsof.pl
printing from file: /home/grads/a/acoskuner500/csce616/lab10_regression/lab10/sim/regression/htax_regress.acoskuner500.22_11_27_18_37_38_4617/chain_0/.eb0b196f-860b-4e0d-bb4c-7b508ffafc92.chunk
printing to file: /home/grads/a/acoskuner500/csce616/lab10_regression/lab10/sim/regression/htax_regress.acoskuner500.22_11_27_18_37_38_4617/htax_regress.vsof
runs data dir is: /home/vmanager/vmgr_2003profile/chunks/projects/vmgr
Chunk name is: /home/vmanager/vmgr_2003profile/chunks/projects/vmgr/of_sessions/htax_regress.acoskuner500.22_11_27_18_37_38_4617/60_04b1bbe4-6eb5-11ed-93c1-8fb82a31c3e5.chunk
From offset: 0
To offset: 4294967295
Sun Nov 27 18:38:52 CST 2022
/opt/coe/cadence/vmanager/tools/vmgr/runner/bin/vm_append_to_vsof.pl
printing from file: /home/grads/a/acoskuner500/csce616/lab10_regression/lab10/sim/regression/htax_regress.acoskuner500.22_11_27_18_37_38_4617/chain_0/.62d01d54-0365-4dcf-ab11-54cf25d4ab9a.chunk
printing to file: /home/grads/a/acoskuner500/csce616/lab10_regression/lab10/sim/regression/htax_regress.acoskuner500.22_11_27_18_37_38_4617/htax_regress.vsof
runs data dir is: /home/vmanager/vmgr_2003profile/chunks/projects/vmgr
Chunk name is: /home/vmanager/vmgr_2003profile/chunks/projects/vmgr/of_sessions/htax_regress.acoskuner500.22_11_27_18_37_38_4617/60_085e6a58-6eb5-11ed-bf1d-67e9549dcb17.chunk
From offset: 0
To offset: 4294967295
Sun Nov 27 18:38:55 CST 2022
/opt/coe/cadence/vmanager/tools/vmgr/runner/bin/vm_append_to_vsof.pl
printing from file: /home/grads/a/acoskuner500/csce616/lab10_regression/lab10/sim/regression/htax_regress.acoskuner500.22_11_27_18_37_38_4617/chain_0/.8634a63d-564c-4dcb-8112-097c281749dd.chunk
printing to file: /home/grads/a/acoskuner500/csce616/lab10_regression/lab10/sim/regression/htax_regress.acoskuner500.22_11_27_18_37_38_4617/htax_regress.vsof
runs data dir is: /home/vmanager/vmgr_2003profile/chunks/projects/vmgr
Chunk name is: /home/vmanager/vmgr_2003profile/chunks/projects/vmgr/of_sessions/htax_regress.acoskuner500.22_11_27_18_37_38_4617/60_0a44c196-6eb5-11ed-ad61-97e72af9bd20.chunk
From offset: 0
To offset: 4294967295
Sun Nov 27 18:38:59 CST 2022
/opt/coe/cadence/vmanager/tools/vmgr/runner/bin/vm_append_to_vsof.pl
printing from file: /home/grads/a/acoskuner500/csce616/lab10_regression/lab10/sim/regression/htax_regress.acoskuner500.22_11_27_18_37_38_4617/chain_0/.72014946-8ccc-4b16-8efb-ff6feb28343f.chunk
printing to file: /home/grads/a/acoskuner500/csce616/lab10_regression/lab10/sim/regression/htax_regress.acoskuner500.22_11_27_18_37_38_4617/htax_regress.vsof
runs data dir is: /home/vmanager/vmgr_2003profile/chunks/projects/vmgr
Chunk name is: /home/vmanager/vmgr_2003profile/chunks/projects/vmgr/of_sessions/htax_regress.acoskuner500.22_11_27_18_37_38_4617/60_0c26d5d0-6eb5-11ed-b1d2-b30c383f6ff4.chunk
From offset: 0
To offset: 4294967295
Sun Nov 27 18:39:02 CST 2022
/opt/coe/cadence/vmanager/tools/vmgr/runner/bin/vm_append_to_vsof.pl
printing from file: /home/grads/a/acoskuner500/csce616/lab10_regression/lab10/sim/regression/htax_regress.acoskuner500.22_11_27_18_37_38_4617/chain_0/.8eadb3ae-9acf-4ad9-a114-f615b1554ea5.chunk
printing to file: /home/grads/a/acoskuner500/csce616/lab10_regression/lab10/sim/regression/htax_regress.acoskuner500.22_11_27_18_37_38_4617/htax_regress.vsof
runs data dir is: /home/vmanager/vmgr_2003profile/chunks/projects/vmgr
Chunk name is: /home/vmanager/vmgr_2003profile/chunks/projects/vmgr/of_sessions/htax_regress.acoskuner500.22_11_27_18_37_38_4617/60_0e06bc62-6eb5-11ed-9b1f-7b5c2bf886b5.chunk
From offset: 0
To offset: 4294967295
Sun Nov 27 18:39:11 CST 2022
/opt/coe/cadence/vmanager/tools/vmgr/runner/bin/vm_append_to_vsof.pl
printing from file: /home/grads/a/acoskuner500/csce616/lab10_regression/lab10/sim/regression/htax_regress.acoskuner500.22_11_27_18_37_38_4617/chain_0/.5d6863b8-8b92-4af6-9f66-ff7c16d547b4.chunk
printing to file: /home/grads/a/acoskuner500/csce616/lab10_regression/lab10/sim/regression/htax_regress.acoskuner500.22_11_27_18_37_38_4617/htax_regress.vsof
runs data dir is: /home/vmanager/vmgr_2003profile/chunks/projects/vmgr
Chunk name is: /home/vmanager/vmgr_2003profile/chunks/projects/vmgr/of_sessions/htax_regress.acoskuner500.22_11_27_18_37_38_4617/60_13793cc4-6eb5-11ed-bfca-8f676f4e83ae.chunk
From offset: 0
To offset: 4294967295
Sun Nov 27 18:39:14 CST 2022
/opt/coe/cadence/vmanager/tools/vmgr/runner/bin/vm_append_to_vsof.pl
printing from file: /home/grads/a/acoskuner500/csce616/lab10_regression/lab10/sim/regression/htax_regress.acoskuner500.22_11_27_18_37_38_4617/chain_0/.d87d490e-2d21-431a-8be9-d30292af9ccc.chunk
printing to file: /home/grads/a/acoskuner500/csce616/lab10_regression/lab10/sim/regression/htax_regress.acoskuner500.22_11_27_18_37_38_4617/htax_regress.vsof
runs data dir is: /home/vmanager/vmgr_2003profile/chunks/projects/vmgr
Chunk name is: /home/vmanager/vmgr_2003profile/chunks/projects/vmgr/of_sessions/htax_regress.acoskuner500.22_11_27_18_37_38_4617/60_1560b86e-6eb5-11ed-8f55-6ff309065c3a.chunk
From offset: 0
To offset: 4294967295
Sun Nov 27 18:39:17 CST 2022
/opt/coe/cadence/vmanager/tools/vmgr/runner/bin/vm_append_to_vsof.pl
printing from file: /home/grads/a/acoskuner500/csce616/lab10_regression/lab10/sim/regression/htax_regress.acoskuner500.22_11_27_18_37_38_4617/chain_0/.156af537-fa35-445c-96f0-ffe132085b11.chunk
printing to file: /home/grads/a/acoskuner500/csce616/lab10_regression/lab10/sim/regression/htax_regress.acoskuner500.22_11_27_18_37_38_4617/htax_regress.vsof
runs data dir is: /home/vmanager/vmgr_2003profile/chunks/projects/vmgr
Chunk name is: /home/vmanager/vmgr_2003profile/chunks/projects/vmgr/of_sessions/htax_regress.acoskuner500.22_11_27_18_37_38_4617/60_17406954-6eb5-11ed-9488-07432edf0de4.chunk
From offset: 0
To offset: 4294967295
Sun Nov 27 18:39:20 CST 2022
/opt/coe/cadence/vmanager/tools/vmgr/runner/bin/vm_append_to_vsof.pl
printing from file: /home/grads/a/acoskuner500/csce616/lab10_regression/lab10/sim/regression/htax_regress.acoskuner500.22_11_27_18_37_38_4617/chain_0/.49ad0f45-da1e-4ff4-946c-16663b8e911c.chunk
printing to file: /home/grads/a/acoskuner500/csce616/lab10_regression/lab10/sim/regression/htax_regress.acoskuner500.22_11_27_18_37_38_4617/htax_regress.vsof
runs data dir is: /home/vmanager/vmgr_2003profile/chunks/projects/vmgr
Chunk name is: /home/vmanager/vmgr_2003profile/chunks/projects/vmgr/of_sessions/htax_regress.acoskuner500.22_11_27_18_37_38_4617/60_1921fd64-6eb5-11ed-810a-dbdc91cdc4b7.chunk
From offset: 0
To offset: 4294967295
Sun Nov 27 18:39:26 CST 2022
/opt/coe/cadence/vmanager/tools/vmgr/runner/bin/vm_append_to_vsof.pl
printing from file: /home/grads/a/acoskuner500/csce616/lab10_regression/lab10/sim/regression/htax_regress.acoskuner500.22_11_27_18_37_38_4617/chain_0/.afd000d6-73b1-4b14-957f-68ff0a8a094f.chunk
printing to file: /home/grads/a/acoskuner500/csce616/lab10_regression/lab10/sim/regression/htax_regress.acoskuner500.22_11_27_18_37_38_4617/htax_regress.vsof
runs data dir is: /home/vmanager/vmgr_2003profile/chunks/projects/vmgr
Chunk name is: /home/vmanager/vmgr_2003profile/chunks/projects/vmgr/of_sessions/htax_regress.acoskuner500.22_11_27_18_37_38_4617/60_1ccb71fc-6eb5-11ed-9fcf-33efd78a9494.chunk
From offset: 0
To offset: 4294967295
Sun Nov 27 18:39:33 CST 2022
/opt/coe/cadence/vmanager/tools/vmgr/runner/bin/vm_append_to_vsof.pl
printing from file: /home/grads/a/acoskuner500/csce616/lab10_regression/lab10/sim/regression/htax_regress.acoskuner500.22_11_27_18_37_38_4617/chain_0/.b4802b08-a835-49d2-a1b1-cb025d5a44a1.chunk
printing to file: /home/grads/a/acoskuner500/csce616/lab10_regression/lab10/sim/regression/htax_regress.acoskuner500.22_11_27_18_37_38_4617/htax_regress.vsof
runs data dir is: /home/vmanager/vmgr_2003profile/chunks/projects/vmgr
Chunk name is: /home/vmanager/vmgr_2003profile/chunks/projects/vmgr/of_sessions/htax_regress.acoskuner500.22_11_27_18_37_38_4617/60_2074f2f6-6eb5-11ed-9064-7fe4776f2d95.chunk
From offset: 0
To offset: 4294967295
Sun Nov 27 18:39:39 CST 2022
/opt/coe/cadence/vmanager/tools/vmgr/runner/bin/vm_append_to_vsof.pl
printing from file: /home/grads/a/acoskuner500/csce616/lab10_regression/lab10/sim/regression/htax_regress.acoskuner500.22_11_27_18_37_38_4617/chain_0/.9e4e8ea0-1b0a-4d99-a414-8aacab6b2078.chunk
printing to file: /home/grads/a/acoskuner500/csce616/lab10_regression/lab10/sim/regression/htax_regress.acoskuner500.22_11_27_18_37_38_4617/htax_regress.vsof
runs data dir is: /home/vmanager/vmgr_2003profile/chunks/projects/vmgr
Chunk name is: /home/vmanager/vmgr_2003profile/chunks/projects/vmgr/of_sessions/htax_regress.acoskuner500.22_11_27_18_37_38_4617/60_241cfb6a-6eb5-11ed-a213-4f9a4caa8b60.chunk
From offset: 0
To offset: 4294967295
Sun Nov 27 18:39:45 CST 2022
/opt/coe/cadence/vmanager/tools/vmgr/runner/bin/vm_append_to_vsof.pl
printing from file: /home/grads/a/acoskuner500/csce616/lab10_regression/lab10/sim/regression/htax_regress.acoskuner500.22_11_27_18_37_38_4617/chain_0/.b03f3d30-1600-4883-bbf6-9db50189629a.chunk
printing to file: /home/grads/a/acoskuner500/csce616/lab10_regression/lab10/sim/regression/htax_regress.acoskuner500.22_11_27_18_37_38_4617/htax_regress.vsof
runs data dir is: /home/vmanager/vmgr_2003profile/chunks/projects/vmgr
Chunk name is: /home/vmanager/vmgr_2003profile/chunks/projects/vmgr/of_sessions/htax_regress.acoskuner500.22_11_27_18_37_38_4617/60_27c84076-6eb5-11ed-9ac4-3f668e329029.chunk
From offset: 0
To offset: 4294967295
Sun Nov 27 18:39:48 CST 2022
/opt/coe/cadence/vmanager/tools/vmgr/runner/bin/vm_append_to_vsof.pl
printing from file: /home/grads/a/acoskuner500/csce616/lab10_regression/lab10/sim/regression/htax_regress.acoskuner500.22_11_27_18_37_38_4617/chain_0/.a390c383-b487-4f12-ba2b-53bf1aa8b7fb.chunk
printing to file: /home/grads/a/acoskuner500/csce616/lab10_regression/lab10/sim/regression/htax_regress.acoskuner500.22_11_27_18_37_38_4617/htax_regress.vsof
runs data dir is: /home/vmanager/vmgr_2003profile/chunks/projects/vmgr
Chunk name is: /home/vmanager/vmgr_2003profile/chunks/projects/vmgr/of_sessions/htax_regress.acoskuner500.22_11_27_18_37_38_4617/60_29b2bd08-6eb5-11ed-812a-5faeee5e9c04.chunk
From offset: 0
To offset: 4294967295
Sun Nov 27 18:39:51 CST 2022
/opt/coe/cadence/vmanager/tools/vmgr/runner/bin/vm_append_to_vsof.pl
printing from file: /home/grads/a/acoskuner500/csce616/lab10_regression/lab10/sim/regression/htax_regress.acoskuner500.22_11_27_18_37_38_4617/chain_0/.d9be9aeb-1d8d-4ca9-bf12-cd6ccff1bfc0.chunk
printing to file: /home/grads/a/acoskuner500/csce616/lab10_regression/lab10/sim/regression/htax_regress.acoskuner500.22_11_27_18_37_38_4617/htax_regress.vsof
runs data dir is: /home/vmanager/vmgr_2003profile/chunks/projects/vmgr
Chunk name is: /home/vmanager/vmgr_2003profile/chunks/projects/vmgr/of_sessions/htax_regress.acoskuner500.22_11_27_18_37_38_4617/60_2b920d86-6eb5-11ed-abab-77c3c88f5e14.chunk
From offset: 0
To offset: 4294967295
Sun Nov 27 18:39:54 CST 2022
/opt/coe/cadence/vmanager/tools/vmgr/runner/bin/vm_append_to_vsof.pl
printing from file: /home/grads/a/acoskuner500/csce616/lab10_regression/lab10/sim/regression/htax_regress.acoskuner500.22_11_27_18_37_38_4617/chain_0/.7feb8c52-054d-4faa-a670-4f141b1081c1.chunk
printing to file: /home/grads/a/acoskuner500/csce616/lab10_regression/lab10/sim/regression/htax_regress.acoskuner500.22_11_27_18_37_38_4617/htax_regress.vsof
runs data dir is: /home/vmanager/vmgr_2003profile/chunks/projects/vmgr
Chunk name is: /home/vmanager/vmgr_2003profile/chunks/projects/vmgr/of_sessions/htax_regress.acoskuner500.22_11_27_18_37_38_4617/60_2d70df06-6eb5-11ed-a5c9-83a00f51d60b.chunk
From offset: 0
To offset: 4294967295
Sun Nov 27 18:40:01 CST 2022
/opt/coe/cadence/vmanager/tools/vmgr/runner/bin/vm_append_to_vsof.pl
printing from file: /home/grads/a/acoskuner500/csce616/lab10_regression/lab10/sim/regression/htax_regress.acoskuner500.22_11_27_18_37_38_4617/chain_0/.e1d2da7b-36c0-48b4-b2c4-846ac51e4a8d.chunk
printing to file: /home/grads/a/acoskuner500/csce616/lab10_regression/lab10/sim/regression/htax_regress.acoskuner500.22_11_27_18_37_38_4617/htax_regress.vsof
runs data dir is: /home/vmanager/vmgr_2003profile/chunks/projects/vmgr
Chunk name is: /home/vmanager/vmgr_2003profile/chunks/projects/vmgr/of_sessions/htax_regress.acoskuner500.22_11_27_18_37_38_4617/60_311b012c-6eb5-11ed-a27d-cf90f8b593eb.chunk
From offset: 0
To offset: 4294967295
Sun Nov 27 18:40:07 CST 2022
/opt/coe/cadence/vmanager/tools/vmgr/runner/bin/vm_append_to_vsof.pl
printing from file: /home/grads/a/acoskuner500/csce616/lab10_regression/lab10/sim/regression/htax_regress.acoskuner500.22_11_27_18_37_38_4617/chain_0/.453b15ed-f890-4093-88e1-76357987d395.chunk
printing to file: /home/grads/a/acoskuner500/csce616/lab10_regression/lab10/sim/regression/htax_regress.acoskuner500.22_11_27_18_37_38_4617/htax_regress.vsof
runs data dir is: /home/vmanager/vmgr_2003profile/chunks/projects/vmgr
Chunk name is: /home/vmanager/vmgr_2003profile/chunks/projects/vmgr/of_sessions/htax_regress.acoskuner500.22_11_27_18_37_38_4617/60_34c48258-6eb5-11ed-8b71-7bdc14eb2542.chunk
From offset: 0
To offset: 4294967295
Sun Nov 27 18:40:13 CST 2022
/opt/coe/cadence/vmanager/tools/vmgr/runner/bin/vm_append_to_vsof.pl
printing from file: /home/grads/a/acoskuner500/csce616/lab10_regression/lab10/sim/regression/htax_regress.acoskuner500.22_11_27_18_37_38_4617/chain_0/.87e88df3-eae1-4072-a0f9-0796e99dec3f.chunk
printing to file: /home/grads/a/acoskuner500/csce616/lab10_regression/lab10/sim/regression/htax_regress.acoskuner500.22_11_27_18_37_38_4617/htax_regress.vsof
runs data dir is: /home/vmanager/vmgr_2003profile/chunks/projects/vmgr
Chunk name is: /home/vmanager/vmgr_2003profile/chunks/projects/vmgr/of_sessions/htax_regress.acoskuner500.22_11_27_18_37_38_4617/60_386d4bd8-6eb5-11ed-a19d-57aaea078ecf.chunk
From offset: 0
To offset: 4294967295
Sun Nov 27 18:40:16 CST 2022
/opt/coe/cadence/vmanager/tools/vmgr/runner/bin/vm_append_to_vsof.pl
printing from file: /home/grads/a/acoskuner500/csce616/lab10_regression/lab10/sim/regression/htax_regress.acoskuner500.22_11_27_18_37_38_4617/chain_0/.c827e1c5-debf-4c64-bc1b-64a1d0640f14.chunk
printing to file: /home/grads/a/acoskuner500/csce616/lab10_regression/lab10/sim/regression/htax_regress.acoskuner500.22_11_27_18_37_38_4617/htax_regress.vsof
runs data dir is: /home/vmanager/vmgr_2003profile/chunks/projects/vmgr
Chunk name is: /home/vmanager/vmgr_2003profile/chunks/projects/vmgr/of_sessions/htax_regress.acoskuner500.22_11_27_18_37_38_4617/60_3a4cfd54-6eb5-11ed-ac4e-ff02381bee7d.chunk
From offset: 0
To offset: 4294967295
Sun Nov 27 18:40:22 CST 2022
/opt/coe/cadence/vmanager/tools/vmgr/runner/bin/vm_append_to_vsof.pl
printing from file: /home/grads/a/acoskuner500/csce616/lab10_regression/lab10/sim/regression/htax_regress.acoskuner500.22_11_27_18_37_38_4617/chain_0/.9a21bd99-3250-4d64-9b29-ba5c6057a1c2.chunk
printing to file: /home/grads/a/acoskuner500/csce616/lab10_regression/lab10/sim/regression/htax_regress.acoskuner500.22_11_27_18_37_38_4617/htax_regress.vsof
runs data dir is: /home/vmanager/vmgr_2003profile/chunks/projects/vmgr
Chunk name is: /home/vmanager/vmgr_2003profile/chunks/projects/vmgr/of_sessions/htax_regress.acoskuner500.22_11_27_18_37_38_4617/60_3df98fbc-6eb5-11ed-803c-2f45e979bdc0.chunk
From offset: 0
To offset: 4294967295
Sun Nov 27 18:40:25 CST 2022
/opt/coe/cadence/vmanager/tools/vmgr/runner/bin/vm_append_to_vsof.pl
printing from file: /home/grads/a/acoskuner500/csce616/lab10_regression/lab10/sim/regression/htax_regress.acoskuner500.22_11_27_18_37_38_4617/chain_0/.d605d2b2-79c1-444e-b1bb-8e5f065b31b1.chunk
printing to file: /home/grads/a/acoskuner500/csce616/lab10_regression/lab10/sim/regression/htax_regress.acoskuner500.22_11_27_18_37_38_4617/htax_regress.vsof
runs data dir is: /home/vmanager/vmgr_2003profile/chunks/projects/vmgr
Chunk name is: /home/vmanager/vmgr_2003profile/chunks/projects/vmgr/of_sessions/htax_regress.acoskuner500.22_11_27_18_37_38_4617/60_3fe11d72-6eb5-11ed-9a46-ffe83fa74dd9.chunk
From offset: 0
To offset: 4294967295
Sun Nov 27 18:40:28 CST 2022
/opt/coe/cadence/vmanager/tools/vmgr/runner/bin/vm_append_to_vsof.pl
printing from file: /home/grads/a/acoskuner500/csce616/lab10_regression/lab10/sim/regression/htax_regress.acoskuner500.22_11_27_18_37_38_4617/chain_0/.462968c1-1f88-41b4-8ffa-578890d20d72.chunk
printing to file: /home/grads/a/acoskuner500/csce616/lab10_regression/lab10/sim/regression/htax_regress.acoskuner500.22_11_27_18_37_38_4617/htax_regress.vsof
runs data dir is: /home/vmanager/vmgr_2003profile/chunks/projects/vmgr
Chunk name is: /home/vmanager/vmgr_2003profile/chunks/projects/vmgr/of_sessions/htax_regress.acoskuner500.22_11_27_18_37_38_4617/60_41c1f508-6eb5-11ed-8ec5-1ff85627913b.chunk
From offset: 0
To offset: 4294967295
Sun Nov 27 18:40:35 CST 2022
/opt/coe/cadence/vmanager/tools/vmgr/runner/bin/vm_append_to_vsof.pl
printing from file: /home/grads/a/acoskuner500/csce616/lab10_regression/lab10/sim/regression/htax_regress.acoskuner500.22_11_27_18_37_38_4617/chain_0/.7dc05838-6dfc-438a-b199-f1b216692e4a.chunk
printing to file: /home/grads/a/acoskuner500/csce616/lab10_regression/lab10/sim/regression/htax_regress.acoskuner500.22_11_27_18_37_38_4617/htax_regress.vsof
runs data dir is: /home/vmanager/vmgr_2003profile/chunks/projects/vmgr
Chunk name is: /home/vmanager/vmgr_2003profile/chunks/projects/vmgr/of_sessions/htax_regress.acoskuner500.22_11_27_18_37_38_4617/60_456bb626-6eb5-11ed-9aab-336a79b357b8.chunk
From offset: 0
To offset: 4294967295
Sun Nov 27 18:40:38 CST 2022
/opt/coe/cadence/vmanager/tools/vmgr/runner/bin/vm_append_to_vsof.pl
printing from file: /home/grads/a/acoskuner500/csce616/lab10_regression/lab10/sim/regression/htax_regress.acoskuner500.22_11_27_18_37_38_4617/chain_0/.9c847b4e-ff9c-4493-9450-a17e1f63f949.chunk
printing to file: /home/grads/a/acoskuner500/csce616/lab10_regression/lab10/sim/regression/htax_regress.acoskuner500.22_11_27_18_37_38_4617/htax_regress.vsof
runs data dir is: /home/vmanager/vmgr_2003profile/chunks/projects/vmgr
Chunk name is: /home/vmanager/vmgr_2003profile/chunks/projects/vmgr/of_sessions/htax_regress.acoskuner500.22_11_27_18_37_38_4617/60_474c01e4-6eb5-11ed-b649-c78dc469715a.chunk
From offset: 0
To offset: 4294967295
Sun Nov 27 18:40:41 CST 2022
/opt/coe/cadence/vmanager/tools/vmgr/runner/bin/vm_append_to_vsof.pl
printing from file: /home/grads/a/acoskuner500/csce616/lab10_regression/lab10/sim/regression/htax_regress.acoskuner500.22_11_27_18_37_38_4617/chain_0/.503f432d-fa92-4dff-bfcb-e5037733ecbf.chunk
printing to file: /home/grads/a/acoskuner500/csce616/lab10_regression/lab10/sim/regression/htax_regress.acoskuner500.22_11_27_18_37_38_4617/htax_regress.vsof
runs data dir is: /home/vmanager/vmgr_2003profile/chunks/projects/vmgr
Chunk name is: /home/vmanager/vmgr_2003profile/chunks/projects/vmgr/of_sessions/htax_regress.acoskuner500.22_11_27_18_37_38_4617/60_492c848e-6eb5-11ed-9bc3-172ea64afcb1.chunk
From offset: 0
To offset: 4294967295
Sun Nov 27 18:40:44 CST 2022
/opt/coe/cadence/vmanager/tools/vmgr/runner/bin/vm_append_to_vsof.pl
printing from file: /home/grads/a/acoskuner500/csce616/lab10_regression/lab10/sim/regression/htax_regress.acoskuner500.22_11_27_18_37_38_4617/chain_0/.36947678-22af-4732-9687-fdcd939d989c.chunk
printing to file: /home/grads/a/acoskuner500/csce616/lab10_regression/lab10/sim/regression/htax_regress.acoskuner500.22_11_27_18_37_38_4617/htax_regress.vsof
runs data dir is: /home/vmanager/vmgr_2003profile/chunks/projects/vmgr
Chunk name is: /home/vmanager/vmgr_2003profile/chunks/projects/vmgr/of_sessions/htax_regress.acoskuner500.22_11_27_18_37_38_4617/60_4b0b96d2-6eb5-11ed-8079-5bae4df35b73.chunk
From offset: 0
To offset: 4294967295
Sun Nov 27 18:40:50 CST 2022
/opt/coe/cadence/vmanager/tools/vmgr/runner/bin/vm_append_to_vsof.pl
printing from file: /home/grads/a/acoskuner500/csce616/lab10_regression/lab10/sim/regression/htax_regress.acoskuner500.22_11_27_18_37_38_4617/chain_0/.b9ba7163-51ac-43b7-aca5-7755ed3a3a05.chunk
printing to file: /home/grads/a/acoskuner500/csce616/lab10_regression/lab10/sim/regression/htax_regress.acoskuner500.22_11_27_18_37_38_4617/htax_regress.vsof
runs data dir is: /home/vmanager/vmgr_2003profile/chunks/projects/vmgr
Chunk name is: /home/vmanager/vmgr_2003profile/chunks/projects/vmgr/of_sessions/htax_regress.acoskuner500.22_11_27_18_37_38_4617/60_4eb64d0e-6eb5-11ed-87b5-13f2024a21cd.chunk
From offset: 0
To offset: 4294967295
Sun Nov 27 18:40:53 CST 2022
/opt/coe/cadence/vmanager/tools/vmgr/runner/bin/vm_append_to_vsof.pl
printing from file: /home/grads/a/acoskuner500/csce616/lab10_regression/lab10/sim/regression/htax_regress.acoskuner500.22_11_27_18_37_38_4617/chain_0/.7f346b29-2071-4f6a-b3a1-a40103127416.chunk
printing to file: /home/grads/a/acoskuner500/csce616/lab10_regression/lab10/sim/regression/htax_regress.acoskuner500.22_11_27_18_37_38_4617/htax_regress.vsof
runs data dir is: /home/vmanager/vmgr_2003profile/chunks/projects/vmgr
Chunk name is: /home/vmanager/vmgr_2003profile/chunks/projects/vmgr/of_sessions/htax_regress.acoskuner500.22_11_27_18_37_38_4617/60_5096216c-6eb5-11ed-a9b4-63d7c41ff1a5.chunk
From offset: 0
To offset: 4294967295
Sun Nov 27 18:40:56 CST 2022
/opt/coe/cadence/vmanager/tools/vmgr/runner/bin/vm_append_to_vsof.pl
printing from file: /home/grads/a/acoskuner500/csce616/lab10_regression/lab10/sim/regression/htax_regress.acoskuner500.22_11_27_18_37_38_4617/chain_0/.b1724329-2c75-4455-a7b4-db705c5af61e.chunk
printing to file: /home/grads/a/acoskuner500/csce616/lab10_regression/lab10/sim/regression/htax_regress.acoskuner500.22_11_27_18_37_38_4617/htax_regress.vsof
runs data dir is: /home/vmanager/vmgr_2003profile/chunks/projects/vmgr
Chunk name is: /home/vmanager/vmgr_2003profile/chunks/projects/vmgr/of_sessions/htax_regress.acoskuner500.22_11_27_18_37_38_4617/60_51f686b4-6eb5-11ed-bda7-2b9c7cbc2559.chunk
From offset: 0
To offset: 4294967295
Sun Nov 27 18:40:57 CST 2022
/opt/coe/cadence/vmanager/tools/vmgr/runner/bin/vm_append_to_vsof.pl
printing from file: /home/grads/a/acoskuner500/csce616/lab10_regression/lab10/sim/regression/htax_regress.acoskuner500.22_11_27_18_37_38_4617/chain_0/.post_session_script_data.txt
printing to file: /home/grads/a/acoskuner500/csce616/lab10_regression/lab10/sim/regression/htax_regress.acoskuner500.22_11_27_18_37_38_4617/htax_regress.vsof
runs data dir is: /home/vmanager/vmgr_2003profile/chunks/projects/vmgr
Chunk name is: /home/vmanager/vmgr_2003profile/chunks/projects/vmgr/of_sessions/htax_regress.acoskuner500.22_11_27_18_37_38_4617/55_52a332d8-6eb5-11ed-825e-277ec72ee6ed.chunk
From offset: 0
To offset: 4294967295
Sun Nov 27 18:40:57 CST 2022
/opt/coe/cadence/vmanager/tools/vmgr/runner/bin/vm_append_to_vsof.pl
printing from file: /home/grads/a/acoskuner500/csce616/lab10_regression/lab10/sim/regression/htax_regress.acoskuner500.22_11_27_18_37_38_4617/chain_0/.post_session_script_data2.txt
printing to file: /home/grads/a/acoskuner500/csce616/lab10_regression/lab10/sim/regression/htax_regress.acoskuner500.22_11_27_18_37_38_4617/htax_regress.vsof
runs data dir is: /home/vmanager/vmgr_2003profile/chunks/projects/vmgr
Chunk name is: /home/vmanager/vmgr_2003profile/chunks/projects/vmgr/of_sessions/htax_regress.acoskuner500.22_11_27_18_37_38_4617/55_53036806-6eb5-11ed-9f40-438e2c8f96c1.chunk
From offset: 0
To offset: 4294967295
