Mon Nov 28 19:49:04 CST 2022
/opt/coe/cadence/vmanager/tools/vmgr/runner/bin/vm_append_to_vsof.pl
printing from file: /home/grads/a/acoskuner500/csce616/lab10_regression/lab10/sim/regression/htax_regress.acoskuner500.22_11_28_19_48_46_6421/chain_0/tmp.txt
printing to file: /home/grads/a/acoskuner500/csce616/lab10_regression/lab10/sim/regression/htax_regress.acoskuner500.22_11_28_19_48_46_6421/htax_regress.vsof
runs data dir is: /home/vmanager/vmgr_2003profile/chunks/projects/vmgr
Chunk name is: /home/vmanager/vmgr_2003profile/chunks/projects/vmgr/of_sessions/htax_regress.acoskuner500.22_11_28_19_48_46_6421/10_0101f29c-6f88-11ed-9844-abca955ca7af.chunk
From offset: 0
To offset: 4294967295
Mon Nov 28 19:49:05 CST 2022
/opt/coe/cadence/vmanager/tools/vmgr/runner/bin/vm_append_to_vsof.pl
printing from file: /home/grads/a/acoskuner500/csce616/lab10_regression/lab10/sim/regression/htax_regress.acoskuner500.22_11_28_19_48_46_6421/chain_0/.pre_session_script_data.txt
printing to file: /home/grads/a/acoskuner500/csce616/lab10_regression/lab10/sim/regression/htax_regress.acoskuner500.22_11_28_19_48_46_6421/htax_regress.vsof
runs data dir is: /home/vmanager/vmgr_2003profile/chunks/projects/vmgr
Chunk name is: /home/vmanager/vmgr_2003profile/chunks/projects/vmgr/of_sessions/htax_regress.acoskuner500.22_11_28_19_48_46_6421/10_01d50d1c-6f88-11ed-b37a-a7f10b6a44db.chunk
From offset: 0
To offset: 4294967295
Mon Nov 28 19:49:08 CST 2022
/opt/coe/cadence/vmanager/tools/vmgr/runner/bin/vm_append_to_vsof.pl
printing from file: /home/grads/a/acoskuner500/csce616/lab10_regression/lab10/sim/regression/htax_regress.acoskuner500.22_11_28_19_48_46_6421/chain_0/.84c0bfb8-8179-4021-a81c-f97986246e48.chunk
printing to file: /home/grads/a/acoskuner500/csce616/lab10_regression/lab10/sim/regression/htax_regress.acoskuner500.22_11_28_19_48_46_6421/htax_regress.vsof
runs data dir is: /home/vmanager/vmgr_2003profile/chunks/projects/vmgr
Chunk name is: /home/vmanager/vmgr_2003profile/chunks/projects/vmgr/of_sessions/htax_regress.acoskuner500.22_11_28_19_48_46_6421/60_03b85648-6f88-11ed-8921-8f053b782ef4.chunk
From offset: 0
To offset: 4294967295
Mon Nov 28 19:49:11 CST 2022
/opt/coe/cadence/vmanager/tools/vmgr/runner/bin/vm_append_to_vsof.pl
printing from file: /home/grads/a/acoskuner500/csce616/lab10_regression/lab10/sim/regression/htax_regress.acoskuner500.22_11_28_19_48_46_6421/chain_0/.bb09bb0e-3323-4b5d-93fc-5c87ababcfd3.chunk
printing to file: /home/grads/a/acoskuner500/csce616/lab10_regression/lab10/sim/regression/htax_regress.acoskuner500.22_11_28_19_48_46_6421/htax_regress.vsof
runs data dir is: /home/vmanager/vmgr_2003profile/chunks/projects/vmgr
Chunk name is: /home/vmanager/vmgr_2003profile/chunks/projects/vmgr/of_sessions/htax_regress.acoskuner500.22_11_28_19_48_46_6421/60_05a4be92-6f88-11ed-95a8-93a58310d189.chunk
From offset: 0
To offset: 4294967295
Mon Nov 28 19:49:21 CST 2022
/opt/coe/cadence/vmanager/tools/vmgr/runner/bin/vm_append_to_vsof.pl
printing from file: /home/grads/a/acoskuner500/csce616/lab10_regression/lab10/sim/regression/htax_regress.acoskuner500.22_11_28_19_48_46_6421/chain_0/.a661963b-0c15-475f-b4e0-d5d5b8ffa552.chunk
printing to file: /home/grads/a/acoskuner500/csce616/lab10_regression/lab10/sim/regression/htax_regress.acoskuner500.22_11_28_19_48_46_6421/htax_regress.vsof
runs data dir is: /home/vmanager/vmgr_2003profile/chunks/projects/vmgr
Chunk name is: /home/vmanager/vmgr_2003profile/chunks/projects/vmgr/of_sessions/htax_regress.acoskuner500.22_11_28_19_48_46_6421/60_0b2327fa-6f88-11ed-8e45-573208c11e4c.chunk
From offset: 0
To offset: 4294967295
Mon Nov 28 19:49:30 CST 2022
/opt/coe/cadence/vmanager/tools/vmgr/runner/bin/vm_append_to_vsof.pl
printing from file: /home/grads/a/acoskuner500/csce616/lab10_regression/lab10/sim/regression/htax_regress.acoskuner500.22_11_28_19_48_46_6421/chain_0/.a76b85dd-6398-43d0-bebe-4cb7a1f67a42.chunk
printing to file: /home/grads/a/acoskuner500/csce616/lab10_regression/lab10/sim/regression/htax_regress.acoskuner500.22_11_28_19_48_46_6421/htax_regress.vsof
runs data dir is: /home/vmanager/vmgr_2003profile/chunks/projects/vmgr
Chunk name is: /home/vmanager/vmgr_2003profile/chunks/projects/vmgr/of_sessions/htax_regress.acoskuner500.22_11_28_19_48_46_6421/60_10a94baa-6f88-11ed-a912-4ff8daaac9b0.chunk
From offset: 0
To offset: 4294967295
Mon Nov 28 19:49:39 CST 2022
/opt/coe/cadence/vmanager/tools/vmgr/runner/bin/vm_append_to_vsof.pl
printing from file: /home/grads/a/acoskuner500/csce616/lab10_regression/lab10/sim/regression/htax_regress.acoskuner500.22_11_28_19_48_46_6421/chain_0/.e06d9142-b504-4aeb-b485-34a1e008a50a.chunk
printing to file: /home/grads/a/acoskuner500/csce616/lab10_regression/lab10/sim/regression/htax_regress.acoskuner500.22_11_28_19_48_46_6421/htax_regress.vsof
runs data dir is: /home/vmanager/vmgr_2003profile/chunks/projects/vmgr
Chunk name is: /home/vmanager/vmgr_2003profile/chunks/projects/vmgr/of_sessions/htax_regress.acoskuner500.22_11_28_19_48_46_6421/60_163f1e28-6f88-11ed-9c55-573127a649a6.chunk
From offset: 0
To offset: 4294967295
Mon Nov 28 19:49:48 CST 2022
/opt/coe/cadence/vmanager/tools/vmgr/runner/bin/vm_append_to_vsof.pl
printing from file: /home/grads/a/acoskuner500/csce616/lab10_regression/lab10/sim/regression/htax_regress.acoskuner500.22_11_28_19_48_46_6421/chain_0/.6c497bed-04a0-469a-8a1c-24c7d9f14490.chunk
printing to file: /home/grads/a/acoskuner500/csce616/lab10_regression/lab10/sim/regression/htax_regress.acoskuner500.22_11_28_19_48_46_6421/htax_regress.vsof
runs data dir is: /home/vmanager/vmgr_2003profile/chunks/projects/vmgr
Chunk name is: /home/vmanager/vmgr_2003profile/chunks/projects/vmgr/of_sessions/htax_regress.acoskuner500.22_11_28_19_48_46_6421/60_1bbb360c-6f88-11ed-bc43-ff897b4cdf62.chunk
From offset: 0
To offset: 4294967295
Mon Nov 28 19:49:52 CST 2022
/opt/coe/cadence/vmanager/tools/vmgr/runner/bin/vm_append_to_vsof.pl
printing from file: /home/grads/a/acoskuner500/csce616/lab10_regression/lab10/sim/regression/htax_regress.acoskuner500.22_11_28_19_48_46_6421/chain_0/.7da3de99-5ee5-4d1f-b5fe-9273074dfec6.chunk
printing to file: /home/grads/a/acoskuner500/csce616/lab10_regression/lab10/sim/regression/htax_regress.acoskuner500.22_11_28_19_48_46_6421/htax_regress.vsof
runs data dir is: /home/vmanager/vmgr_2003profile/chunks/projects/vmgr
Chunk name is: /home/vmanager/vmgr_2003profile/chunks/projects/vmgr/of_sessions/htax_regress.acoskuner500.22_11_28_19_48_46_6421/60_1da8dcbc-6f88-11ed-be03-5b159548a43e.chunk
From offset: 0
To offset: 4294967295
Mon Nov 28 19:50:01 CST 2022
/opt/coe/cadence/vmanager/tools/vmgr/runner/bin/vm_append_to_vsof.pl
printing from file: /home/grads/a/acoskuner500/csce616/lab10_regression/lab10/sim/regression/htax_regress.acoskuner500.22_11_28_19_48_46_6421/chain_0/.1440a441-95fd-4fa1-ac18-81190703af70.chunk
printing to file: /home/grads/a/acoskuner500/csce616/lab10_regression/lab10/sim/regression/htax_regress.acoskuner500.22_11_28_19_48_46_6421/htax_regress.vsof
runs data dir is: /home/vmanager/vmgr_2003profile/chunks/projects/vmgr
Chunk name is: /home/vmanager/vmgr_2003profile/chunks/projects/vmgr/of_sessions/htax_regress.acoskuner500.22_11_28_19_48_46_6421/60_23388f42-6f88-11ed-a4bf-5318a2b3a333.chunk
From offset: 0
To offset: 4294967295
Mon Nov 28 19:50:10 CST 2022
/opt/coe/cadence/vmanager/tools/vmgr/runner/bin/vm_append_to_vsof.pl
printing from file: /home/grads/a/acoskuner500/csce616/lab10_regression/lab10/sim/regression/htax_regress.acoskuner500.22_11_28_19_48_46_6421/chain_0/.9c94e1da-1d53-46b9-bbca-0b6833a2f50b.chunk
printing to file: /home/grads/a/acoskuner500/csce616/lab10_regression/lab10/sim/regression/htax_regress.acoskuner500.22_11_28_19_48_46_6421/htax_regress.vsof
runs data dir is: /home/vmanager/vmgr_2003profile/chunks/projects/vmgr
Chunk name is: /home/vmanager/vmgr_2003profile/chunks/projects/vmgr/of_sessions/htax_regress.acoskuner500.22_11_28_19_48_46_6421/60_28c23f76-6f88-11ed-9d96-3f257733cc1f.chunk
From offset: 0
To offset: 4294967295
Mon Nov 28 19:50:14 CST 2022
/opt/coe/cadence/vmanager/tools/vmgr/runner/bin/vm_append_to_vsof.pl
printing from file: /home/grads/a/acoskuner500/csce616/lab10_regression/lab10/sim/regression/htax_regress.acoskuner500.22_11_28_19_48_46_6421/chain_0/.859acc43-c4b1-4622-abb1-f1306da76bb0.chunk
printing to file: /home/grads/a/acoskuner500/csce616/lab10_regression/lab10/sim/regression/htax_regress.acoskuner500.22_11_28_19_48_46_6421/htax_regress.vsof
runs data dir is: /home/vmanager/vmgr_2003profile/chunks/projects/vmgr
Chunk name is: /home/vmanager/vmgr_2003profile/chunks/projects/vmgr/of_sessions/htax_regress.acoskuner500.22_11_28_19_48_46_6421/60_2ab009e4-6f88-11ed-b181-e3c484e194aa.chunk
From offset: 0
To offset: 4294967295
Mon Nov 28 19:50:20 CST 2022
/opt/coe/cadence/vmanager/tools/vmgr/runner/bin/vm_append_to_vsof.pl
printing from file: /home/grads/a/acoskuner500/csce616/lab10_regression/lab10/sim/regression/htax_regress.acoskuner500.22_11_28_19_48_46_6421/chain_0/.bc5269c5-198c-417f-bc9e-fd85d7187b0e.chunk
printing to file: /home/grads/a/acoskuner500/csce616/lab10_regression/lab10/sim/regression/htax_regress.acoskuner500.22_11_28_19_48_46_6421/htax_regress.vsof
runs data dir is: /home/vmanager/vmgr_2003profile/chunks/projects/vmgr
Chunk name is: /home/vmanager/vmgr_2003profile/chunks/projects/vmgr/of_sessions/htax_regress.acoskuner500.22_11_28_19_48_46_6421/60_2e75620e-6f88-11ed-ba55-0703e76296d5.chunk
From offset: 0
To offset: 4294967295
Mon Nov 28 19:50:23 CST 2022
/opt/coe/cadence/vmanager/tools/vmgr/runner/bin/vm_append_to_vsof.pl
printing from file: /home/grads/a/acoskuner500/csce616/lab10_regression/lab10/sim/regression/htax_regress.acoskuner500.22_11_28_19_48_46_6421/chain_0/.d80051b8-f378-4085-a76d-0fe5451efaab.chunk
printing to file: /home/grads/a/acoskuner500/csce616/lab10_regression/lab10/sim/regression/htax_regress.acoskuner500.22_11_28_19_48_46_6421/htax_regress.vsof
runs data dir is: /home/vmanager/vmgr_2003profile/chunks/projects/vmgr
Chunk name is: /home/vmanager/vmgr_2003profile/chunks/projects/vmgr/of_sessions/htax_regress.acoskuner500.22_11_28_19_48_46_6421/60_305fed82-6f88-11ed-8bf1-7bd2a244c322.chunk
From offset: 0
To offset: 4294967295
Mon Nov 28 19:50:32 CST 2022
/opt/coe/cadence/vmanager/tools/vmgr/runner/bin/vm_append_to_vsof.pl
printing from file: /home/grads/a/acoskuner500/csce616/lab10_regression/lab10/sim/regression/htax_regress.acoskuner500.22_11_28_19_48_46_6421/chain_0/.17f2e926-dff1-4cae-8d19-6ff27eca8d12.chunk
printing to file: /home/grads/a/acoskuner500/csce616/lab10_regression/lab10/sim/regression/htax_regress.acoskuner500.22_11_28_19_48_46_6421/htax_regress.vsof
runs data dir is: /home/vmanager/vmgr_2003profile/chunks/projects/vmgr
Chunk name is: /home/vmanager/vmgr_2003profile/chunks/projects/vmgr/of_sessions/htax_regress.acoskuner500.22_11_28_19_48_46_6421/60_35da388a-6f88-11ed-b8d3-97ce6a025673.chunk
From offset: 0
To offset: 4294967295
Mon Nov 28 19:50:39 CST 2022
/opt/coe/cadence/vmanager/tools/vmgr/runner/bin/vm_append_to_vsof.pl
printing from file: /home/grads/a/acoskuner500/csce616/lab10_regression/lab10/sim/regression/htax_regress.acoskuner500.22_11_28_19_48_46_6421/chain_0/.063cfb36-35e2-43c5-99c5-13dd3d9a7f1c.chunk
printing to file: /home/grads/a/acoskuner500/csce616/lab10_regression/lab10/sim/regression/htax_regress.acoskuner500.22_11_28_19_48_46_6421/htax_regress.vsof
runs data dir is: /home/vmanager/vmgr_2003profile/chunks/projects/vmgr
Chunk name is: /home/vmanager/vmgr_2003profile/chunks/projects/vmgr/of_sessions/htax_regress.acoskuner500.22_11_28_19_48_46_6421/60_398ae966-6f88-11ed-8b49-bf6c594e3410.chunk
From offset: 0
To offset: 4294967295
Mon Nov 28 19:50:42 CST 2022
/opt/coe/cadence/vmanager/tools/vmgr/runner/bin/vm_append_to_vsof.pl
printing from file: /home/grads/a/acoskuner500/csce616/lab10_regression/lab10/sim/regression/htax_regress.acoskuner500.22_11_28_19_48_46_6421/chain_0/.7f6fa97b-c172-40fc-b338-3d87a7ad3c0c.chunk
printing to file: /home/grads/a/acoskuner500/csce616/lab10_regression/lab10/sim/regression/htax_regress.acoskuner500.22_11_28_19_48_46_6421/htax_regress.vsof
runs data dir is: /home/vmanager/vmgr_2003profile/chunks/projects/vmgr
Chunk name is: /home/vmanager/vmgr_2003profile/chunks/projects/vmgr/of_sessions/htax_regress.acoskuner500.22_11_28_19_48_46_6421/60_3b794934-6f88-11ed-ad8c-8b9139d3290d.chunk
From offset: 0
To offset: 4294967295
Mon Nov 28 19:50:48 CST 2022
/opt/coe/cadence/vmanager/tools/vmgr/runner/bin/vm_append_to_vsof.pl
printing from file: /home/grads/a/acoskuner500/csce616/lab10_regression/lab10/sim/regression/htax_regress.acoskuner500.22_11_28_19_48_46_6421/chain_0/.7352f2de-55c5-4015-8755-06835ef54386.chunk
printing to file: /home/grads/a/acoskuner500/csce616/lab10_regression/lab10/sim/regression/htax_regress.acoskuner500.22_11_28_19_48_46_6421/htax_regress.vsof
runs data dir is: /home/vmanager/vmgr_2003profile/chunks/projects/vmgr
Chunk name is: /home/vmanager/vmgr_2003profile/chunks/projects/vmgr/of_sessions/htax_regress.acoskuner500.22_11_28_19_48_46_6421/60_3f2f2148-6f88-11ed-9dfc-2bb6238c2546.chunk
From offset: 0
To offset: 4294967295
Mon Nov 28 19:51:03 CST 2022
/opt/coe/cadence/vmanager/tools/vmgr/runner/bin/vm_append_to_vsof.pl
printing from file: /home/grads/a/acoskuner500/csce616/lab10_regression/lab10/sim/regression/htax_regress.acoskuner500.22_11_28_19_48_46_6421/chain_0/.f525e460-ddb8-4502-9ec4-250d2e462800.chunk
printing to file: /home/grads/a/acoskuner500/csce616/lab10_regression/lab10/sim/regression/htax_regress.acoskuner500.22_11_28_19_48_46_6421/htax_regress.vsof
runs data dir is: /home/vmanager/vmgr_2003profile/chunks/projects/vmgr
Chunk name is: /home/vmanager/vmgr_2003profile/chunks/projects/vmgr/of_sessions/htax_regress.acoskuner500.22_11_28_19_48_46_6421/60_4848c0b8-6f88-11ed-ae92-b763c294a6c2.chunk
From offset: 0
To offset: 4294967295
Mon Nov 28 19:51:12 CST 2022
/opt/coe/cadence/vmanager/tools/vmgr/runner/bin/vm_append_to_vsof.pl
printing from file: /home/grads/a/acoskuner500/csce616/lab10_regression/lab10/sim/regression/htax_regress.acoskuner500.22_11_28_19_48_46_6421/chain_0/.28a230a1-403c-46f2-b8ad-56c6ff21ee93.chunk
printing to file: /home/grads/a/acoskuner500/csce616/lab10_regression/lab10/sim/regression/htax_regress.acoskuner500.22_11_28_19_48_46_6421/htax_regress.vsof
runs data dir is: /home/vmanager/vmgr_2003profile/chunks/projects/vmgr
Chunk name is: /home/vmanager/vmgr_2003profile/chunks/projects/vmgr/of_sessions/htax_regress.acoskuner500.22_11_28_19_48_46_6421/60_4dc06e4c-6f88-11ed-a8a4-0be82f412297.chunk
From offset: 0
To offset: 4294967295
Mon Nov 28 19:51:22 CST 2022
/opt/coe/cadence/vmanager/tools/vmgr/runner/bin/vm_append_to_vsof.pl
printing from file: /home/grads/a/acoskuner500/csce616/lab10_regression/lab10/sim/regression/htax_regress.acoskuner500.22_11_28_19_48_46_6421/chain_0/.550bb95c-5661-4f8f-b08e-1cbfff4f17ca.chunk
printing to file: /home/grads/a/acoskuner500/csce616/lab10_regression/lab10/sim/regression/htax_regress.acoskuner500.22_11_28_19_48_46_6421/htax_regress.vsof
runs data dir is: /home/vmanager/vmgr_2003profile/chunks/projects/vmgr
Chunk name is: /home/vmanager/vmgr_2003profile/chunks/projects/vmgr/of_sessions/htax_regress.acoskuner500.22_11_28_19_48_46_6421/60_53473ab2-6f88-11ed-9087-7be0f32d7bae.chunk
From offset: 0
To offset: 4294967295
Mon Nov 28 19:51:31 CST 2022
/opt/coe/cadence/vmanager/tools/vmgr/runner/bin/vm_append_to_vsof.pl
printing from file: /home/grads/a/acoskuner500/csce616/lab10_regression/lab10/sim/regression/htax_regress.acoskuner500.22_11_28_19_48_46_6421/chain_0/.a61f32b2-2465-424f-9882-2067960cf4ac.chunk
printing to file: /home/grads/a/acoskuner500/csce616/lab10_regression/lab10/sim/regression/htax_regress.acoskuner500.22_11_28_19_48_46_6421/htax_regress.vsof
runs data dir is: /home/vmanager/vmgr_2003profile/chunks/projects/vmgr
Chunk name is: /home/vmanager/vmgr_2003profile/chunks/projects/vmgr/of_sessions/htax_regress.acoskuner500.22_11_28_19_48_46_6421/60_58cb6ae4-6f88-11ed-9db0-2ff2d5869b63.chunk
From offset: 0
To offset: 4294967295
Mon Nov 28 19:51:38 CST 2022
/opt/coe/cadence/vmanager/tools/vmgr/runner/bin/vm_append_to_vsof.pl
printing from file: /home/grads/a/acoskuner500/csce616/lab10_regression/lab10/sim/regression/htax_regress.acoskuner500.22_11_28_19_48_46_6421/chain_0/.f56ccf41-ac03-4461-9a70-df76658de34c.chunk
printing to file: /home/grads/a/acoskuner500/csce616/lab10_regression/lab10/sim/regression/htax_regress.acoskuner500.22_11_28_19_48_46_6421/htax_regress.vsof
runs data dir is: /home/vmanager/vmgr_2003profile/chunks/projects/vmgr
Chunk name is: /home/vmanager/vmgr_2003profile/chunks/projects/vmgr/of_sessions/htax_regress.acoskuner500.22_11_28_19_48_46_6421/60_5d0ca6d6-6f88-11ed-8339-67e04991b6d6.chunk
From offset: 0
To offset: 4294967295
Mon Nov 28 19:51:40 CST 2022
/opt/coe/cadence/vmanager/tools/vmgr/runner/bin/vm_append_to_vsof.pl
printing from file: /home/grads/a/acoskuner500/csce616/lab10_regression/lab10/sim/regression/htax_regress.acoskuner500.22_11_28_19_48_46_6421/chain_0/.post_session_script_data.txt
printing to file: /home/grads/a/acoskuner500/csce616/lab10_regression/lab10/sim/regression/htax_regress.acoskuner500.22_11_28_19_48_46_6421/htax_regress.vsof
runs data dir is: /home/vmanager/vmgr_2003profile/chunks/projects/vmgr
Chunk name is: /home/vmanager/vmgr_2003profile/chunks/projects/vmgr/of_sessions/htax_regress.acoskuner500.22_11_28_19_48_46_6421/55_5e11ae6e-6f88-11ed-b049-bb35a20328d8.chunk
From offset: 0
To offset: 4294967295
Mon Nov 28 19:51:41 CST 2022
/opt/coe/cadence/vmanager/tools/vmgr/runner/bin/vm_append_to_vsof.pl
printing from file: /home/grads/a/acoskuner500/csce616/lab10_regression/lab10/sim/regression/htax_regress.acoskuner500.22_11_28_19_48_46_6421/chain_0/.post_session_script_data2.txt
printing to file: /home/grads/a/acoskuner500/csce616/lab10_regression/lab10/sim/regression/htax_regress.acoskuner500.22_11_28_19_48_46_6421/htax_regress.vsof
runs data dir is: /home/vmanager/vmgr_2003profile/chunks/projects/vmgr
Chunk name is: /home/vmanager/vmgr_2003profile/chunks/projects/vmgr/of_sessions/htax_regress.acoskuner500.22_11_28_19_48_46_6421/55_5ea60cee-6f88-11ed-91cb-7b28ef6dbdc2.chunk
From offset: 0
To offset: 4294967295
