Sat Nov 26 17:14:17 CST 2022
/opt/coe/cadence/vmanager/tools/vmgr/runner/bin/vm_append_to_vsof.pl
printing from file: /home/grads/a/acoskuner500/csce616/lab10_regression/lab10/sim/regression/htax_regress.acoskuner500.22_11_26_17_14_06_3691/chain_0/tmp.txt
printing to file: /home/grads/a/acoskuner500/csce616/lab10_regression/lab10/sim/regression/htax_regress.acoskuner500.22_11_26_17_14_06_3691/htax_regress.vsof
runs data dir is: /home/vmanager/vmgr_2003profile/chunks/projects/vmgr
Chunk name is: /home/vmanager/vmgr_2003profile/chunks/projects/vmgr/of_sessions/htax_regress.acoskuner500.22_11_26_17_14_06_3691/10_0cf62cac-6de0-11ed-8c6d-876902b755ca.chunk
From offset: 0
To offset: 4294967295
Sat Nov 26 17:14:18 CST 2022
/opt/coe/cadence/vmanager/tools/vmgr/runner/bin/vm_append_to_vsof.pl
printing from file: /home/grads/a/acoskuner500/csce616/lab10_regression/lab10/sim/regression/htax_regress.acoskuner500.22_11_26_17_14_06_3691/chain_0/.pre_session_script_data.txt
printing to file: /home/grads/a/acoskuner500/csce616/lab10_regression/lab10/sim/regression/htax_regress.acoskuner500.22_11_26_17_14_06_3691/htax_regress.vsof
runs data dir is: /home/vmanager/vmgr_2003profile/chunks/projects/vmgr
Chunk name is: /home/vmanager/vmgr_2003profile/chunks/projects/vmgr/of_sessions/htax_regress.acoskuner500.22_11_26_17_14_06_3691/10_0d725f20-6de0-11ed-b955-af1429a2f302.chunk
From offset: 0
To offset: 4294967295
Sat Nov 26 17:14:19 CST 2022
/opt/coe/cadence/vmanager/tools/vmgr/runner/bin/vm_append_to_vsof.pl
printing from file: /home/grads/a/acoskuner500/csce616/lab10_regression/lab10/sim/regression/htax_regress.acoskuner500.22_11_26_17_14_06_3691/chain_0/.ec2b699a-9f35-45f7-b170-c5d75dbdf586.chunk
printing to file: /home/grads/a/acoskuner500/csce616/lab10_regression/lab10/sim/regression/htax_regress.acoskuner500.22_11_26_17_14_06_3691/htax_regress.vsof
runs data dir is: /home/vmanager/vmgr_2003profile/chunks/projects/vmgr
Chunk name is: /home/vmanager/vmgr_2003profile/chunks/projects/vmgr/of_sessions/htax_regress.acoskuner500.22_11_26_17_14_06_3691/60_0e3f758c-6de0-11ed-884a-2bfc6a1b6ec2.chunk
From offset: 0
To offset: 4294967295
Sat Nov 26 17:14:25 CST 2022
/opt/coe/cadence/vmanager/tools/vmgr/runner/bin/vm_append_to_vsof.pl
printing from file: /home/grads/a/acoskuner500/csce616/lab10_regression/lab10/sim/regression/htax_regress.acoskuner500.22_11_26_17_14_06_3691/chain_0/.77bd68c6-7173-4dee-afb0-37b349f2ceb3.chunk
printing to file: /home/grads/a/acoskuner500/csce616/lab10_regression/lab10/sim/regression/htax_regress.acoskuner500.22_11_26_17_14_06_3691/htax_regress.vsof
runs data dir is: /home/vmanager/vmgr_2003profile/chunks/projects/vmgr
Chunk name is: /home/vmanager/vmgr_2003profile/chunks/projects/vmgr/of_sessions/htax_regress.acoskuner500.22_11_26_17_14_06_3691/60_11e85ca8-6de0-11ed-a084-3717bb4039e9.chunk
From offset: 0
To offset: 4294967295
Sat Nov 26 17:14:32 CST 2022
/opt/coe/cadence/vmanager/tools/vmgr/runner/bin/vm_append_to_vsof.pl
printing from file: /home/grads/a/acoskuner500/csce616/lab10_regression/lab10/sim/regression/htax_regress.acoskuner500.22_11_26_17_14_06_3691/chain_0/.afa64663-2a58-4cd8-a064-60fdc5bd5e8b.chunk
printing to file: /home/grads/a/acoskuner500/csce616/lab10_regression/lab10/sim/regression/htax_regress.acoskuner500.22_11_26_17_14_06_3691/htax_regress.vsof
runs data dir is: /home/vmanager/vmgr_2003profile/chunks/projects/vmgr
Chunk name is: /home/vmanager/vmgr_2003profile/chunks/projects/vmgr/of_sessions/htax_regress.acoskuner500.22_11_26_17_14_06_3691/60_15913ea6-6de0-11ed-8389-0bcdbd85a973.chunk
From offset: 0
To offset: 4294967295
Sat Nov 26 17:14:38 CST 2022
/opt/coe/cadence/vmanager/tools/vmgr/runner/bin/vm_append_to_vsof.pl
printing from file: /home/grads/a/acoskuner500/csce616/lab10_regression/lab10/sim/regression/htax_regress.acoskuner500.22_11_26_17_14_06_3691/chain_0/.8ffe466c-85b4-4d52-805d-a148d964781d.chunk
printing to file: /home/grads/a/acoskuner500/csce616/lab10_regression/lab10/sim/regression/htax_regress.acoskuner500.22_11_26_17_14_06_3691/htax_regress.vsof
runs data dir is: /home/vmanager/vmgr_2003profile/chunks/projects/vmgr
Chunk name is: /home/vmanager/vmgr_2003profile/chunks/projects/vmgr/of_sessions/htax_regress.acoskuner500.22_11_26_17_14_06_3691/60_193a958e-6de0-11ed-b3f1-5f6d799594ec.chunk
From offset: 0
To offset: 4294967295
Sat Nov 26 17:14:41 CST 2022
/opt/coe/cadence/vmanager/tools/vmgr/runner/bin/vm_append_to_vsof.pl
printing from file: /home/grads/a/acoskuner500/csce616/lab10_regression/lab10/sim/regression/htax_regress.acoskuner500.22_11_26_17_14_06_3691/chain_0/.e48f96c0-46ff-4603-ba42-bb110cbc7a77.chunk
printing to file: /home/grads/a/acoskuner500/csce616/lab10_regression/lab10/sim/regression/htax_regress.acoskuner500.22_11_26_17_14_06_3691/htax_regress.vsof
runs data dir is: /home/vmanager/vmgr_2003profile/chunks/projects/vmgr
Chunk name is: /home/vmanager/vmgr_2003profile/chunks/projects/vmgr/of_sessions/htax_regress.acoskuner500.22_11_26_17_14_06_3691/60_1b1a3fe4-6de0-11ed-88c4-633dc2017c14.chunk
From offset: 0
To offset: 4294967295
Sat Nov 26 17:14:47 CST 2022
/opt/coe/cadence/vmanager/tools/vmgr/runner/bin/vm_append_to_vsof.pl
printing from file: /home/grads/a/acoskuner500/csce616/lab10_regression/lab10/sim/regression/htax_regress.acoskuner500.22_11_26_17_14_06_3691/chain_0/.019656f1-6af7-4382-b229-c1ac5c696187.chunk
printing to file: /home/grads/a/acoskuner500/csce616/lab10_regression/lab10/sim/regression/htax_regress.acoskuner500.22_11_26_17_14_06_3691/htax_regress.vsof
runs data dir is: /home/vmanager/vmgr_2003profile/chunks/projects/vmgr
Chunk name is: /home/vmanager/vmgr_2003profile/chunks/projects/vmgr/of_sessions/htax_regress.acoskuner500.22_11_26_17_14_06_3691/60_1ec324b2-6de0-11ed-a6f1-9f0adce39281.chunk
From offset: 0
To offset: 4294967295
Sat Nov 26 17:14:53 CST 2022
/opt/coe/cadence/vmanager/tools/vmgr/runner/bin/vm_append_to_vsof.pl
printing from file: /home/grads/a/acoskuner500/csce616/lab10_regression/lab10/sim/regression/htax_regress.acoskuner500.22_11_26_17_14_06_3691/chain_0/.37fb4761-18d5-4580-92ac-210953ce2909.chunk
printing to file: /home/grads/a/acoskuner500/csce616/lab10_regression/lab10/sim/regression/htax_regress.acoskuner500.22_11_26_17_14_06_3691/htax_regress.vsof
runs data dir is: /home/vmanager/vmgr_2003profile/chunks/projects/vmgr
Chunk name is: /home/vmanager/vmgr_2003profile/chunks/projects/vmgr/of_sessions/htax_regress.acoskuner500.22_11_26_17_14_06_3691/60_226bdd66-6de0-11ed-a147-77627fff85e0.chunk
From offset: 0
To offset: 4294967295
Sat Nov 26 17:15:02 CST 2022
/opt/coe/cadence/vmanager/tools/vmgr/runner/bin/vm_append_to_vsof.pl
printing from file: /home/grads/a/acoskuner500/csce616/lab10_regression/lab10/sim/regression/htax_regress.acoskuner500.22_11_26_17_14_06_3691/chain_0/.a8b79c05-4314-4bf3-a92c-ea606235ca69.chunk
printing to file: /home/grads/a/acoskuner500/csce616/lab10_regression/lab10/sim/regression/htax_regress.acoskuner500.22_11_26_17_14_06_3691/htax_regress.vsof
runs data dir is: /home/vmanager/vmgr_2003profile/chunks/projects/vmgr
Chunk name is: /home/vmanager/vmgr_2003profile/chunks/projects/vmgr/of_sessions/htax_regress.acoskuner500.22_11_26_17_14_06_3691/60_27e46f2e-6de0-11ed-9197-fb245301ee84.chunk
From offset: 0
To offset: 4294967295
Sat Nov 26 17:15:08 CST 2022
/opt/coe/cadence/vmanager/tools/vmgr/runner/bin/vm_append_to_vsof.pl
printing from file: /home/grads/a/acoskuner500/csce616/lab10_regression/lab10/sim/regression/htax_regress.acoskuner500.22_11_26_17_14_06_3691/chain_0/.b97175bf-1be1-4df7-8939-83b02beaed39.chunk
printing to file: /home/grads/a/acoskuner500/csce616/lab10_regression/lab10/sim/regression/htax_regress.acoskuner500.22_11_26_17_14_06_3691/htax_regress.vsof
runs data dir is: /home/vmanager/vmgr_2003profile/chunks/projects/vmgr
Chunk name is: /home/vmanager/vmgr_2003profile/chunks/projects/vmgr/of_sessions/htax_regress.acoskuner500.22_11_26_17_14_06_3691/60_2b920ca8-6de0-11ed-9bc5-3fb7784bdd29.chunk
From offset: 0
To offset: 4294967295
Sat Nov 26 17:15:15 CST 2022
/opt/coe/cadence/vmanager/tools/vmgr/runner/bin/vm_append_to_vsof.pl
printing from file: /home/grads/a/acoskuner500/csce616/lab10_regression/lab10/sim/regression/htax_regress.acoskuner500.22_11_26_17_14_06_3691/chain_0/.35bfe3da-9934-47e7-860e-88e603a466da.chunk
printing to file: /home/grads/a/acoskuner500/csce616/lab10_regression/lab10/sim/regression/htax_regress.acoskuner500.22_11_26_17_14_06_3691/htax_regress.vsof
runs data dir is: /home/vmanager/vmgr_2003profile/chunks/projects/vmgr
Chunk name is: /home/vmanager/vmgr_2003profile/chunks/projects/vmgr/of_sessions/htax_regress.acoskuner500.22_11_26_17_14_06_3691/60_2f3b07c4-6de0-11ed-a68b-8f3677df8ac6.chunk
From offset: 0
To offset: 4294967295
Sat Nov 26 17:15:21 CST 2022
/opt/coe/cadence/vmanager/tools/vmgr/runner/bin/vm_append_to_vsof.pl
printing from file: /home/grads/a/acoskuner500/csce616/lab10_regression/lab10/sim/regression/htax_regress.acoskuner500.22_11_26_17_14_06_3691/chain_0/.cbb6035a-9fac-4a90-a298-67ac2fe92e9c.chunk
printing to file: /home/grads/a/acoskuner500/csce616/lab10_regression/lab10/sim/regression/htax_regress.acoskuner500.22_11_26_17_14_06_3691/htax_regress.vsof
runs data dir is: /home/vmanager/vmgr_2003profile/chunks/projects/vmgr
Chunk name is: /home/vmanager/vmgr_2003profile/chunks/projects/vmgr/of_sessions/htax_regress.acoskuner500.22_11_26_17_14_06_3691/60_32e4a362-6de0-11ed-9a8f-a33541120740.chunk
From offset: 0
To offset: 4294967295
Sat Nov 26 17:15:24 CST 2022
/opt/coe/cadence/vmanager/tools/vmgr/runner/bin/vm_append_to_vsof.pl
printing from file: /home/grads/a/acoskuner500/csce616/lab10_regression/lab10/sim/regression/htax_regress.acoskuner500.22_11_26_17_14_06_3691/chain_0/.f7bf4059-d62a-4ed9-a18f-e4e5353318ff.chunk
printing to file: /home/grads/a/acoskuner500/csce616/lab10_regression/lab10/sim/regression/htax_regress.acoskuner500.22_11_26_17_14_06_3691/htax_regress.vsof
runs data dir is: /home/vmanager/vmgr_2003profile/chunks/projects/vmgr
Chunk name is: /home/vmanager/vmgr_2003profile/chunks/projects/vmgr/of_sessions/htax_regress.acoskuner500.22_11_26_17_14_06_3691/60_34c386e4-6de0-11ed-bea8-df944da8b81c.chunk
From offset: 0
To offset: 4294967295
Sat Nov 26 17:15:27 CST 2022
/opt/coe/cadence/vmanager/tools/vmgr/runner/bin/vm_append_to_vsof.pl
printing from file: /home/grads/a/acoskuner500/csce616/lab10_regression/lab10/sim/regression/htax_regress.acoskuner500.22_11_26_17_14_06_3691/chain_0/.fb84dc42-362d-4df6-b209-345c1bcdc7d2.chunk
printing to file: /home/grads/a/acoskuner500/csce616/lab10_regression/lab10/sim/regression/htax_regress.acoskuner500.22_11_26_17_14_06_3691/htax_regress.vsof
runs data dir is: /home/vmanager/vmgr_2003profile/chunks/projects/vmgr
Chunk name is: /home/vmanager/vmgr_2003profile/chunks/projects/vmgr/of_sessions/htax_regress.acoskuner500.22_11_26_17_14_06_3691/60_36a27254-6de0-11ed-a1ca-c7ced9f25386.chunk
From offset: 0
To offset: 4294967295
Sat Nov 26 17:15:30 CST 2022
/opt/coe/cadence/vmanager/tools/vmgr/runner/bin/vm_append_to_vsof.pl
printing from file: /home/grads/a/acoskuner500/csce616/lab10_regression/lab10/sim/regression/htax_regress.acoskuner500.22_11_26_17_14_06_3691/chain_0/.824a52c8-6e1f-4c6e-8439-1cdcb7ca8938.chunk
printing to file: /home/grads/a/acoskuner500/csce616/lab10_regression/lab10/sim/regression/htax_regress.acoskuner500.22_11_26_17_14_06_3691/htax_regress.vsof
runs data dir is: /home/vmanager/vmgr_2003profile/chunks/projects/vmgr
Chunk name is: /home/vmanager/vmgr_2003profile/chunks/projects/vmgr/of_sessions/htax_regress.acoskuner500.22_11_26_17_14_06_3691/60_3881796c-6de0-11ed-82ef-bfb9da8b0865.chunk
From offset: 0
To offset: 4294967295
Sat Nov 26 17:15:39 CST 2022
/opt/coe/cadence/vmanager/tools/vmgr/runner/bin/vm_append_to_vsof.pl
printing from file: /home/grads/a/acoskuner500/csce616/lab10_regression/lab10/sim/regression/htax_regress.acoskuner500.22_11_26_17_14_06_3691/chain_0/.09fa0670-be2e-45da-acda-9692483a05e3.chunk
printing to file: /home/grads/a/acoskuner500/csce616/lab10_regression/lab10/sim/regression/htax_regress.acoskuner500.22_11_26_17_14_06_3691/htax_regress.vsof
runs data dir is: /home/vmanager/vmgr_2003profile/chunks/projects/vmgr
Chunk name is: /home/vmanager/vmgr_2003profile/chunks/projects/vmgr/of_sessions/htax_regress.acoskuner500.22_11_26_17_14_06_3691/60_3df4e532-6de0-11ed-a172-071e023822bb.chunk
From offset: 0
To offset: 4294967295
Sat Nov 26 17:15:42 CST 2022
/opt/coe/cadence/vmanager/tools/vmgr/runner/bin/vm_append_to_vsof.pl
printing from file: /home/grads/a/acoskuner500/csce616/lab10_regression/lab10/sim/regression/htax_regress.acoskuner500.22_11_26_17_14_06_3691/chain_0/.4ecaf0b1-bbd0-4cf5-a26b-0f7b48e22ca2.chunk
printing to file: /home/grads/a/acoskuner500/csce616/lab10_regression/lab10/sim/regression/htax_regress.acoskuner500.22_11_26_17_14_06_3691/htax_regress.vsof
runs data dir is: /home/vmanager/vmgr_2003profile/chunks/projects/vmgr
Chunk name is: /home/vmanager/vmgr_2003profile/chunks/projects/vmgr/of_sessions/htax_regress.acoskuner500.22_11_26_17_14_06_3691/60_3fd603ae-6de0-11ed-9859-575b6eb8aad9.chunk
From offset: 0
To offset: 4294967295
Sat Nov 26 17:15:46 CST 2022
/opt/coe/cadence/vmanager/tools/vmgr/runner/bin/vm_append_to_vsof.pl
printing from file: /home/grads/a/acoskuner500/csce616/lab10_regression/lab10/sim/regression/htax_regress.acoskuner500.22_11_26_17_14_06_3691/chain_0/.48d39565-e252-4c34-a263-be553443ee04.chunk
printing to file: /home/grads/a/acoskuner500/csce616/lab10_regression/lab10/sim/regression/htax_regress.acoskuner500.22_11_26_17_14_06_3691/htax_regress.vsof
runs data dir is: /home/vmanager/vmgr_2003profile/chunks/projects/vmgr
Chunk name is: /home/vmanager/vmgr_2003profile/chunks/projects/vmgr/of_sessions/htax_regress.acoskuner500.22_11_26_17_14_06_3691/60_41b76c76-6de0-11ed-b1b9-0335ad126774.chunk
From offset: 0
To offset: 4294967295
Sat Nov 26 17:15:49 CST 2022
/opt/coe/cadence/vmanager/tools/vmgr/runner/bin/vm_append_to_vsof.pl
printing from file: /home/grads/a/acoskuner500/csce616/lab10_regression/lab10/sim/regression/htax_regress.acoskuner500.22_11_26_17_14_06_3691/chain_0/.5dd3b226-6067-4c17-aecf-d8f20206d373.chunk
printing to file: /home/grads/a/acoskuner500/csce616/lab10_regression/lab10/sim/regression/htax_regress.acoskuner500.22_11_26_17_14_06_3691/htax_regress.vsof
runs data dir is: /home/vmanager/vmgr_2003profile/chunks/projects/vmgr
Chunk name is: /home/vmanager/vmgr_2003profile/chunks/projects/vmgr/of_sessions/htax_regress.acoskuner500.22_11_26_17_14_06_3691/60_4396cbd6-6de0-11ed-8bb2-874c41e8d793.chunk
From offset: 0
To offset: 4294967295
Sat Nov 26 17:15:55 CST 2022
/opt/coe/cadence/vmanager/tools/vmgr/runner/bin/vm_append_to_vsof.pl
printing from file: /home/grads/a/acoskuner500/csce616/lab10_regression/lab10/sim/regression/htax_regress.acoskuner500.22_11_26_17_14_06_3691/chain_0/.d1d75cee-08be-4b3e-a501-b1cc195d2682.chunk
printing to file: /home/grads/a/acoskuner500/csce616/lab10_regression/lab10/sim/regression/htax_regress.acoskuner500.22_11_26_17_14_06_3691/htax_regress.vsof
runs data dir is: /home/vmanager/vmgr_2003profile/chunks/projects/vmgr
Chunk name is: /home/vmanager/vmgr_2003profile/chunks/projects/vmgr/of_sessions/htax_regress.acoskuner500.22_11_26_17_14_06_3691/60_473ff096-6de0-11ed-8ca5-5bbe6de822cb.chunk
From offset: 0
To offset: 4294967295
Sat Nov 26 17:16:01 CST 2022
/opt/coe/cadence/vmanager/tools/vmgr/runner/bin/vm_append_to_vsof.pl
printing from file: /home/grads/a/acoskuner500/csce616/lab10_regression/lab10/sim/regression/htax_regress.acoskuner500.22_11_26_17_14_06_3691/chain_0/.a61694f4-1d87-42df-ac72-bcc682841c32.chunk
printing to file: /home/grads/a/acoskuner500/csce616/lab10_regression/lab10/sim/regression/htax_regress.acoskuner500.22_11_26_17_14_06_3691/htax_regress.vsof
runs data dir is: /home/vmanager/vmgr_2003profile/chunks/projects/vmgr
Chunk name is: /home/vmanager/vmgr_2003profile/chunks/projects/vmgr/of_sessions/htax_regress.acoskuner500.22_11_26_17_14_06_3691/60_4aeb9a42-6de0-11ed-9ec4-17c3d74597ae.chunk
From offset: 0
To offset: 4294967295
Sat Nov 26 17:16:07 CST 2022
/opt/coe/cadence/vmanager/tools/vmgr/runner/bin/vm_append_to_vsof.pl
printing from file: /home/grads/a/acoskuner500/csce616/lab10_regression/lab10/sim/regression/htax_regress.acoskuner500.22_11_26_17_14_06_3691/chain_0/.6b492284-1247-4901-b400-acf5f3dc1ffb.chunk
printing to file: /home/grads/a/acoskuner500/csce616/lab10_regression/lab10/sim/regression/htax_regress.acoskuner500.22_11_26_17_14_06_3691/htax_regress.vsof
runs data dir is: /home/vmanager/vmgr_2003profile/chunks/projects/vmgr
Chunk name is: /home/vmanager/vmgr_2003profile/chunks/projects/vmgr/of_sessions/htax_regress.acoskuner500.22_11_26_17_14_06_3691/60_4e946084-6de0-11ed-97b0-87f72f174c1e.chunk
From offset: 0
To offset: 4294967295
Sat Nov 26 17:16:13 CST 2022
/opt/coe/cadence/vmanager/tools/vmgr/runner/bin/vm_append_to_vsof.pl
printing from file: /home/grads/a/acoskuner500/csce616/lab10_regression/lab10/sim/regression/htax_regress.acoskuner500.22_11_26_17_14_06_3691/chain_0/.025750c1-4260-4546-9981-ebac0b3e4f5b.chunk
printing to file: /home/grads/a/acoskuner500/csce616/lab10_regression/lab10/sim/regression/htax_regress.acoskuner500.22_11_26_17_14_06_3691/htax_regress.vsof
runs data dir is: /home/vmanager/vmgr_2003profile/chunks/projects/vmgr
Chunk name is: /home/vmanager/vmgr_2003profile/chunks/projects/vmgr/of_sessions/htax_regress.acoskuner500.22_11_26_17_14_06_3691/60_523dcb30-6de0-11ed-82e6-dfbfff3aaeda.chunk
From offset: 0
To offset: 4294967295
Sat Nov 26 17:16:19 CST 2022
/opt/coe/cadence/vmanager/tools/vmgr/runner/bin/vm_append_to_vsof.pl
printing from file: /home/grads/a/acoskuner500/csce616/lab10_regression/lab10/sim/regression/htax_regress.acoskuner500.22_11_26_17_14_06_3691/chain_0/.defb731a-f06a-4067-ac86-424c047fe5e8.chunk
printing to file: /home/grads/a/acoskuner500/csce616/lab10_regression/lab10/sim/regression/htax_regress.acoskuner500.22_11_26_17_14_06_3691/htax_regress.vsof
runs data dir is: /home/vmanager/vmgr_2003profile/chunks/projects/vmgr
Chunk name is: /home/vmanager/vmgr_2003profile/chunks/projects/vmgr/of_sessions/htax_regress.acoskuner500.22_11_26_17_14_06_3691/60_55e7d7bc-6de0-11ed-b46e-47dfaac8d18f.chunk
From offset: 0
To offset: 4294967295
Sat Nov 26 17:16:23 CST 2022
/opt/coe/cadence/vmanager/tools/vmgr/runner/bin/vm_append_to_vsof.pl
printing from file: /home/grads/a/acoskuner500/csce616/lab10_regression/lab10/sim/regression/htax_regress.acoskuner500.22_11_26_17_14_06_3691/chain_0/.56ca0604-3d54-46f9-a5b6-16dbb1c42245.chunk
printing to file: /home/grads/a/acoskuner500/csce616/lab10_regression/lab10/sim/regression/htax_regress.acoskuner500.22_11_26_17_14_06_3691/htax_regress.vsof
runs data dir is: /home/vmanager/vmgr_2003profile/chunks/projects/vmgr
Chunk name is: /home/vmanager/vmgr_2003profile/chunks/projects/vmgr/of_sessions/htax_regress.acoskuner500.22_11_26_17_14_06_3691/60_57c8345a-6de0-11ed-8f01-f746348d3904.chunk
From offset: 0
To offset: 4294967295
Sat Nov 26 17:16:26 CST 2022
/opt/coe/cadence/vmanager/tools/vmgr/runner/bin/vm_append_to_vsof.pl
printing from file: /home/grads/a/acoskuner500/csce616/lab10_regression/lab10/sim/regression/htax_regress.acoskuner500.22_11_26_17_14_06_3691/chain_0/.edc2ec64-5acf-420d-83e9-fea7885aae6b.chunk
printing to file: /home/grads/a/acoskuner500/csce616/lab10_regression/lab10/sim/regression/htax_regress.acoskuner500.22_11_26_17_14_06_3691/htax_regress.vsof
runs data dir is: /home/vmanager/vmgr_2003profile/chunks/projects/vmgr
Chunk name is: /home/vmanager/vmgr_2003profile/chunks/projects/vmgr/of_sessions/htax_regress.acoskuner500.22_11_26_17_14_06_3691/60_59a74586-6de0-11ed-bcb5-f7549476b593.chunk
From offset: 0
To offset: 4294967295
Sat Nov 26 17:16:32 CST 2022
/opt/coe/cadence/vmanager/tools/vmgr/runner/bin/vm_append_to_vsof.pl
printing from file: /home/grads/a/acoskuner500/csce616/lab10_regression/lab10/sim/regression/htax_regress.acoskuner500.22_11_26_17_14_06_3691/chain_0/.f31d8eb9-4cd1-4f2d-bfa2-30f1c78a8f2f.chunk
printing to file: /home/grads/a/acoskuner500/csce616/lab10_regression/lab10/sim/regression/htax_regress.acoskuner500.22_11_26_17_14_06_3691/htax_regress.vsof
runs data dir is: /home/vmanager/vmgr_2003profile/chunks/projects/vmgr
Chunk name is: /home/vmanager/vmgr_2003profile/chunks/projects/vmgr/of_sessions/htax_regress.acoskuner500.22_11_26_17_14_06_3691/60_5d50a1fa-6de0-11ed-a82d-4fd44ec8e8eb.chunk
From offset: 0
To offset: 4294967295
Sat Nov 26 17:16:35 CST 2022
/opt/coe/cadence/vmanager/tools/vmgr/runner/bin/vm_append_to_vsof.pl
printing from file: /home/grads/a/acoskuner500/csce616/lab10_regression/lab10/sim/regression/htax_regress.acoskuner500.22_11_26_17_14_06_3691/chain_0/.24441a6e-c942-4a17-821e-6446c486be40.chunk
printing to file: /home/grads/a/acoskuner500/csce616/lab10_regression/lab10/sim/regression/htax_regress.acoskuner500.22_11_26_17_14_06_3691/htax_regress.vsof
runs data dir is: /home/vmanager/vmgr_2003profile/chunks/projects/vmgr
Chunk name is: /home/vmanager/vmgr_2003profile/chunks/projects/vmgr/of_sessions/htax_regress.acoskuner500.22_11_26_17_14_06_3691/60_5f375054-6de0-11ed-a82c-a36e9a325976.chunk
From offset: 0
To offset: 4294967295
Sat Nov 26 17:16:38 CST 2022
/opt/coe/cadence/vmanager/tools/vmgr/runner/bin/vm_append_to_vsof.pl
printing from file: /home/grads/a/acoskuner500/csce616/lab10_regression/lab10/sim/regression/htax_regress.acoskuner500.22_11_26_17_14_06_3691/chain_0/.86a1fd0c-c2c3-40be-a751-762993831cb2.chunk
printing to file: /home/grads/a/acoskuner500/csce616/lab10_regression/lab10/sim/regression/htax_regress.acoskuner500.22_11_26_17_14_06_3691/htax_regress.vsof
runs data dir is: /home/vmanager/vmgr_2003profile/chunks/projects/vmgr
Chunk name is: /home/vmanager/vmgr_2003profile/chunks/projects/vmgr/of_sessions/htax_regress.acoskuner500.22_11_26_17_14_06_3691/60_611676de-6de0-11ed-a481-ff091f0d315a.chunk
From offset: 0
To offset: 4294967295
Sat Nov 26 17:16:44 CST 2022
/opt/coe/cadence/vmanager/tools/vmgr/runner/bin/vm_append_to_vsof.pl
printing from file: /home/grads/a/acoskuner500/csce616/lab10_regression/lab10/sim/regression/htax_regress.acoskuner500.22_11_26_17_14_06_3691/chain_0/.2e6d6722-ca72-4f41-b9ff-55c6235d0095.chunk
printing to file: /home/grads/a/acoskuner500/csce616/lab10_regression/lab10/sim/regression/htax_regress.acoskuner500.22_11_26_17_14_06_3691/htax_regress.vsof
runs data dir is: /home/vmanager/vmgr_2003profile/chunks/projects/vmgr
Chunk name is: /home/vmanager/vmgr_2003profile/chunks/projects/vmgr/of_sessions/htax_regress.acoskuner500.22_11_26_17_14_06_3691/60_64bfa8d2-6de0-11ed-9fa0-ef00934e67f1.chunk
From offset: 0
To offset: 4294967295
Sat Nov 26 17:16:48 CST 2022
/opt/coe/cadence/vmanager/tools/vmgr/runner/bin/vm_append_to_vsof.pl
printing from file: /home/grads/a/acoskuner500/csce616/lab10_regression/lab10/sim/regression/htax_regress.acoskuner500.22_11_26_17_14_06_3691/chain_0/.a5c333a3-0033-4da3-a747-a2799868b6b4.chunk
printing to file: /home/grads/a/acoskuner500/csce616/lab10_regression/lab10/sim/regression/htax_regress.acoskuner500.22_11_26_17_14_06_3691/htax_regress.vsof
runs data dir is: /home/vmanager/vmgr_2003profile/chunks/projects/vmgr
Chunk name is: /home/vmanager/vmgr_2003profile/chunks/projects/vmgr/of_sessions/htax_regress.acoskuner500.22_11_26_17_14_06_3691/60_669e64b8-6de0-11ed-88ad-b34e4afe9422.chunk
From offset: 0
To offset: 4294967295
Sat Nov 26 17:16:54 CST 2022
/opt/coe/cadence/vmanager/tools/vmgr/runner/bin/vm_append_to_vsof.pl
printing from file: /home/grads/a/acoskuner500/csce616/lab10_regression/lab10/sim/regression/htax_regress.acoskuner500.22_11_26_17_14_06_3691/chain_0/.0f38d3d2-64a1-44a5-b6f8-469543d31396.chunk
printing to file: /home/grads/a/acoskuner500/csce616/lab10_regression/lab10/sim/regression/htax_regress.acoskuner500.22_11_26_17_14_06_3691/htax_regress.vsof
runs data dir is: /home/vmanager/vmgr_2003profile/chunks/projects/vmgr
Chunk name is: /home/vmanager/vmgr_2003profile/chunks/projects/vmgr/of_sessions/htax_regress.acoskuner500.22_11_26_17_14_06_3691/60_6a47d748-6de0-11ed-99ac-9f9be954223e.chunk
From offset: 0
To offset: 4294967295
Sat Nov 26 17:17:00 CST 2022
/opt/coe/cadence/vmanager/tools/vmgr/runner/bin/vm_append_to_vsof.pl
printing from file: /home/grads/a/acoskuner500/csce616/lab10_regression/lab10/sim/regression/htax_regress.acoskuner500.22_11_26_17_14_06_3691/chain_0/.58bf46f2-5452-4d88-ba9e-2d1821d30ee2.chunk
printing to file: /home/grads/a/acoskuner500/csce616/lab10_regression/lab10/sim/regression/htax_regress.acoskuner500.22_11_26_17_14_06_3691/htax_regress.vsof
runs data dir is: /home/vmanager/vmgr_2003profile/chunks/projects/vmgr
Chunk name is: /home/vmanager/vmgr_2003profile/chunks/projects/vmgr/of_sessions/htax_regress.acoskuner500.22_11_26_17_14_06_3691/60_6df213c2-6de0-11ed-a132-477dae4376ba.chunk
From offset: 0
To offset: 4294967295
Sat Nov 26 17:17:03 CST 2022
/opt/coe/cadence/vmanager/tools/vmgr/runner/bin/vm_append_to_vsof.pl
printing from file: /home/grads/a/acoskuner500/csce616/lab10_regression/lab10/sim/regression/htax_regress.acoskuner500.22_11_26_17_14_06_3691/chain_0/.bd6b4d2d-037e-4baa-9df3-ebe471842361.chunk
printing to file: /home/grads/a/acoskuner500/csce616/lab10_regression/lab10/sim/regression/htax_regress.acoskuner500.22_11_26_17_14_06_3691/htax_regress.vsof
runs data dir is: /home/vmanager/vmgr_2003profile/chunks/projects/vmgr
Chunk name is: /home/vmanager/vmgr_2003profile/chunks/projects/vmgr/of_sessions/htax_regress.acoskuner500.22_11_26_17_14_06_3691/60_6fd15716-6de0-11ed-af2d-ff00822cdd33.chunk
From offset: 0
To offset: 4294967295
Sat Nov 26 17:17:12 CST 2022
/opt/coe/cadence/vmanager/tools/vmgr/runner/bin/vm_append_to_vsof.pl
printing from file: /home/grads/a/acoskuner500/csce616/lab10_regression/lab10/sim/regression/htax_regress.acoskuner500.22_11_26_17_14_06_3691/chain_0/.fd851c88-fa4a-447a-b3fa-5704ce72e87e.chunk
printing to file: /home/grads/a/acoskuner500/csce616/lab10_regression/lab10/sim/regression/htax_regress.acoskuner500.22_11_26_17_14_06_3691/htax_regress.vsof
runs data dir is: /home/vmanager/vmgr_2003profile/chunks/projects/vmgr
Chunk name is: /home/vmanager/vmgr_2003profile/chunks/projects/vmgr/of_sessions/htax_regress.acoskuner500.22_11_26_17_14_06_3691/60_7543f4a6-6de0-11ed-a8ee-2f966be02f6f.chunk
From offset: 0
To offset: 4294967295
Sat Nov 26 17:17:15 CST 2022
/opt/coe/cadence/vmanager/tools/vmgr/runner/bin/vm_append_to_vsof.pl
printing from file: /home/grads/a/acoskuner500/csce616/lab10_regression/lab10/sim/regression/htax_regress.acoskuner500.22_11_26_17_14_06_3691/chain_0/.a4c9684a-5a0b-492b-b7ab-e53e9059270a.chunk
printing to file: /home/grads/a/acoskuner500/csce616/lab10_regression/lab10/sim/regression/htax_regress.acoskuner500.22_11_26_17_14_06_3691/htax_regress.vsof
runs data dir is: /home/vmanager/vmgr_2003profile/chunks/projects/vmgr
Chunk name is: /home/vmanager/vmgr_2003profile/chunks/projects/vmgr/of_sessions/htax_regress.acoskuner500.22_11_26_17_14_06_3691/60_7722dc74-6de0-11ed-bbf3-c7e47fc54ef1.chunk
From offset: 0
To offset: 4294967295
Sat Nov 26 17:17:21 CST 2022
/opt/coe/cadence/vmanager/tools/vmgr/runner/bin/vm_append_to_vsof.pl
printing from file: /home/grads/a/acoskuner500/csce616/lab10_regression/lab10/sim/regression/htax_regress.acoskuner500.22_11_26_17_14_06_3691/chain_0/.3c85e5f6-a630-4c72-b456-1b94562469e8.chunk
printing to file: /home/grads/a/acoskuner500/csce616/lab10_regression/lab10/sim/regression/htax_regress.acoskuner500.22_11_26_17_14_06_3691/htax_regress.vsof
runs data dir is: /home/vmanager/vmgr_2003profile/chunks/projects/vmgr
Chunk name is: /home/vmanager/vmgr_2003profile/chunks/projects/vmgr/of_sessions/htax_regress.acoskuner500.22_11_26_17_14_06_3691/60_7acc3032-6de0-11ed-b205-bb40f34a5c5f.chunk
From offset: 0
To offset: 4294967295
Sat Nov 26 17:17:25 CST 2022
/opt/coe/cadence/vmanager/tools/vmgr/runner/bin/vm_append_to_vsof.pl
printing from file: /home/grads/a/acoskuner500/csce616/lab10_regression/lab10/sim/regression/htax_regress.acoskuner500.22_11_26_17_14_06_3691/chain_0/.d93e01bd-243a-4566-95e1-9cfed2fc4c55.chunk
printing to file: /home/grads/a/acoskuner500/csce616/lab10_regression/lab10/sim/regression/htax_regress.acoskuner500.22_11_26_17_14_06_3691/htax_regress.vsof
runs data dir is: /home/vmanager/vmgr_2003profile/chunks/projects/vmgr
Chunk name is: /home/vmanager/vmgr_2003profile/chunks/projects/vmgr/of_sessions/htax_regress.acoskuner500.22_11_26_17_14_06_3691/60_7cb40550-6de0-11ed-9007-b369b3c5fd6f.chunk
From offset: 0
To offset: 4294967295
Sat Nov 26 17:17:28 CST 2022
/opt/coe/cadence/vmanager/tools/vmgr/runner/bin/vm_append_to_vsof.pl
printing from file: /home/grads/a/acoskuner500/csce616/lab10_regression/lab10/sim/regression/htax_regress.acoskuner500.22_11_26_17_14_06_3691/chain_0/.4a23a0e2-fff3-4119-a798-87bde29e63f9.chunk
printing to file: /home/grads/a/acoskuner500/csce616/lab10_regression/lab10/sim/regression/htax_regress.acoskuner500.22_11_26_17_14_06_3691/htax_regress.vsof
runs data dir is: /home/vmanager/vmgr_2003profile/chunks/projects/vmgr
Chunk name is: /home/vmanager/vmgr_2003profile/chunks/projects/vmgr/of_sessions/htax_regress.acoskuner500.22_11_26_17_14_06_3691/60_7e934502-6de0-11ed-bf28-f7fe354d5ea0.chunk
From offset: 0
To offset: 4294967295
Sat Nov 26 17:17:29 CST 2022
/opt/coe/cadence/vmanager/tools/vmgr/runner/bin/vm_append_to_vsof.pl
printing from file: /home/grads/a/acoskuner500/csce616/lab10_regression/lab10/sim/regression/htax_regress.acoskuner500.22_11_26_17_14_06_3691/chain_0/.43f04dcb-109c-4adf-9a39-b9af30224d26.chunk
printing to file: /home/grads/a/acoskuner500/csce616/lab10_regression/lab10/sim/regression/htax_regress.acoskuner500.22_11_26_17_14_06_3691/htax_regress.vsof
runs data dir is: /home/vmanager/vmgr_2003profile/chunks/projects/vmgr
Chunk name is: /home/vmanager/vmgr_2003profile/chunks/projects/vmgr/of_sessions/htax_regress.acoskuner500.22_11_26_17_14_06_3691/60_7f9b7e92-6de0-11ed-90b6-83c46ec0cc79.chunk
From offset: 0
To offset: 4294967295
Sat Nov 26 17:17:31 CST 2022
/opt/coe/cadence/vmanager/tools/vmgr/runner/bin/vm_append_to_vsof.pl
printing from file: /home/grads/a/acoskuner500/csce616/lab10_regression/lab10/sim/regression/htax_regress.acoskuner500.22_11_26_17_14_06_3691/chain_0/.post_session_script_data.txt
printing to file: /home/grads/a/acoskuner500/csce616/lab10_regression/lab10/sim/regression/htax_regress.acoskuner500.22_11_26_17_14_06_3691/htax_regress.vsof
runs data dir is: /home/vmanager/vmgr_2003profile/chunks/projects/vmgr
Chunk name is: /home/vmanager/vmgr_2003profile/chunks/projects/vmgr/of_sessions/htax_regress.acoskuner500.22_11_26_17_14_06_3691/55_804cf924-6de0-11ed-a05b-8744b0bed1c1.chunk
From offset: 0
To offset: 4294967295
Sat Nov 26 17:17:31 CST 2022
/opt/coe/cadence/vmanager/tools/vmgr/runner/bin/vm_append_to_vsof.pl
printing from file: /home/grads/a/acoskuner500/csce616/lab10_regression/lab10/sim/regression/htax_regress.acoskuner500.22_11_26_17_14_06_3691/chain_0/.post_session_script_data2.txt
printing to file: /home/grads/a/acoskuner500/csce616/lab10_regression/lab10/sim/regression/htax_regress.acoskuner500.22_11_26_17_14_06_3691/htax_regress.vsof
runs data dir is: /home/vmanager/vmgr_2003profile/chunks/projects/vmgr
Chunk name is: /home/vmanager/vmgr_2003profile/chunks/projects/vmgr/of_sessions/htax_regress.acoskuner500.22_11_26_17_14_06_3691/55_80b39d82-6de0-11ed-8f0b-1b0a83f69705.chunk
From offset: 0
To offset: 4294967295
