Sat Nov 26 16:57:37 CST 2022
/opt/coe/cadence/vmanager/tools/vmgr/runner/bin/vm_append_to_vsof.pl
printing from file: /home/grads/a/acoskuner500/csce616/lab10_regression/lab10/sim/regression/htax_regress.acoskuner500.22_11_26_16_57_24_2245/chain_0/tmp.txt
printing to file: /home/grads/a/acoskuner500/csce616/lab10_regression/lab10/sim/regression/htax_regress.acoskuner500.22_11_26_16_57_24_2245/htax_regress.vsof
runs data dir is: /home/vmanager/vmgr_2003profile/chunks/projects/vmgr
Chunk name is: /home/vmanager/vmgr_2003profile/chunks/projects/vmgr/of_sessions/htax_regress.acoskuner500.22_11_26_16_57_24_2245/10_b8a17474-6ddd-11ed-af21-c75bb00e9920.chunk
From offset: 0
To offset: 4294967295
Sat Nov 26 16:57:38 CST 2022
/opt/coe/cadence/vmanager/tools/vmgr/runner/bin/vm_append_to_vsof.pl
printing from file: /home/grads/a/acoskuner500/csce616/lab10_regression/lab10/sim/regression/htax_regress.acoskuner500.22_11_26_16_57_24_2245/chain_0/.pre_session_script_data.txt
printing to file: /home/grads/a/acoskuner500/csce616/lab10_regression/lab10/sim/regression/htax_regress.acoskuner500.22_11_26_16_57_24_2245/htax_regress.vsof
runs data dir is: /home/vmanager/vmgr_2003profile/chunks/projects/vmgr
Chunk name is: /home/vmanager/vmgr_2003profile/chunks/projects/vmgr/of_sessions/htax_regress.acoskuner500.22_11_26_16_57_24_2245/10_b9285304-6ddd-11ed-ac88-7357af5de1af.chunk
From offset: 0
To offset: 4294967295
Sat Nov 26 16:57:38 CST 2022
/opt/coe/cadence/vmanager/tools/vmgr/runner/bin/vm_append_to_vsof.pl
printing from file: /home/grads/a/acoskuner500/csce616/lab10_regression/lab10/sim/regression/htax_regress.acoskuner500.22_11_26_16_57_24_2245/chain_0/.0f05d275-639d-4af7-b3b1-68a2b06f034e.chunk
printing to file: /home/grads/a/acoskuner500/csce616/lab10_regression/lab10/sim/regression/htax_regress.acoskuner500.22_11_26_16_57_24_2245/htax_regress.vsof
runs data dir is: /home/vmanager/vmgr_2003profile/chunks/projects/vmgr
Chunk name is: /home/vmanager/vmgr_2003profile/chunks/projects/vmgr/of_sessions/htax_regress.acoskuner500.22_11_26_16_57_24_2245/60_b9965912-6ddd-11ed-a06b-17c44bdf027d.chunk
From offset: 0
To offset: 4294967295
Sat Nov 26 16:57:44 CST 2022
/opt/coe/cadence/vmanager/tools/vmgr/runner/bin/vm_append_to_vsof.pl
printing from file: /home/grads/a/acoskuner500/csce616/lab10_regression/lab10/sim/regression/htax_regress.acoskuner500.22_11_26_16_57_24_2245/chain_0/.84d29313-de15-4f4c-8c8f-7e331bc24787.chunk
printing to file: /home/grads/a/acoskuner500/csce616/lab10_regression/lab10/sim/regression/htax_regress.acoskuner500.22_11_26_16_57_24_2245/htax_regress.vsof
runs data dir is: /home/vmanager/vmgr_2003profile/chunks/projects/vmgr
Chunk name is: /home/vmanager/vmgr_2003profile/chunks/projects/vmgr/of_sessions/htax_regress.acoskuner500.22_11_26_16_57_24_2245/60_bd41120a-6ddd-11ed-8b1b-535a91e555ad.chunk
From offset: 0
To offset: 4294967295
Sat Nov 26 16:57:51 CST 2022
/opt/coe/cadence/vmanager/tools/vmgr/runner/bin/vm_append_to_vsof.pl
printing from file: /home/grads/a/acoskuner500/csce616/lab10_regression/lab10/sim/regression/htax_regress.acoskuner500.22_11_26_16_57_24_2245/chain_0/.c1e22bea-a791-460a-850c-4140aa7cb313.chunk
printing to file: /home/grads/a/acoskuner500/csce616/lab10_regression/lab10/sim/regression/htax_regress.acoskuner500.22_11_26_16_57_24_2245/htax_regress.vsof
runs data dir is: /home/vmanager/vmgr_2003profile/chunks/projects/vmgr
Chunk name is: /home/vmanager/vmgr_2003profile/chunks/projects/vmgr/of_sessions/htax_regress.acoskuner500.22_11_26_16_57_24_2245/60_c0eaa84e-6ddd-11ed-b0ae-d31bd2a23f4a.chunk
From offset: 0
To offset: 4294967295
Sat Nov 26 16:57:57 CST 2022
/opt/coe/cadence/vmanager/tools/vmgr/runner/bin/vm_append_to_vsof.pl
printing from file: /home/grads/a/acoskuner500/csce616/lab10_regression/lab10/sim/regression/htax_regress.acoskuner500.22_11_26_16_57_24_2245/chain_0/.ed48f70d-0e48-4351-8447-ffb112b51c70.chunk
printing to file: /home/grads/a/acoskuner500/csce616/lab10_regression/lab10/sim/regression/htax_regress.acoskuner500.22_11_26_16_57_24_2245/htax_regress.vsof
runs data dir is: /home/vmanager/vmgr_2003profile/chunks/projects/vmgr
Chunk name is: /home/vmanager/vmgr_2003profile/chunks/projects/vmgr/of_sessions/htax_regress.acoskuner500.22_11_26_16_57_24_2245/60_c499261e-6ddd-11ed-b3e6-4ba8202cbb41.chunk
From offset: 0
To offset: 4294967295
Sat Nov 26 16:58:03 CST 2022
/opt/coe/cadence/vmanager/tools/vmgr/runner/bin/vm_append_to_vsof.pl
printing from file: /home/grads/a/acoskuner500/csce616/lab10_regression/lab10/sim/regression/htax_regress.acoskuner500.22_11_26_16_57_24_2245/chain_0/.e6fd2c1f-45af-47e7-b9ab-8972aa4f1185.chunk
printing to file: /home/grads/a/acoskuner500/csce616/lab10_regression/lab10/sim/regression/htax_regress.acoskuner500.22_11_26_16_57_24_2245/htax_regress.vsof
runs data dir is: /home/vmanager/vmgr_2003profile/chunks/projects/vmgr
Chunk name is: /home/vmanager/vmgr_2003profile/chunks/projects/vmgr/of_sessions/htax_regress.acoskuner500.22_11_26_16_57_24_2245/60_c848ec68-6ddd-11ed-8a00-93085659e38f.chunk
From offset: 0
To offset: 4294967295
Sat Nov 26 16:58:06 CST 2022
/opt/coe/cadence/vmanager/tools/vmgr/runner/bin/vm_append_to_vsof.pl
printing from file: /home/grads/a/acoskuner500/csce616/lab10_regression/lab10/sim/regression/htax_regress.acoskuner500.22_11_26_16_57_24_2245/chain_0/.2a9d1235-e202-42af-b629-599e86c050c6.chunk
printing to file: /home/grads/a/acoskuner500/csce616/lab10_regression/lab10/sim/regression/htax_regress.acoskuner500.22_11_26_16_57_24_2245/htax_regress.vsof
runs data dir is: /home/vmanager/vmgr_2003profile/chunks/projects/vmgr
Chunk name is: /home/vmanager/vmgr_2003profile/chunks/projects/vmgr/of_sessions/htax_regress.acoskuner500.22_11_26_16_57_24_2245/60_ca2a39ec-6ddd-11ed-ad0a-27c60abfa887.chunk
From offset: 0
To offset: 4294967295
Sat Nov 26 16:58:09 CST 2022
/opt/coe/cadence/vmanager/tools/vmgr/runner/bin/vm_append_to_vsof.pl
printing from file: /home/grads/a/acoskuner500/csce616/lab10_regression/lab10/sim/regression/htax_regress.acoskuner500.22_11_26_16_57_24_2245/chain_0/.8a55f0e1-4279-4333-a7f0-1693b0ce44e0.chunk
printing to file: /home/grads/a/acoskuner500/csce616/lab10_regression/lab10/sim/regression/htax_regress.acoskuner500.22_11_26_16_57_24_2245/htax_regress.vsof
runs data dir is: /home/vmanager/vmgr_2003profile/chunks/projects/vmgr
Chunk name is: /home/vmanager/vmgr_2003profile/chunks/projects/vmgr/of_sessions/htax_regress.acoskuner500.22_11_26_16_57_24_2245/60_cc0a29f2-6ddd-11ed-b405-0fec4114f365.chunk
From offset: 0
To offset: 4294967295
Sat Nov 26 16:58:12 CST 2022
/opt/coe/cadence/vmanager/tools/vmgr/runner/bin/vm_append_to_vsof.pl
printing from file: /home/grads/a/acoskuner500/csce616/lab10_regression/lab10/sim/regression/htax_regress.acoskuner500.22_11_26_16_57_24_2245/chain_0/.28dc71f1-3fb8-4124-a530-3bf6facd210c.chunk
printing to file: /home/grads/a/acoskuner500/csce616/lab10_regression/lab10/sim/regression/htax_regress.acoskuner500.22_11_26_16_57_24_2245/htax_regress.vsof
runs data dir is: /home/vmanager/vmgr_2003profile/chunks/projects/vmgr
Chunk name is: /home/vmanager/vmgr_2003profile/chunks/projects/vmgr/of_sessions/htax_regress.acoskuner500.22_11_26_16_57_24_2245/60_cded29d6-6ddd-11ed-a39c-0b45ba816af4.chunk
From offset: 0
To offset: 4294967295
Sat Nov 26 16:58:18 CST 2022
/opt/coe/cadence/vmanager/tools/vmgr/runner/bin/vm_append_to_vsof.pl
printing from file: /home/grads/a/acoskuner500/csce616/lab10_regression/lab10/sim/regression/htax_regress.acoskuner500.22_11_26_16_57_24_2245/chain_0/.9f3185e9-a9c3-4f5d-b0f1-63bda895142d.chunk
printing to file: /home/grads/a/acoskuner500/csce616/lab10_regression/lab10/sim/regression/htax_regress.acoskuner500.22_11_26_16_57_24_2245/htax_regress.vsof
runs data dir is: /home/vmanager/vmgr_2003profile/chunks/projects/vmgr
Chunk name is: /home/vmanager/vmgr_2003profile/chunks/projects/vmgr/of_sessions/htax_regress.acoskuner500.22_11_26_16_57_24_2245/60_d197d37e-6ddd-11ed-b7d5-2378e7b0743f.chunk
From offset: 0
To offset: 4294967295
Sat Nov 26 16:58:25 CST 2022
/opt/coe/cadence/vmanager/tools/vmgr/runner/bin/vm_append_to_vsof.pl
printing from file: /home/grads/a/acoskuner500/csce616/lab10_regression/lab10/sim/regression/htax_regress.acoskuner500.22_11_26_16_57_24_2245/chain_0/.a50b34c8-e755-4f93-8a42-dca5bb5f4aae.chunk
printing to file: /home/grads/a/acoskuner500/csce616/lab10_regression/lab10/sim/regression/htax_regress.acoskuner500.22_11_26_16_57_24_2245/htax_regress.vsof
runs data dir is: /home/vmanager/vmgr_2003profile/chunks/projects/vmgr
Chunk name is: /home/vmanager/vmgr_2003profile/chunks/projects/vmgr/of_sessions/htax_regress.acoskuner500.22_11_26_16_57_24_2245/60_d5405186-6ddd-11ed-b3b8-330099960ffe.chunk
From offset: 0
To offset: 4294967295
Sat Nov 26 16:58:31 CST 2022
/opt/coe/cadence/vmanager/tools/vmgr/runner/bin/vm_append_to_vsof.pl
printing from file: /home/grads/a/acoskuner500/csce616/lab10_regression/lab10/sim/regression/htax_regress.acoskuner500.22_11_26_16_57_24_2245/chain_0/.a22a214b-6c83-45e4-89a7-e2caf6d40ba2.chunk
printing to file: /home/grads/a/acoskuner500/csce616/lab10_regression/lab10/sim/regression/htax_regress.acoskuner500.22_11_26_16_57_24_2245/htax_regress.vsof
runs data dir is: /home/vmanager/vmgr_2003profile/chunks/projects/vmgr
Chunk name is: /home/vmanager/vmgr_2003profile/chunks/projects/vmgr/of_sessions/htax_regress.acoskuner500.22_11_26_16_57_24_2245/60_d8ec456a-6ddd-11ed-b8ab-df8c754551e8.chunk
From offset: 0
To offset: 4294967295
Sat Nov 26 16:58:34 CST 2022
/opt/coe/cadence/vmanager/tools/vmgr/runner/bin/vm_append_to_vsof.pl
printing from file: /home/grads/a/acoskuner500/csce616/lab10_regression/lab10/sim/regression/htax_regress.acoskuner500.22_11_26_16_57_24_2245/chain_0/.5b3b9e84-e8db-47f2-9e07-304180ca0759.chunk
printing to file: /home/grads/a/acoskuner500/csce616/lab10_regression/lab10/sim/regression/htax_regress.acoskuner500.22_11_26_16_57_24_2245/htax_regress.vsof
runs data dir is: /home/vmanager/vmgr_2003profile/chunks/projects/vmgr
Chunk name is: /home/vmanager/vmgr_2003profile/chunks/projects/vmgr/of_sessions/htax_regress.acoskuner500.22_11_26_16_57_24_2245/60_dacc326e-6ddd-11ed-8fb7-4fcf8c37b2cb.chunk
From offset: 0
To offset: 4294967295
Sat Nov 26 16:58:40 CST 2022
/opt/coe/cadence/vmanager/tools/vmgr/runner/bin/vm_append_to_vsof.pl
printing from file: /home/grads/a/acoskuner500/csce616/lab10_regression/lab10/sim/regression/htax_regress.acoskuner500.22_11_26_16_57_24_2245/chain_0/.3c5a2199-f506-4532-9624-cc86e0402cef.chunk
printing to file: /home/grads/a/acoskuner500/csce616/lab10_regression/lab10/sim/regression/htax_regress.acoskuner500.22_11_26_16_57_24_2245/htax_regress.vsof
runs data dir is: /home/vmanager/vmgr_2003profile/chunks/projects/vmgr
Chunk name is: /home/vmanager/vmgr_2003profile/chunks/projects/vmgr/of_sessions/htax_regress.acoskuner500.22_11_26_16_57_24_2245/60_de7a675a-6ddd-11ed-8f69-0fb996a249d5.chunk
From offset: 0
To offset: 4294967295
Sat Nov 26 16:58:46 CST 2022
/opt/coe/cadence/vmanager/tools/vmgr/runner/bin/vm_append_to_vsof.pl
printing from file: /home/grads/a/acoskuner500/csce616/lab10_regression/lab10/sim/regression/htax_regress.acoskuner500.22_11_26_16_57_24_2245/chain_0/.c0a884a9-b9bd-4866-8a0e-c489563ad486.chunk
printing to file: /home/grads/a/acoskuner500/csce616/lab10_regression/lab10/sim/regression/htax_regress.acoskuner500.22_11_26_16_57_24_2245/htax_regress.vsof
runs data dir is: /home/vmanager/vmgr_2003profile/chunks/projects/vmgr
Chunk name is: /home/vmanager/vmgr_2003profile/chunks/projects/vmgr/of_sessions/htax_regress.acoskuner500.22_11_26_16_57_24_2245/60_e2241626-6ddd-11ed-b6a0-172bfe9a66af.chunk
From offset: 0
To offset: 4294967295
Sat Nov 26 16:58:49 CST 2022
/opt/coe/cadence/vmanager/tools/vmgr/runner/bin/vm_append_to_vsof.pl
printing from file: /home/grads/a/acoskuner500/csce616/lab10_regression/lab10/sim/regression/htax_regress.acoskuner500.22_11_26_16_57_24_2245/chain_0/.70d77a47-c514-4e91-b622-1420cea2191b.chunk
printing to file: /home/grads/a/acoskuner500/csce616/lab10_regression/lab10/sim/regression/htax_regress.acoskuner500.22_11_26_16_57_24_2245/htax_regress.vsof
runs data dir is: /home/vmanager/vmgr_2003profile/chunks/projects/vmgr
Chunk name is: /home/vmanager/vmgr_2003profile/chunks/projects/vmgr/of_sessions/htax_regress.acoskuner500.22_11_26_16_57_24_2245/60_e4050d56-6ddd-11ed-a806-bb55fd569e20.chunk
From offset: 0
To offset: 4294967295
Sat Nov 26 16:58:56 CST 2022
/opt/coe/cadence/vmanager/tools/vmgr/runner/bin/vm_append_to_vsof.pl
printing from file: /home/grads/a/acoskuner500/csce616/lab10_regression/lab10/sim/regression/htax_regress.acoskuner500.22_11_26_16_57_24_2245/chain_0/.f51046b7-fee6-4195-be83-6913dc2a07ee.chunk
printing to file: /home/grads/a/acoskuner500/csce616/lab10_regression/lab10/sim/regression/htax_regress.acoskuner500.22_11_26_16_57_24_2245/htax_regress.vsof
runs data dir is: /home/vmanager/vmgr_2003profile/chunks/projects/vmgr
Chunk name is: /home/vmanager/vmgr_2003profile/chunks/projects/vmgr/of_sessions/htax_regress.acoskuner500.22_11_26_16_57_24_2245/60_e7af60aa-6ddd-11ed-8d31-4738ff434a4b.chunk
From offset: 0
To offset: 4294967295
Sat Nov 26 16:58:59 CST 2022
/opt/coe/cadence/vmanager/tools/vmgr/runner/bin/vm_append_to_vsof.pl
printing from file: /home/grads/a/acoskuner500/csce616/lab10_regression/lab10/sim/regression/htax_regress.acoskuner500.22_11_26_16_57_24_2245/chain_0/.cb416047-6ca5-47b8-ac33-9663fe2e4412.chunk
printing to file: /home/grads/a/acoskuner500/csce616/lab10_regression/lab10/sim/regression/htax_regress.acoskuner500.22_11_26_16_57_24_2245/htax_regress.vsof
runs data dir is: /home/vmanager/vmgr_2003profile/chunks/projects/vmgr
Chunk name is: /home/vmanager/vmgr_2003profile/chunks/projects/vmgr/of_sessions/htax_regress.acoskuner500.22_11_26_16_57_24_2245/60_e99a346c-6ddd-11ed-9fbe-eb90e21e8118.chunk
From offset: 0
To offset: 4294967295
Sat Nov 26 16:59:02 CST 2022
/opt/coe/cadence/vmanager/tools/vmgr/runner/bin/vm_append_to_vsof.pl
printing from file: /home/grads/a/acoskuner500/csce616/lab10_regression/lab10/sim/regression/htax_regress.acoskuner500.22_11_26_16_57_24_2245/chain_0/.90b73836-cb4e-493f-a148-45b39fce6499.chunk
printing to file: /home/grads/a/acoskuner500/csce616/lab10_regression/lab10/sim/regression/htax_regress.acoskuner500.22_11_26_16_57_24_2245/htax_regress.vsof
runs data dir is: /home/vmanager/vmgr_2003profile/chunks/projects/vmgr
Chunk name is: /home/vmanager/vmgr_2003profile/chunks/projects/vmgr/of_sessions/htax_regress.acoskuner500.22_11_26_16_57_24_2245/60_eb7a2a26-6ddd-11ed-b2bd-5fa07d3c30cf.chunk
From offset: 0
To offset: 4294967295
Sat Nov 26 16:59:05 CST 2022
/opt/coe/cadence/vmanager/tools/vmgr/runner/bin/vm_append_to_vsof.pl
printing from file: /home/grads/a/acoskuner500/csce616/lab10_regression/lab10/sim/regression/htax_regress.acoskuner500.22_11_26_16_57_24_2245/chain_0/.d4ac03e8-0445-474d-a344-98768338d3e3.chunk
printing to file: /home/grads/a/acoskuner500/csce616/lab10_regression/lab10/sim/regression/htax_regress.acoskuner500.22_11_26_16_57_24_2245/htax_regress.vsof
runs data dir is: /home/vmanager/vmgr_2003profile/chunks/projects/vmgr
Chunk name is: /home/vmanager/vmgr_2003profile/chunks/projects/vmgr/of_sessions/htax_regress.acoskuner500.22_11_26_16_57_24_2245/60_ed5c068e-6ddd-11ed-9049-0bea2345139d.chunk
From offset: 0
To offset: 4294967295
Sat Nov 26 16:59:11 CST 2022
/opt/coe/cadence/vmanager/tools/vmgr/runner/bin/vm_append_to_vsof.pl
printing from file: /home/grads/a/acoskuner500/csce616/lab10_regression/lab10/sim/regression/htax_regress.acoskuner500.22_11_26_16_57_24_2245/chain_0/.07fe83ae-92b1-4243-bb45-e7521fafe99f.chunk
printing to file: /home/grads/a/acoskuner500/csce616/lab10_regression/lab10/sim/regression/htax_regress.acoskuner500.22_11_26_16_57_24_2245/htax_regress.vsof
runs data dir is: /home/vmanager/vmgr_2003profile/chunks/projects/vmgr
Chunk name is: /home/vmanager/vmgr_2003profile/chunks/projects/vmgr/of_sessions/htax_regress.acoskuner500.22_11_26_16_57_24_2245/60_f1054700-6ddd-11ed-a5aa-374f38b99a0c.chunk
From offset: 0
To offset: 4294967295
Sat Nov 26 16:59:17 CST 2022
/opt/coe/cadence/vmanager/tools/vmgr/runner/bin/vm_append_to_vsof.pl
printing from file: /home/grads/a/acoskuner500/csce616/lab10_regression/lab10/sim/regression/htax_regress.acoskuner500.22_11_26_16_57_24_2245/chain_0/.0fbfd234-363b-45f3-8e5b-dc0335bd7369.chunk
printing to file: /home/grads/a/acoskuner500/csce616/lab10_regression/lab10/sim/regression/htax_regress.acoskuner500.22_11_26_16_57_24_2245/htax_regress.vsof
runs data dir is: /home/vmanager/vmgr_2003profile/chunks/projects/vmgr
Chunk name is: /home/vmanager/vmgr_2003profile/chunks/projects/vmgr/of_sessions/htax_regress.acoskuner500.22_11_26_16_57_24_2245/60_f4b14124-6ddd-11ed-9b2d-87677a331b22.chunk
From offset: 0
To offset: 4294967295
Sat Nov 26 16:59:21 CST 2022
/opt/coe/cadence/vmanager/tools/vmgr/runner/bin/vm_append_to_vsof.pl
printing from file: /home/grads/a/acoskuner500/csce616/lab10_regression/lab10/sim/regression/htax_regress.acoskuner500.22_11_26_16_57_24_2245/chain_0/.9b1eacda-8f40-4238-b4bb-1285db9fbadd.chunk
printing to file: /home/grads/a/acoskuner500/csce616/lab10_regression/lab10/sim/regression/htax_regress.acoskuner500.22_11_26_16_57_24_2245/htax_regress.vsof
runs data dir is: /home/vmanager/vmgr_2003profile/chunks/projects/vmgr
Chunk name is: /home/vmanager/vmgr_2003profile/chunks/projects/vmgr/of_sessions/htax_regress.acoskuner500.22_11_26_16_57_24_2245/60_f691b9b0-6ddd-11ed-aa41-53d5f7fe2ff7.chunk
From offset: 0
To offset: 4294967295
Sat Nov 26 16:59:27 CST 2022
/opt/coe/cadence/vmanager/tools/vmgr/runner/bin/vm_append_to_vsof.pl
printing from file: /home/grads/a/acoskuner500/csce616/lab10_regression/lab10/sim/regression/htax_regress.acoskuner500.22_11_26_16_57_24_2245/chain_0/.68c163ee-efc7-41a3-82e5-858277eef260.chunk
printing to file: /home/grads/a/acoskuner500/csce616/lab10_regression/lab10/sim/regression/htax_regress.acoskuner500.22_11_26_16_57_24_2245/htax_regress.vsof
runs data dir is: /home/vmanager/vmgr_2003profile/chunks/projects/vmgr
Chunk name is: /home/vmanager/vmgr_2003profile/chunks/projects/vmgr/of_sessions/htax_regress.acoskuner500.22_11_26_16_57_24_2245/60_fa3c1f74-6ddd-11ed-b1aa-bb9906391b79.chunk
From offset: 0
To offset: 4294967295
Sat Nov 26 16:59:30 CST 2022
/opt/coe/cadence/vmanager/tools/vmgr/runner/bin/vm_append_to_vsof.pl
printing from file: /home/grads/a/acoskuner500/csce616/lab10_regression/lab10/sim/regression/htax_regress.acoskuner500.22_11_26_16_57_24_2245/chain_0/.2a4c8097-45df-4efc-a3d2-949d2463edfc.chunk
printing to file: /home/grads/a/acoskuner500/csce616/lab10_regression/lab10/sim/regression/htax_regress.acoskuner500.22_11_26_16_57_24_2245/htax_regress.vsof
runs data dir is: /home/vmanager/vmgr_2003profile/chunks/projects/vmgr
Chunk name is: /home/vmanager/vmgr_2003profile/chunks/projects/vmgr/of_sessions/htax_regress.acoskuner500.22_11_26_16_57_24_2245/60_fc1d6f64-6ddd-11ed-979a-e346a11cee39.chunk
From offset: 0
To offset: 4294967295
Sat Nov 26 16:59:36 CST 2022
/opt/coe/cadence/vmanager/tools/vmgr/runner/bin/vm_append_to_vsof.pl
printing from file: /home/grads/a/acoskuner500/csce616/lab10_regression/lab10/sim/regression/htax_regress.acoskuner500.22_11_26_16_57_24_2245/chain_0/.5176bc55-de15-44f0-a40f-8cd15a684da8.chunk
printing to file: /home/grads/a/acoskuner500/csce616/lab10_regression/lab10/sim/regression/htax_regress.acoskuner500.22_11_26_16_57_24_2245/htax_regress.vsof
runs data dir is: /home/vmanager/vmgr_2003profile/chunks/projects/vmgr
Chunk name is: /home/vmanager/vmgr_2003profile/chunks/projects/vmgr/of_sessions/htax_regress.acoskuner500.22_11_26_16_57_24_2245/60_ffc70da0-6ddd-11ed-86fa-fba0724f39ce.chunk
From offset: 0
To offset: 4294967295
Sat Nov 26 16:59:42 CST 2022
/opt/coe/cadence/vmanager/tools/vmgr/runner/bin/vm_append_to_vsof.pl
printing from file: /home/grads/a/acoskuner500/csce616/lab10_regression/lab10/sim/regression/htax_regress.acoskuner500.22_11_26_16_57_24_2245/chain_0/.6d9df807-23ab-4a80-b466-4bdef8252691.chunk
printing to file: /home/grads/a/acoskuner500/csce616/lab10_regression/lab10/sim/regression/htax_regress.acoskuner500.22_11_26_16_57_24_2245/htax_regress.vsof
runs data dir is: /home/vmanager/vmgr_2003profile/chunks/projects/vmgr
Chunk name is: /home/vmanager/vmgr_2003profile/chunks/projects/vmgr/of_sessions/htax_regress.acoskuner500.22_11_26_16_57_24_2245/60_037047aa-6dde-11ed-a69d-ef45e1511f0c.chunk
From offset: 0
To offset: 4294967295
Sat Nov 26 16:59:45 CST 2022
/opt/coe/cadence/vmanager/tools/vmgr/runner/bin/vm_append_to_vsof.pl
printing from file: /home/grads/a/acoskuner500/csce616/lab10_regression/lab10/sim/regression/htax_regress.acoskuner500.22_11_26_16_57_24_2245/chain_0/.b501d4ad-31be-45d6-b976-90895d60f7b4.chunk
printing to file: /home/grads/a/acoskuner500/csce616/lab10_regression/lab10/sim/regression/htax_regress.acoskuner500.22_11_26_16_57_24_2245/htax_regress.vsof
runs data dir is: /home/vmanager/vmgr_2003profile/chunks/projects/vmgr
Chunk name is: /home/vmanager/vmgr_2003profile/chunks/projects/vmgr/of_sessions/htax_regress.acoskuner500.22_11_26_16_57_24_2245/60_05558832-6dde-11ed-b96d-b7005374dcb5.chunk
From offset: 0
To offset: 4294967295
Sat Nov 26 16:59:48 CST 2022
/opt/coe/cadence/vmanager/tools/vmgr/runner/bin/vm_append_to_vsof.pl
printing from file: /home/grads/a/acoskuner500/csce616/lab10_regression/lab10/sim/regression/htax_regress.acoskuner500.22_11_26_16_57_24_2245/chain_0/.a47fe2c9-e072-490a-a5ef-c60d4520cd76.chunk
printing to file: /home/grads/a/acoskuner500/csce616/lab10_regression/lab10/sim/regression/htax_regress.acoskuner500.22_11_26_16_57_24_2245/htax_regress.vsof
runs data dir is: /home/vmanager/vmgr_2003profile/chunks/projects/vmgr
Chunk name is: /home/vmanager/vmgr_2003profile/chunks/projects/vmgr/of_sessions/htax_regress.acoskuner500.22_11_26_16_57_24_2245/60_07370bc6-6dde-11ed-a15e-3312c8afec3a.chunk
From offset: 0
To offset: 4294967295
Sat Nov 26 16:59:55 CST 2022
/opt/coe/cadence/vmanager/tools/vmgr/runner/bin/vm_append_to_vsof.pl
printing from file: /home/grads/a/acoskuner500/csce616/lab10_regression/lab10/sim/regression/htax_regress.acoskuner500.22_11_26_16_57_24_2245/chain_0/.056b2eef-990e-4d89-ade3-04bdeae854dd.chunk
printing to file: /home/grads/a/acoskuner500/csce616/lab10_regression/lab10/sim/regression/htax_regress.acoskuner500.22_11_26_16_57_24_2245/htax_regress.vsof
runs data dir is: /home/vmanager/vmgr_2003profile/chunks/projects/vmgr
Chunk name is: /home/vmanager/vmgr_2003profile/chunks/projects/vmgr/of_sessions/htax_regress.acoskuner500.22_11_26_16_57_24_2245/60_0ae0ea44-6dde-11ed-a3bc-871c792a3fcb.chunk
From offset: 0
To offset: 4294967295
Sat Nov 26 16:59:58 CST 2022
/opt/coe/cadence/vmanager/tools/vmgr/runner/bin/vm_append_to_vsof.pl
printing from file: /home/grads/a/acoskuner500/csce616/lab10_regression/lab10/sim/regression/htax_regress.acoskuner500.22_11_26_16_57_24_2245/chain_0/.3c08f7c0-9570-4414-9be6-36a304117c18.chunk
printing to file: /home/grads/a/acoskuner500/csce616/lab10_regression/lab10/sim/regression/htax_regress.acoskuner500.22_11_26_16_57_24_2245/htax_regress.vsof
runs data dir is: /home/vmanager/vmgr_2003profile/chunks/projects/vmgr
Chunk name is: /home/vmanager/vmgr_2003profile/chunks/projects/vmgr/of_sessions/htax_regress.acoskuner500.22_11_26_16_57_24_2245/60_0cc9ca92-6dde-11ed-9c65-a3cae2418950.chunk
From offset: 0
To offset: 4294967295
Sat Nov 26 17:00:01 CST 2022
/opt/coe/cadence/vmanager/tools/vmgr/runner/bin/vm_append_to_vsof.pl
printing from file: /home/grads/a/acoskuner500/csce616/lab10_regression/lab10/sim/regression/htax_regress.acoskuner500.22_11_26_16_57_24_2245/chain_0/.9be22f35-2a56-4754-af81-50f5ce47dbeb.chunk
printing to file: /home/grads/a/acoskuner500/csce616/lab10_regression/lab10/sim/regression/htax_regress.acoskuner500.22_11_26_16_57_24_2245/htax_regress.vsof
runs data dir is: /home/vmanager/vmgr_2003profile/chunks/projects/vmgr
Chunk name is: /home/vmanager/vmgr_2003profile/chunks/projects/vmgr/of_sessions/htax_regress.acoskuner500.22_11_26_16_57_24_2245/60_0eaaad72-6dde-11ed-b86d-c717ede62e8e.chunk
From offset: 0
To offset: 4294967295
Sat Nov 26 17:00:04 CST 2022
/opt/coe/cadence/vmanager/tools/vmgr/runner/bin/vm_append_to_vsof.pl
printing from file: /home/grads/a/acoskuner500/csce616/lab10_regression/lab10/sim/regression/htax_regress.acoskuner500.22_11_26_16_57_24_2245/chain_0/.beca1e2b-4547-451d-b61e-55c1f963c8a9.chunk
printing to file: /home/grads/a/acoskuner500/csce616/lab10_regression/lab10/sim/regression/htax_regress.acoskuner500.22_11_26_16_57_24_2245/htax_regress.vsof
runs data dir is: /home/vmanager/vmgr_2003profile/chunks/projects/vmgr
Chunk name is: /home/vmanager/vmgr_2003profile/chunks/projects/vmgr/of_sessions/htax_regress.acoskuner500.22_11_26_16_57_24_2245/60_10a4f452-6dde-11ed-a0e1-7f3f136331bf.chunk
From offset: 0
To offset: 4294967295
Sat Nov 26 17:00:10 CST 2022
/opt/coe/cadence/vmanager/tools/vmgr/runner/bin/vm_append_to_vsof.pl
printing from file: /home/grads/a/acoskuner500/csce616/lab10_regression/lab10/sim/regression/htax_regress.acoskuner500.22_11_26_16_57_24_2245/chain_0/.24bc4e54-d176-42f3-987b-2a4bc147f68d.chunk
printing to file: /home/grads/a/acoskuner500/csce616/lab10_regression/lab10/sim/regression/htax_regress.acoskuner500.22_11_26_16_57_24_2245/htax_regress.vsof
runs data dir is: /home/vmanager/vmgr_2003profile/chunks/projects/vmgr
Chunk name is: /home/vmanager/vmgr_2003profile/chunks/projects/vmgr/of_sessions/htax_regress.acoskuner500.22_11_26_16_57_24_2245/60_1457ac0c-6dde-11ed-a29d-07dd7a9611ee.chunk
From offset: 0
To offset: 4294967295
Sat Nov 26 17:00:14 CST 2022
/opt/coe/cadence/vmanager/tools/vmgr/runner/bin/vm_append_to_vsof.pl
printing from file: /home/grads/a/acoskuner500/csce616/lab10_regression/lab10/sim/regression/htax_regress.acoskuner500.22_11_26_16_57_24_2245/chain_0/.d7deb9f7-423d-4119-b2a8-08bdfca4a704.chunk
printing to file: /home/grads/a/acoskuner500/csce616/lab10_regression/lab10/sim/regression/htax_regress.acoskuner500.22_11_26_16_57_24_2245/htax_regress.vsof
runs data dir is: /home/vmanager/vmgr_2003profile/chunks/projects/vmgr
Chunk name is: /home/vmanager/vmgr_2003profile/chunks/projects/vmgr/of_sessions/htax_regress.acoskuner500.22_11_26_16_57_24_2245/60_163abcd0-6dde-11ed-b8db-432c392f9e60.chunk
From offset: 0
To offset: 4294967295
Sat Nov 26 17:00:17 CST 2022
/opt/coe/cadence/vmanager/tools/vmgr/runner/bin/vm_append_to_vsof.pl
printing from file: /home/grads/a/acoskuner500/csce616/lab10_regression/lab10/sim/regression/htax_regress.acoskuner500.22_11_26_16_57_24_2245/chain_0/.dcacf0ec-5c92-40b1-9232-36c824772805.chunk
printing to file: /home/grads/a/acoskuner500/csce616/lab10_regression/lab10/sim/regression/htax_regress.acoskuner500.22_11_26_16_57_24_2245/htax_regress.vsof
runs data dir is: /home/vmanager/vmgr_2003profile/chunks/projects/vmgr
Chunk name is: /home/vmanager/vmgr_2003profile/chunks/projects/vmgr/of_sessions/htax_regress.acoskuner500.22_11_26_16_57_24_2245/60_181c4b86-6dde-11ed-bb29-f75e17185764.chunk
From offset: 0
To offset: 4294967295
Sat Nov 26 17:00:20 CST 2022
/opt/coe/cadence/vmanager/tools/vmgr/runner/bin/vm_append_to_vsof.pl
printing from file: /home/grads/a/acoskuner500/csce616/lab10_regression/lab10/sim/regression/htax_regress.acoskuner500.22_11_26_16_57_24_2245/chain_0/.ebc6dd03-eb3a-4f70-a4e2-c6f03b3024d5.chunk
printing to file: /home/grads/a/acoskuner500/csce616/lab10_regression/lab10/sim/regression/htax_regress.acoskuner500.22_11_26_16_57_24_2245/htax_regress.vsof
runs data dir is: /home/vmanager/vmgr_2003profile/chunks/projects/vmgr
Chunk name is: /home/vmanager/vmgr_2003profile/chunks/projects/vmgr/of_sessions/htax_regress.acoskuner500.22_11_26_16_57_24_2245/60_19fd3820-6dde-11ed-bd6c-274fcef537e5.chunk
From offset: 0
To offset: 4294967295
Sat Nov 26 17:00:23 CST 2022
/opt/coe/cadence/vmanager/tools/vmgr/runner/bin/vm_append_to_vsof.pl
printing from file: /home/grads/a/acoskuner500/csce616/lab10_regression/lab10/sim/regression/htax_regress.acoskuner500.22_11_26_16_57_24_2245/chain_0/.47b801a9-e9d1-4389-b9ce-6844b41d9a6c.chunk
printing to file: /home/grads/a/acoskuner500/csce616/lab10_regression/lab10/sim/regression/htax_regress.acoskuner500.22_11_26_16_57_24_2245/htax_regress.vsof
runs data dir is: /home/vmanager/vmgr_2003profile/chunks/projects/vmgr
Chunk name is: /home/vmanager/vmgr_2003profile/chunks/projects/vmgr/of_sessions/htax_regress.acoskuner500.22_11_26_16_57_24_2245/60_1bdcf4b4-6dde-11ed-892f-13ad815a40f9.chunk
From offset: 0
To offset: 4294967295
Sat Nov 26 17:00:27 CST 2022
/opt/coe/cadence/vmanager/tools/vmgr/runner/bin/vm_append_to_vsof.pl
printing from file: /home/grads/a/acoskuner500/csce616/lab10_regression/lab10/sim/regression/htax_regress.acoskuner500.22_11_26_16_57_24_2245/chain_0/.d586bbd8-6025-433b-a54c-881f7b3fc8cc.chunk
printing to file: /home/grads/a/acoskuner500/csce616/lab10_regression/lab10/sim/regression/htax_regress.acoskuner500.22_11_26_16_57_24_2245/htax_regress.vsof
runs data dir is: /home/vmanager/vmgr_2003profile/chunks/projects/vmgr
Chunk name is: /home/vmanager/vmgr_2003profile/chunks/projects/vmgr/of_sessions/htax_regress.acoskuner500.22_11_26_16_57_24_2245/60_1deec7fa-6dde-11ed-b46a-23e43e59639d.chunk
From offset: 0
To offset: 4294967295
Sat Nov 26 17:00:28 CST 2022
/opt/coe/cadence/vmanager/tools/vmgr/runner/bin/vm_append_to_vsof.pl
printing from file: /home/grads/a/acoskuner500/csce616/lab10_regression/lab10/sim/regression/htax_regress.acoskuner500.22_11_26_16_57_24_2245/chain_0/.post_session_script_data.txt
printing to file: /home/grads/a/acoskuner500/csce616/lab10_regression/lab10/sim/regression/htax_regress.acoskuner500.22_11_26_16_57_24_2245/htax_regress.vsof
runs data dir is: /home/vmanager/vmgr_2003profile/chunks/projects/vmgr
Chunk name is: /home/vmanager/vmgr_2003profile/chunks/projects/vmgr/of_sessions/htax_regress.acoskuner500.22_11_26_16_57_24_2245/55_1e9cc1d4-6dde-11ed-9c47-3308644c06bd.chunk
From offset: 0
To offset: 4294967295
Sat Nov 26 17:00:28 CST 2022
/opt/coe/cadence/vmanager/tools/vmgr/runner/bin/vm_append_to_vsof.pl
printing from file: /home/grads/a/acoskuner500/csce616/lab10_regression/lab10/sim/regression/htax_regress.acoskuner500.22_11_26_16_57_24_2245/chain_0/.post_session_script_data2.txt
printing to file: /home/grads/a/acoskuner500/csce616/lab10_regression/lab10/sim/regression/htax_regress.acoskuner500.22_11_26_16_57_24_2245/htax_regress.vsof
runs data dir is: /home/vmanager/vmgr_2003profile/chunks/projects/vmgr
Chunk name is: /home/vmanager/vmgr_2003profile/chunks/projects/vmgr/of_sessions/htax_regress.acoskuner500.22_11_26_16_57_24_2245/55_1f0bf2fc-6dde-11ed-9d53-9fe878db71ad.chunk
From offset: 0
To offset: 4294967295
