Mon Nov 28 11:23:20 CST 2022
/opt/coe/cadence/vmanager/tools/vmgr/runner/bin/vm_append_to_vsof.pl
printing from file: /home/grads/a/acoskuner500/csce616/lab10_regression/lab10/sim/regression/htax_regress.acoskuner500.22_11_28_11_23_09_7700/chain_0/tmp.txt
printing to file: /home/grads/a/acoskuner500/csce616/lab10_regression/lab10/sim/regression/htax_regress.acoskuner500.22_11_28_11_23_09_7700/htax_regress.vsof
runs data dir is: /home/vmanager/vmgr_2003profile/chunks/projects/vmgr
Chunk name is: /home/vmanager/vmgr_2003profile/chunks/projects/vmgr/of_sessions/htax_regress.acoskuner500.22_11_28_11_23_09_7700/10_5b09ba28-6f41-11ed-8925-13f84f62e953.chunk
From offset: 0
To offset: 4294967295
Mon Nov 28 11:23:21 CST 2022
/opt/coe/cadence/vmanager/tools/vmgr/runner/bin/vm_append_to_vsof.pl
printing from file: /home/grads/a/acoskuner500/csce616/lab10_regression/lab10/sim/regression/htax_regress.acoskuner500.22_11_28_11_23_09_7700/chain_0/.pre_session_script_data.txt
printing to file: /home/grads/a/acoskuner500/csce616/lab10_regression/lab10/sim/regression/htax_regress.acoskuner500.22_11_28_11_23_09_7700/htax_regress.vsof
runs data dir is: /home/vmanager/vmgr_2003profile/chunks/projects/vmgr
Chunk name is: /home/vmanager/vmgr_2003profile/chunks/projects/vmgr/of_sessions/htax_regress.acoskuner500.22_11_28_11_23_09_7700/10_5b7edc18-6f41-11ed-8a9e-1702796bce38.chunk
From offset: 0
To offset: 4294967295
Mon Nov 28 11:23:23 CST 2022
/opt/coe/cadence/vmanager/tools/vmgr/runner/bin/vm_append_to_vsof.pl
printing from file: /home/grads/a/acoskuner500/csce616/lab10_regression/lab10/sim/regression/htax_regress.acoskuner500.22_11_28_11_23_09_7700/chain_0/.c2af6f51-4fbf-484a-9b09-eee4170a38e7.chunk
printing to file: /home/grads/a/acoskuner500/csce616/lab10_regression/lab10/sim/regression/htax_regress.acoskuner500.22_11_28_11_23_09_7700/htax_regress.vsof
runs data dir is: /home/vmanager/vmgr_2003profile/chunks/projects/vmgr
Chunk name is: /home/vmanager/vmgr_2003profile/chunks/projects/vmgr/of_sessions/htax_regress.acoskuner500.22_11_28_11_23_09_7700/60_5c6e522a-6f41-11ed-8130-8f523f61bc95.chunk
From offset: 0
To offset: 4294967295
Mon Nov 28 11:23:29 CST 2022
/opt/coe/cadence/vmanager/tools/vmgr/runner/bin/vm_append_to_vsof.pl
printing from file: /home/grads/a/acoskuner500/csce616/lab10_regression/lab10/sim/regression/htax_regress.acoskuner500.22_11_28_11_23_09_7700/chain_0/.5d127af0-9e07-4fb4-a6cc-060bbbe76253.chunk
printing to file: /home/grads/a/acoskuner500/csce616/lab10_regression/lab10/sim/regression/htax_regress.acoskuner500.22_11_28_11_23_09_7700/htax_regress.vsof
runs data dir is: /home/vmanager/vmgr_2003profile/chunks/projects/vmgr
Chunk name is: /home/vmanager/vmgr_2003profile/chunks/projects/vmgr/of_sessions/htax_regress.acoskuner500.22_11_28_11_23_09_7700/60_601883e6-6f41-11ed-bbe5-cb2939de7c28.chunk
From offset: 0
To offset: 4294967295
Mon Nov 28 11:23:32 CST 2022
/opt/coe/cadence/vmanager/tools/vmgr/runner/bin/vm_append_to_vsof.pl
printing from file: /home/grads/a/acoskuner500/csce616/lab10_regression/lab10/sim/regression/htax_regress.acoskuner500.22_11_28_11_23_09_7700/chain_0/.ecaf5821-af64-4753-8975-8fa70838dfa7.chunk
printing to file: /home/grads/a/acoskuner500/csce616/lab10_regression/lab10/sim/regression/htax_regress.acoskuner500.22_11_28_11_23_09_7700/htax_regress.vsof
runs data dir is: /home/vmanager/vmgr_2003profile/chunks/projects/vmgr
Chunk name is: /home/vmanager/vmgr_2003profile/chunks/projects/vmgr/of_sessions/htax_regress.acoskuner500.22_11_28_11_23_09_7700/60_61f8a998-6f41-11ed-85d1-13fce8f644ec.chunk
From offset: 0
To offset: 4294967295
Mon Nov 28 11:23:38 CST 2022
/opt/coe/cadence/vmanager/tools/vmgr/runner/bin/vm_append_to_vsof.pl
printing from file: /home/grads/a/acoskuner500/csce616/lab10_regression/lab10/sim/regression/htax_regress.acoskuner500.22_11_28_11_23_09_7700/chain_0/.6c4b4ea0-d781-4389-925f-78f34347f641.chunk
printing to file: /home/grads/a/acoskuner500/csce616/lab10_regression/lab10/sim/regression/htax_regress.acoskuner500.22_11_28_11_23_09_7700/htax_regress.vsof
runs data dir is: /home/vmanager/vmgr_2003profile/chunks/projects/vmgr
Chunk name is: /home/vmanager/vmgr_2003profile/chunks/projects/vmgr/of_sessions/htax_regress.acoskuner500.22_11_28_11_23_09_7700/60_65a1964a-6f41-11ed-be3c-1fce69f99d0f.chunk
From offset: 0
To offset: 4294967295
Mon Nov 28 11:23:47 CST 2022
/opt/coe/cadence/vmanager/tools/vmgr/runner/bin/vm_append_to_vsof.pl
printing from file: /home/grads/a/acoskuner500/csce616/lab10_regression/lab10/sim/regression/htax_regress.acoskuner500.22_11_28_11_23_09_7700/chain_0/.b1191478-4d0a-4a87-ad31-c0143623d429.chunk
printing to file: /home/grads/a/acoskuner500/csce616/lab10_regression/lab10/sim/regression/htax_regress.acoskuner500.22_11_28_11_23_09_7700/htax_regress.vsof
runs data dir is: /home/vmanager/vmgr_2003profile/chunks/projects/vmgr
Chunk name is: /home/vmanager/vmgr_2003profile/chunks/projects/vmgr/of_sessions/htax_regress.acoskuner500.22_11_28_11_23_09_7700/60_6b15927a-6f41-11ed-a084-07ca761802a1.chunk
From offset: 0
To offset: 4294967295
Mon Nov 28 11:23:53 CST 2022
/opt/coe/cadence/vmanager/tools/vmgr/runner/bin/vm_append_to_vsof.pl
printing from file: /home/grads/a/acoskuner500/csce616/lab10_regression/lab10/sim/regression/htax_regress.acoskuner500.22_11_28_11_23_09_7700/chain_0/.c86625bf-5c18-4be5-8b56-55cdcd77cd51.chunk
printing to file: /home/grads/a/acoskuner500/csce616/lab10_regression/lab10/sim/regression/htax_regress.acoskuner500.22_11_28_11_23_09_7700/htax_regress.vsof
runs data dir is: /home/vmanager/vmgr_2003profile/chunks/projects/vmgr
Chunk name is: /home/vmanager/vmgr_2003profile/chunks/projects/vmgr/of_sessions/htax_regress.acoskuner500.22_11_28_11_23_09_7700/60_6ebee0ac-6f41-11ed-83c4-f7c5e44f656c.chunk
From offset: 0
To offset: 4294967295
Mon Nov 28 11:24:03 CST 2022
/opt/coe/cadence/vmanager/tools/vmgr/runner/bin/vm_append_to_vsof.pl
printing from file: /home/grads/a/acoskuner500/csce616/lab10_regression/lab10/sim/regression/htax_regress.acoskuner500.22_11_28_11_23_09_7700/chain_0/.af6de6bd-6027-4c0f-b460-7bfe09349195.chunk
printing to file: /home/grads/a/acoskuner500/csce616/lab10_regression/lab10/sim/regression/htax_regress.acoskuner500.22_11_28_11_23_09_7700/htax_regress.vsof
runs data dir is: /home/vmanager/vmgr_2003profile/chunks/projects/vmgr
Chunk name is: /home/vmanager/vmgr_2003profile/chunks/projects/vmgr/of_sessions/htax_regress.acoskuner500.22_11_28_11_23_09_7700/60_74316528-6f41-11ed-97f4-674a92277f0b.chunk
From offset: 0
To offset: 4294967295
Mon Nov 28 11:24:09 CST 2022
/opt/coe/cadence/vmanager/tools/vmgr/runner/bin/vm_append_to_vsof.pl
printing from file: /home/grads/a/acoskuner500/csce616/lab10_regression/lab10/sim/regression/htax_regress.acoskuner500.22_11_28_11_23_09_7700/chain_0/.3bff1321-8298-41e3-90f7-6453a3f60387.chunk
printing to file: /home/grads/a/acoskuner500/csce616/lab10_regression/lab10/sim/regression/htax_regress.acoskuner500.22_11_28_11_23_09_7700/htax_regress.vsof
runs data dir is: /home/vmanager/vmgr_2003profile/chunks/projects/vmgr
Chunk name is: /home/vmanager/vmgr_2003profile/chunks/projects/vmgr/of_sessions/htax_regress.acoskuner500.22_11_28_11_23_09_7700/60_77da672e-6f41-11ed-870b-1326f74f3387.chunk
From offset: 0
To offset: 4294967295
Mon Nov 28 11:24:15 CST 2022
/opt/coe/cadence/vmanager/tools/vmgr/runner/bin/vm_append_to_vsof.pl
printing from file: /home/grads/a/acoskuner500/csce616/lab10_regression/lab10/sim/regression/htax_regress.acoskuner500.22_11_28_11_23_09_7700/chain_0/.a78bc0b6-1867-4df2-aac9-b5c4a9d71702.chunk
printing to file: /home/grads/a/acoskuner500/csce616/lab10_regression/lab10/sim/regression/htax_regress.acoskuner500.22_11_28_11_23_09_7700/htax_regress.vsof
runs data dir is: /home/vmanager/vmgr_2003profile/chunks/projects/vmgr
Chunk name is: /home/vmanager/vmgr_2003profile/chunks/projects/vmgr/of_sessions/htax_regress.acoskuner500.22_11_28_11_23_09_7700/60_7b835322-6f41-11ed-bd2b-7f54be6728e9.chunk
From offset: 0
To offset: 4294967295
Mon Nov 28 11:24:18 CST 2022
/opt/coe/cadence/vmanager/tools/vmgr/runner/bin/vm_append_to_vsof.pl
printing from file: /home/grads/a/acoskuner500/csce616/lab10_regression/lab10/sim/regression/htax_regress.acoskuner500.22_11_28_11_23_09_7700/chain_0/.ad0ff5f3-56e7-49da-8076-207a6dfd638f.chunk
printing to file: /home/grads/a/acoskuner500/csce616/lab10_regression/lab10/sim/regression/htax_regress.acoskuner500.22_11_28_11_23_09_7700/htax_regress.vsof
runs data dir is: /home/vmanager/vmgr_2003profile/chunks/projects/vmgr
Chunk name is: /home/vmanager/vmgr_2003profile/chunks/projects/vmgr/of_sessions/htax_regress.acoskuner500.22_11_28_11_23_09_7700/60_7d64d5d0-6f41-11ed-b1b9-c762b252efa8.chunk
From offset: 0
To offset: 4294967295
Mon Nov 28 11:24:21 CST 2022
/opt/coe/cadence/vmanager/tools/vmgr/runner/bin/vm_append_to_vsof.pl
printing from file: /home/grads/a/acoskuner500/csce616/lab10_regression/lab10/sim/regression/htax_regress.acoskuner500.22_11_28_11_23_09_7700/chain_0/.9b96c17a-4bed-412a-b594-0a8f6141e1bf.chunk
printing to file: /home/grads/a/acoskuner500/csce616/lab10_regression/lab10/sim/regression/htax_regress.acoskuner500.22_11_28_11_23_09_7700/htax_regress.vsof
runs data dir is: /home/vmanager/vmgr_2003profile/chunks/projects/vmgr
Chunk name is: /home/vmanager/vmgr_2003profile/chunks/projects/vmgr/of_sessions/htax_regress.acoskuner500.22_11_28_11_23_09_7700/60_7f448a26-6f41-11ed-aabe-0b6cbf8b1096.chunk
From offset: 0
To offset: 4294967295
Mon Nov 28 11:24:24 CST 2022
/opt/coe/cadence/vmanager/tools/vmgr/runner/bin/vm_append_to_vsof.pl
printing from file: /home/grads/a/acoskuner500/csce616/lab10_regression/lab10/sim/regression/htax_regress.acoskuner500.22_11_28_11_23_09_7700/chain_0/.d99834f0-569c-433a-8308-4cb784efeb27.chunk
printing to file: /home/grads/a/acoskuner500/csce616/lab10_regression/lab10/sim/regression/htax_regress.acoskuner500.22_11_28_11_23_09_7700/htax_regress.vsof
runs data dir is: /home/vmanager/vmgr_2003profile/chunks/projects/vmgr
Chunk name is: /home/vmanager/vmgr_2003profile/chunks/projects/vmgr/of_sessions/htax_regress.acoskuner500.22_11_28_11_23_09_7700/60_812419f6-6f41-11ed-a32f-cff14cb8b50d.chunk
From offset: 0
To offset: 4294967295
Mon Nov 28 11:24:31 CST 2022
/opt/coe/cadence/vmanager/tools/vmgr/runner/bin/vm_append_to_vsof.pl
printing from file: /home/grads/a/acoskuner500/csce616/lab10_regression/lab10/sim/regression/htax_regress.acoskuner500.22_11_28_11_23_09_7700/chain_0/.d85ce7af-ab0a-4c5f-b1b5-e5b51eb4e81b.chunk
printing to file: /home/grads/a/acoskuner500/csce616/lab10_regression/lab10/sim/regression/htax_regress.acoskuner500.22_11_28_11_23_09_7700/htax_regress.vsof
runs data dir is: /home/vmanager/vmgr_2003profile/chunks/projects/vmgr
Chunk name is: /home/vmanager/vmgr_2003profile/chunks/projects/vmgr/of_sessions/htax_regress.acoskuner500.22_11_28_11_23_09_7700/60_84cdac3e-6f41-11ed-9e55-5b4a6111f6d3.chunk
From offset: 0
To offset: 4294967295
Mon Nov 28 11:24:40 CST 2022
/opt/coe/cadence/vmanager/tools/vmgr/runner/bin/vm_append_to_vsof.pl
printing from file: /home/grads/a/acoskuner500/csce616/lab10_regression/lab10/sim/regression/htax_regress.acoskuner500.22_11_28_11_23_09_7700/chain_0/.759fc7ac-a0d8-4db9-9c7a-bc129973a1f8.chunk
printing to file: /home/grads/a/acoskuner500/csce616/lab10_regression/lab10/sim/regression/htax_regress.acoskuner500.22_11_28_11_23_09_7700/htax_regress.vsof
runs data dir is: /home/vmanager/vmgr_2003profile/chunks/projects/vmgr
Chunk name is: /home/vmanager/vmgr_2003profile/chunks/projects/vmgr/of_sessions/htax_regress.acoskuner500.22_11_28_11_23_09_7700/60_8a4210c4-6f41-11ed-b4f9-eb1438930ccc.chunk
From offset: 0
To offset: 4294967295
Mon Nov 28 11:24:43 CST 2022
/opt/coe/cadence/vmanager/tools/vmgr/runner/bin/vm_append_to_vsof.pl
printing from file: /home/grads/a/acoskuner500/csce616/lab10_regression/lab10/sim/regression/htax_regress.acoskuner500.22_11_28_11_23_09_7700/chain_0/.dc3b4a2f-aec8-4eda-89af-81ed818243b6.chunk
printing to file: /home/grads/a/acoskuner500/csce616/lab10_regression/lab10/sim/regression/htax_regress.acoskuner500.22_11_28_11_23_09_7700/htax_regress.vsof
runs data dir is: /home/vmanager/vmgr_2003profile/chunks/projects/vmgr
Chunk name is: /home/vmanager/vmgr_2003profile/chunks/projects/vmgr/of_sessions/htax_regress.acoskuner500.22_11_28_11_23_09_7700/60_8c2d9e1c-6f41-11ed-8ea7-0b35ea417648.chunk
From offset: 0
To offset: 4294967295
Mon Nov 28 11:24:46 CST 2022
/opt/coe/cadence/vmanager/tools/vmgr/runner/bin/vm_append_to_vsof.pl
printing from file: /home/grads/a/acoskuner500/csce616/lab10_regression/lab10/sim/regression/htax_regress.acoskuner500.22_11_28_11_23_09_7700/chain_0/.dced3a8e-bbd1-464d-8ed4-f379a2103305.chunk
printing to file: /home/grads/a/acoskuner500/csce616/lab10_regression/lab10/sim/regression/htax_regress.acoskuner500.22_11_28_11_23_09_7700/htax_regress.vsof
runs data dir is: /home/vmanager/vmgr_2003profile/chunks/projects/vmgr
Chunk name is: /home/vmanager/vmgr_2003profile/chunks/projects/vmgr/of_sessions/htax_regress.acoskuner500.22_11_28_11_23_09_7700/60_8e166c7c-6f41-11ed-be3e-b32e7cfd793e.chunk
From offset: 0
To offset: 4294967295
Mon Nov 28 11:24:49 CST 2022
/opt/coe/cadence/vmanager/tools/vmgr/runner/bin/vm_append_to_vsof.pl
printing from file: /home/grads/a/acoskuner500/csce616/lab10_regression/lab10/sim/regression/htax_regress.acoskuner500.22_11_28_11_23_09_7700/chain_0/.96e4d204-a9d3-4bb3-aa49-c20ba5624b44.chunk
printing to file: /home/grads/a/acoskuner500/csce616/lab10_regression/lab10/sim/regression/htax_regress.acoskuner500.22_11_28_11_23_09_7700/htax_regress.vsof
runs data dir is: /home/vmanager/vmgr_2003profile/chunks/projects/vmgr
Chunk name is: /home/vmanager/vmgr_2003profile/chunks/projects/vmgr/of_sessions/htax_regress.acoskuner500.22_11_28_11_23_09_7700/60_8ff7060a-6f41-11ed-93e2-073727df992a.chunk
From offset: 0
To offset: 4294967295
Mon Nov 28 11:24:55 CST 2022
/opt/coe/cadence/vmanager/tools/vmgr/runner/bin/vm_append_to_vsof.pl
printing from file: /home/grads/a/acoskuner500/csce616/lab10_regression/lab10/sim/regression/htax_regress.acoskuner500.22_11_28_11_23_09_7700/chain_0/.ce9a63c9-fd7c-4293-bff9-17a4f8faf65d.chunk
printing to file: /home/grads/a/acoskuner500/csce616/lab10_regression/lab10/sim/regression/htax_regress.acoskuner500.22_11_28_11_23_09_7700/htax_regress.vsof
runs data dir is: /home/vmanager/vmgr_2003profile/chunks/projects/vmgr
Chunk name is: /home/vmanager/vmgr_2003profile/chunks/projects/vmgr/of_sessions/htax_regress.acoskuner500.22_11_28_11_23_09_7700/60_93a5cf5c-6f41-11ed-84b3-03eb0698c5aa.chunk
From offset: 0
To offset: 4294967295
Mon Nov 28 11:25:00 CST 2022
/opt/coe/cadence/vmanager/tools/vmgr/runner/bin/vm_append_to_vsof.pl
printing from file: /home/grads/a/acoskuner500/csce616/lab10_regression/lab10/sim/regression/htax_regress.acoskuner500.22_11_28_11_23_09_7700/chain_0/.36250189-740e-4d8b-9ea9-ac4a66603a00.chunk
printing to file: /home/grads/a/acoskuner500/csce616/lab10_regression/lab10/sim/regression/htax_regress.acoskuner500.22_11_28_11_23_09_7700/htax_regress.vsof
runs data dir is: /home/vmanager/vmgr_2003profile/chunks/projects/vmgr
Chunk name is: /home/vmanager/vmgr_2003profile/chunks/projects/vmgr/of_sessions/htax_regress.acoskuner500.22_11_28_11_23_09_7700/60_96205392-6f41-11ed-9f82-2710fd2bf020.chunk
From offset: 0
To offset: 4294967295
Mon Nov 28 11:25:01 CST 2022
/opt/coe/cadence/vmanager/tools/vmgr/runner/bin/vm_append_to_vsof.pl
printing from file: /home/grads/a/acoskuner500/csce616/lab10_regression/lab10/sim/regression/htax_regress.acoskuner500.22_11_28_11_23_09_7700/chain_0/.post_session_script_data.txt
printing to file: /home/grads/a/acoskuner500/csce616/lab10_regression/lab10/sim/regression/htax_regress.acoskuner500.22_11_28_11_23_09_7700/htax_regress.vsof
runs data dir is: /home/vmanager/vmgr_2003profile/chunks/projects/vmgr
Chunk name is: /home/vmanager/vmgr_2003profile/chunks/projects/vmgr/of_sessions/htax_regress.acoskuner500.22_11_28_11_23_09_7700/55_96cf9596-6f41-11ed-9167-f729395b7cd7.chunk
From offset: 0
To offset: 4294967295
Mon Nov 28 11:25:01 CST 2022
/opt/coe/cadence/vmanager/tools/vmgr/runner/bin/vm_append_to_vsof.pl
printing from file: /home/grads/a/acoskuner500/csce616/lab10_regression/lab10/sim/regression/htax_regress.acoskuner500.22_11_28_11_23_09_7700/chain_0/.post_session_script_data2.txt
printing to file: /home/grads/a/acoskuner500/csce616/lab10_regression/lab10/sim/regression/htax_regress.acoskuner500.22_11_28_11_23_09_7700/htax_regress.vsof
runs data dir is: /home/vmanager/vmgr_2003profile/chunks/projects/vmgr
Chunk name is: /home/vmanager/vmgr_2003profile/chunks/projects/vmgr/of_sessions/htax_regress.acoskuner500.22_11_28_11_23_09_7700/55_973c366a-6f41-11ed-a42a-03c948f6646d.chunk
From offset: 0
To offset: 4294967295
