xrun: 22.03-s004: (c) Copyright 1995-2022 Cadence Design Systems, Inc.
TOOL:	xrun	22.03-s004: Started on Sep 12, 2022 at 11:45:10 CDT
irun
	-f run.f
		+access+rwc
		-timescale 1ns/1ns
		../design/cache_mem.sv
		../tb/cache_mem_tb.sv
		../tb/cache_mem_intf.sv
		../tb/top.sv
xrun: *W,NCEXDEP: Executable (irun) is deprecated. Use (xrun) instead.
Recompiling... reason: file '../design/cache_mem.sv' is newer than expected.
	expected: Mon Sep 12 11:44:22 2022
	actual:   Mon Sep 12 11:45:09 2022
file: ../design/cache_mem.sv
	module worklib.cache_mem:sv
		errors: 0, warnings: 0
		Caching library 'worklib' ....... Done
	Elaborating the design hierarchy:
	Top level design units:
		top
xmelab: *W,DSEMEL: This SystemVerilog design will be simulated as per IEEE 1800-2009 SystemVerilog simulation semantics. Use -disable_sem2009 option for turning off SV 2009 simulation semantics.
	Building instance overlay tables: .................... Done
	Generating native compiled code:
		worklib.cache_mem:sv <0x465d9975>
			streams:  10, words:  9697
	Building instance specific data structures.
	Loading native compiled code:     .................... Done
	Design hierarchy summary:
		                 Instances  Unique
		Modules:                 3       3
		Interfaces:              1       1
		Registers:              31      31
		Scalar wires:            6       -
		Vectored wires:          4       -
		Always blocks:           2       2
		Initial blocks:          4       4
		Pseudo assignments:      7       7
		Simulation timescale:  1ns
	Writing initial simulation snapshot: worklib.top:sv
Loading snapshot worklib.top:sv .................... Done
SVSEED default: 1
xmsim: *W,DSEM2009: This SystemVerilog design is simulated as per IEEE 1800-2009 SystemVerilog simulation semantics. Use -disable_sem2009 option for turning off SV 2009 simulation semantics.
xcelium> source /opt/coe/cadence/XCELIUM/tools/xcelium/files/xmsimrc
xcelium> run
Asynch Memory Reset
Check reset
Read addr: 0, data: 0
Read addr: 0, data: 0
Read addr: 0, data: 0
Read addr: 0, data: 0
Read addr: 0, data: 0
Read addr: 0, data: 0
Read addr: 0, data: 0
Read addr: 0, data: 0
Read addr: 0, data: 0
Read addr: 0, data: 0
Read addr: 0, data: 0
Read addr: 0, data: 0
Read addr: 0, data: 0
Read addr: 0, data: 0
Read addr: 0, data: 0
Read addr: 0, data: 0
Read addr: 0, data: 0
Read addr: 0, data: 0
Read addr: 0, data: 0
Read addr: 0, data: 0
Read addr: 0, data: 0
Read addr: 0, data: 0
Read addr: 0, data: 0
Read addr: 0, data: 0
Read addr: 0, data: 0
Read addr: 0, data: 0
Read addr: 0, data: 0
Read addr: 0, data: 0
Read addr: 0, data: 0
Read addr: 0, data: 0
Read addr: 0, data: 0
Read addr: 0, data: 0
Read addr: 0, data: 0
Read addr: 0, data: 1
Read addr: 0, data: 2
Read addr: 0, data: 3
Read addr: 0, data: 4
Read addr: 0, data: 5
Read addr: 0, data: 6
Read addr: 0, data: 7
Read addr: 0, data: 8
Read addr: 0, data: 9
Read addr: 1, data: 0
Read addr: 1, data: 1
Read addr: 1, data: 2
Read addr: 1, data: 3
Read addr: 1, data: 4
Read addr: 1, data: 5
Read addr: 1, data: 6
Read addr: 1, data: 7
Read addr: 1, data: 8
Read addr: 1, data: 9
Read addr: 2, data: 0
Read addr: 2, data: 1
Read addr: 2, data: 2
Read addr: 2, data: 3
Read addr: 2, data: 4
Read addr: 2, data: 5
Read addr: 2, data: 6
Read addr: 2, data: 7
Read addr: 2, data: 8
Read addr: 2, data: 9
Read addr: 3, data: 0
Read addr: 3, data: 1
Read addr: 3, data: 2
Read addr: 3, data: 3
Read addr: 3, data: 4
Read addr: 3, data: 5
Read addr: 3, data: 6
Read addr: 3, data: 7
Read addr: 3, data: 8
Read addr: 3, data: 9
Read addr: 4, data: 0
Read addr: 4, data: 1
Read addr: 4, data: 2
Read addr: 4, data: 3
Read addr: 4, data: 4
Read addr: 4, data: 5
Read addr: 4, data: 6
Read addr: 4, data: 7
Read addr: 4, data: 8
Read addr: 4, data: 9
Read addr: 5, data: 0
Read addr: 5, data: 1
Read addr: 5, data: 2
Read addr: 5, data: 3
Read addr: 5, data: 4
Read addr: 5, data: 5
Read addr: 5, data: 6
Read addr: 5, data: 7
Read addr: 5, data: 8
Read addr: 5, data: 9
Read addr: 6, data: 0
Read addr: 6, data: 1
Read addr: 6, data: 2
Read addr: 6, data: 3
Read addr: 6, data: 4
Read addr: 6, data: 5
Read addr: 6, data: 6
Read addr: 6, data: 7
Read addr: 6, data: 8
Read addr: 6, data: 9
Read addr: 7, data: 0
Read addr: 7, data: 1
Read addr: 7, data: 2
Read addr: 7, data: 3
Read addr: 7, data: 4
Read addr: 7, data: 5
Read addr: 7, data: 6
Read addr: 7, data: 7
Read addr: 7, data: 8
Read addr: 7, data: 9
Read addr: 8, data: 0
Read addr: 8, data: 1
Read addr: 8, data: 2
Read addr: 8, data: 3
Read addr: 8, data: 4
Read addr: 8, data: 5
Read addr: 8, data: 6
Read addr: 8, data: 7
Read addr: 8, data: 8
Read addr: 8, data: 9
Read addr: 9, data: 0
Read addr: 9, data: 1
Read addr: 9, data: 2
Read addr: 9, data: 3
Read addr: 9, data: 4
Read addr: 9, data: 5
Read addr: 9, data: 6
Read addr: 9, data: 7
Read addr: 9, data: 8
Read addr: 9, data: 9
Read addr: 10, data: 0
Read addr: 10, data: 1
Read addr: 10, data: 2
Read addr: 10, data: 3
Read addr: 10, data: 4
Read addr: 10, data: 5
Read addr: 10, data: 6
Read addr: 10, data: 7
Read addr: 10, data: 8
Read addr: 10, data: 9
Read addr: 11, data: 0
Read addr: 11, data: 1
Read addr: 11, data: 2
Read addr: 11, data: 3
Read addr: 11, data: 4
Read addr: 11, data: 5
Read addr: 11, data: 6
Read addr: 11, data: 7
Read addr: 11, data: 8
Read addr: 11, data: 9
Read addr: 12, data: 0
Read addr: 12, data: 1
Read addr: 12, data: 2
Read addr: 12, data: 3
Read addr: 12, data: 4
Read addr: 12, data: 5
Read addr: 12, data: 6
Read addr: 12, data: 7
Read addr: 12, data: 8
Read addr: 12, data: 9
Read addr: 13, data: 0
Read addr: 13, data: 1
Read addr: 13, data: 2
Read addr: 13, data: 3
Read addr: 13, data: 4
Read addr: 13, data: 5
Read addr: 13, data: 6
Read addr: 13, data: 7
Read addr: 13, data: 8
Read addr: 13, data: 9
Read addr: 14, data: 0
Read addr: 14, data: 1
Read addr: 14, data: 2
Read addr: 14, data: 3
Read addr: 14, data: 4
Read addr: 14, data: 5
Read addr: 14, data: 6
Read addr: 14, data: 7
Read addr: 14, data: 8
Read addr: 14, data: 9
Read addr: 15, data: 0
Read addr: 15, data: 1
Read addr: 15, data: 2
Read addr: 15, data: 3
Read addr: 15, data: 4
Read addr: 15, data: 5
Read addr: 15, data: 6
Read addr: 15, data: 7
Read addr: 15, data: 8
Read addr: 15, data: 9
Read addr: 16, data: 0
Read addr: 16, data: 1
Read addr: 16, data: 2
Read addr: 16, data: 3
Read addr: 16, data: 4
Read addr: 16, data: 5
Read addr: 16, data: 6
Read addr: 16, data: 7
Read addr: 16, data: 8
Read addr: 16, data: 9
Read addr: 17, data: 0
Read addr: 17, data: 1
Read addr: 17, data: 2
Read addr: 17, data: 3
Read addr: 17, data: 4
Read addr: 17, data: 5
Read addr: 17, data: 6
Read addr: 17, data: 7
Read addr: 17, data: 8
Read addr: 17, data: 9
Read addr: 18, data: 0
Read addr: 18, data: 1
Read addr: 18, data: 2
Read addr: 18, data: 3
Read addr: 18, data: 4
Read addr: 18, data: 5
Read addr: 18, data: 6
Read addr: 18, data: 7
Read addr: 18, data: 8
Read addr: 18, data: 9
Read addr: 19, data: 0
Read addr: 19, data: 1
Read addr: 19, data: 2
Read addr: 19, data: 3
Read addr: 19, data: 4
Read addr: 19, data: 5
Read addr: 19, data: 6
Read addr: 19, data: 7
Read addr: 19, data: 8
Read addr: 19, data: 9
Read addr: 20, data: 0
Read addr: 20, data: 1
Read addr: 20, data: 2
Read addr: 20, data: 3
Read addr: 20, data: 4
Read addr: 20, data: 5
Read addr: 20, data: 6
Read addr: 20, data: 7
Read addr: 20, data: 8
Read addr: 20, data: 9
Read addr: 21, data: 0
Read addr: 21, data: 1
Read addr: 21, data: 2
Read addr: 21, data: 3
Read addr: 21, data: 4
Read addr: 21, data: 5
Read addr: 21, data: 6
Read addr: 21, data: 7
Read addr: 21, data: 8
Read addr: 21, data: 9
Read addr: 22, data: 0
Read addr: 22, data: 1
Read addr: 22, data: 2
Read addr: 22, data: 3
Read addr: 22, data: 4
Read addr: 22, data: 5
Read addr: 22, data: 6
Read addr: 22, data: 7
Read addr: 22, data: 8
Read addr: 22, data: 9
Read addr: 23, data: 0
Read addr: 23, data: 1
Read addr: 23, data: 2
Read addr: 23, data: 3
Read addr: 23, data: 4
Read addr: 23, data: 5
Read addr: 23, data: 6
Read addr: 23, data: 7
Read addr: 23, data: 8
Read addr: 23, data: 9
Read addr: 24, data: 0
Read addr: 24, data: 1
Read addr: 24, data: 2
Read addr: 24, data: 3
Read addr: 24, data: 4
Read addr: 24, data: 5
Read addr: 24, data: 6
Read addr: 24, data: 7
Read addr: 24, data: 8
Read addr: 24, data: 9
Read addr: 25, data: 0
Read addr: 25, data: 1
Read addr: 25, data: 2
Read addr: 25, data: 3
Read addr: 25, data: 4
Read addr: 25, data: 5
Read addr: 25, data: 6
Read addr: 25, data: 7
Read addr: 25, data: 8
Read addr: 25, data: 9
Read addr: 26, data: 0
Read addr: 26, data: 1
Read addr: 26, data: 2
Read addr: 26, data: 3
Read addr: 26, data: 4
Read addr: 26, data: 5
Read addr: 26, data: 6
Read addr: 26, data: 7
Read addr: 26, data: 8
Read addr: 26, data: 9
Read addr: 27, data: 0
Read addr: 27, data: 1
Read addr: 27, data: 2
Read addr: 27, data: 3
Read addr: 27, data: 4
Read addr: 27, data: 5
Read addr: 27, data: 6
Read addr: 27, data: 7
Read addr: 27, data: 8
Read addr: 27, data: 9
Read addr: 28, data: 0
Read addr: 28, data: 1
Read addr: 28, data: 2
Read addr: 28, data: 3
Read addr: 28, data: 4
Read addr: 28, data: 5
Read addr: 28, data: 6
Read addr: 28, data: 7
Read addr: 28, data: 8
Read addr: 28, data: 9
Read addr: 29, data: 0
Read addr: 29, data: 1
Read addr: 29, data: 2
Read addr: 29, data: 3
Read addr: 29, data: 4
Read addr: 29, data: 5
Read addr: 29, data: 6
Read addr: 29, data: 7
Read addr: 29, data: 8
Read addr: 29, data: 9
Read addr: 30, data: 0
Read addr: 30, data: 1
Read addr: 30, data: 2
Read addr: 30, data: 3
Read addr: 30, data: 4
Read addr: 30, data: 5
Read addr: 30, data: 6
Read addr: 30, data: 7
Read addr: 30, data: 8
Read addr: 30, data: 9
Read addr: 31, data: 0
Read addr: 31, data: 1
Read addr: 31, data: 2
Read addr: 31, data: 3
Read addr: 31, data: 4
Read addr: 31, data: 5
Read addr: 31, data: 6
Read addr: 31, data: 7
Read addr: 31, data: 8
Read addr: 31, data: 9
Random 1000 writes
Check random read
Read addr: 0, data: 233
Read addr: 1, data: 36
Read addr: 2, data: 244
Read addr: 3, data: 0
Read addr: 4, data: 37
Read addr: 5, data: 159
Read addr: 6, data: 47
Read addr: 7, data: 133
Read addr: 8, data: 87
Read addr: 9, data: 245
Read addr: 10, data: 121
Read addr: 11, data: 83
Read addr: 12, data: 50
Read addr: 13, data: 127
Read addr: 14, data: 15
Read addr: 15, data: 35
Read addr: 16, data: 36
Read addr: 17, data: 67
Read addr: 18, data: 205
Read addr: 19, data: 78
Read addr: 20, data: 70
Read addr: 21, data: 223
Read addr: 22, data: 121
Read addr: 23, data: 118
Read addr: 24, data: 197
Read addr: 25, data: 77
Read addr: 26, data: 74
Read addr: 27, data: 133
Read addr: 28, data: 42
Read addr: 29, data: 202
Read addr: 30, data: 193
Read addr: 31, data: 92
Random regression
Read addr: 26, data: 74
Write addr: 26, data: 138
Read addr: 26, data: 138
Read addr: 25, data: 77
Write addr: 25, data: 22
Read addr: 25, data: 22
Read addr: 1, data: 36
Write addr: 1, data: 189
Read addr: 1, data: 189
Read addr: 19, data: 78
Write addr: 19, data: 15
Read addr: 19, data: 15
Read addr: 16, data: 36
Write addr: 16, data: 220
Read addr: 16, data: 220
Read addr: 17, data: 67
Write addr: 17, data: 214
Read addr: 17, data: 214
Read addr: 8, data: 87
Write addr: 8, data: 233
Read addr: 8, data: 233
Read addr: 20, data: 70
Write addr: 20, data: 91
Read addr: 20, data: 91
Read addr: 6, data: 47
Write addr: 6, data: 165
Read addr: 6, data: 165
Read addr: 22, data: 121
Write addr: 22, data: 14
Read addr: 22, data: 14
Read addr: 3, data: 0
Write addr: 3, data: 11
Read addr: 3, data: 11
Read addr: 13, data: 127
Write addr: 13, data: 87
Read addr: 13, data: 87
Read addr: 19, data: 15
Write addr: 19, data: 211
Read addr: 19, data: 211
Read addr: 13, data: 87
Write addr: 13, data: 30
Read addr: 13, data: 30
Read addr: 9, data: 245
Write addr: 9, data: 242
Read addr: 9, data: 242
Read addr: 5, data: 159
Write addr: 5, data: 67
Read addr: 5, data: 67
Read addr: 15, data: 35
Write addr: 15, data: 23
Read addr: 15, data: 23
Read addr: 31, data: 92
Write addr: 31, data: 36
Read addr: 31, data: 36
Read addr: 16, data: 220
Write addr: 16, data: 45
Read addr: 16, data: 45
Read addr: 2, data: 244
Write addr: 2, data: 28
Read addr: 2, data: 28
Read addr: 17, data: 214
Write addr: 17, data: 222
Read addr: 17, data: 222
Read addr: 18, data: 205
Write addr: 18, data: 0
Read addr: 18, data: 0
Read addr: 17, data: 222
Write addr: 17, data: 12
Read addr: 17, data: 12
Read addr: 12, data: 50
Write addr: 12, data: 162
Read addr: 12, data: 162
Read addr: 14, data: 15
Write addr: 14, data: 87
Read addr: 14, data: 87
Read addr: 12, data: 162
Write addr: 12, data: 80
Read addr: 12, data: 80
Read addr: 1, data: 189
Write addr: 1, data: 156
Read addr: 1, data: 156
Read addr: 10, data: 121
Write addr: 10, data: 84
Read addr: 10, data: 84
Read addr: 31, data: 36
Write addr: 31, data: 115
Read addr: 31, data: 115
Read addr: 22, data: 14
Write addr: 22, data: 116
Read addr: 22, data: 116
Read addr: 25, data: 22
Write addr: 25, data: 174
Read addr: 25, data: 174
Read addr: 2, data: 28
Write addr: 2, data: 113
Read addr: 2, data: 113
Read addr: 27, data: 133
Write addr: 27, data: 223
Read addr: 27, data: 223
Read addr: 23, data: 118
Write addr: 23, data: 138
Read addr: 23, data: 138
Read addr: 14, data: 87
Write addr: 14, data: 209
Read addr: 14, data: 209
Read addr: 28, data: 42
Write addr: 28, data: 248
Read addr: 28, data: 248
Read addr: 23, data: 138
Write addr: 23, data: 11
Read addr: 23, data: 11
Read addr: 20, data: 91
Write addr: 20, data: 114
Read addr: 20, data: 114
Read addr: 24, data: 197
Write addr: 24, data: 82
Read addr: 24, data: 82
Read addr: 30, data: 193
Write addr: 30, data: 169
Read addr: 30, data: 169
Read addr: 13, data: 30
Write addr: 13, data: 38
Read addr: 13, data: 38
Read addr: 21, data: 223
Write addr: 21, data: 202
Read addr: 21, data: 202
Read addr: 14, data: 209
Write addr: 14, data: 66
Read addr: 14, data: 66
Read addr: 16, data: 45
Write addr: 16, data: 1
Read addr: 16, data: 1
Read addr: 17, data: 12
Write addr: 17, data: 30
Read addr: 17, data: 30
Read addr: 1, data: 156
Write addr: 1, data: 242
Read addr: 1, data: 242
Read addr: 7, data: 133
Write addr: 7, data: 111
Read addr: 7, data: 111
Read addr: 24, data: 82
Write addr: 24, data: 64
Read addr: 24, data: 64
Read addr: 28, data: 248
Write addr: 28, data: 163
Read addr: 28, data: 163
Read addr: 0, data: 233
Write addr: 0, data: 8
Read addr: 0, data: 8
Read addr: 25, data: 174
Write addr: 25, data: 104
Read addr: 25, data: 104
Read addr: 31, data: 115
Write addr: 31, data: 101
Read addr: 31, data: 101
Read addr: 4, data: 37
Write addr: 4, data: 36
Read addr: 4, data: 36
Read addr: 23, data: 11
Write addr: 23, data: 236
Read addr: 23, data: 236
Read addr: 29, data: 202
Write addr: 29, data: 124
Read addr: 29, data: 124
Read addr: 9, data: 242
Write addr: 9, data: 47
Read addr: 9, data: 47
Read addr: 1, data: 242
Write addr: 1, data: 208
Read addr: 1, data: 208
Read addr: 15, data: 23
Write addr: 15, data: 60
Read addr: 15, data: 60
Read addr: 8, data: 233
Write addr: 8, data: 187
Read addr: 8, data: 187
Read addr: 0, data: 8
Write addr: 0, data: 29
Read addr: 0, data: 29
Read addr: 8, data: 187
Write addr: 8, data: 149
Read addr: 8, data: 149
Read addr: 14, data: 66
Write addr: 14, data: 88
Read addr: 14, data: 88
Read addr: 18, data: 0
Write addr: 18, data: 243
Read addr: 18, data: 243
Read addr: 9, data: 47
Write addr: 9, data: 110
Read addr: 9, data: 110
Read addr: 19, data: 211
Write addr: 19, data: 35
Read addr: 19, data: 35
Read addr: 27, data: 223
Write addr: 27, data: 94
Read addr: 27, data: 94
Read addr: 18, data: 243
Write addr: 18, data: 179
Read addr: 18, data: 179
Read addr: 11, data: 83
Write addr: 11, data: 33
Read addr: 11, data: 33
Read addr: 22, data: 116
Write addr: 22, data: 233
Read addr: 22, data: 233
Read addr: 29, data: 124
Write addr: 29, data: 45
Read addr: 29, data: 45
Read addr: 31, data: 101
Write addr: 31, data: 74
Read addr: 31, data: 74
Read addr: 15, data: 60
Write addr: 15, data: 245
Read addr: 15, data: 245
Read addr: 10, data: 84
Write addr: 10, data: 22
Read addr: 10, data: 22
Read addr: 27, data: 94
Write addr: 27, data: 101
Read addr: 27, data: 101
Read addr: 16, data: 1
Write addr: 16, data: 200
Read addr: 16, data: 200
Read addr: 25, data: 104
Write addr: 25, data: 105
Read addr: 25, data: 105
Read addr: 6, data: 165
Write addr: 6, data: 152
Read addr: 6, data: 152
Read addr: 28, data: 163
Write addr: 28, data: 101
Read addr: 28, data: 101
Read addr: 28, data: 101
Write addr: 28, data: 251
Read addr: 28, data: 251
Read addr: 19, data: 35
Write addr: 19, data: 188
Read addr: 19, data: 188
Read addr: 31, data: 74
Write addr: 31, data: 31
Read addr: 31, data: 31
Read addr: 8, data: 149
Write addr: 8, data: 75
Read addr: 8, data: 75
Read addr: 25, data: 105
Write addr: 25, data: 114
Read addr: 25, data: 114
Read addr: 2, data: 113
Write addr: 2, data: 237
Read addr: 2, data: 237
Read addr: 14, data: 88
Write addr: 14, data: 26
Read addr: 14, data: 26
Read addr: 4, data: 36
Write addr: 4, data: 247
Read addr: 4, data: 247
Read addr: 0, data: 29
Write addr: 0, data: 124
Read addr: 0, data: 124
Read addr: 14, data: 26
Write addr: 14, data: 187
Read addr: 14, data: 187
Read addr: 10, data: 22
Write addr: 10, data: 183
Read addr: 10, data: 183
Read addr: 25, data: 114
Write addr: 25, data: 7
Read addr: 25, data: 7
Read addr: 6, data: 152
Write addr: 6, data: 40
Read addr: 6, data: 40
Read addr: 29, data: 45
Write addr: 29, data: 165
Read addr: 29, data: 165
Read addr: 9, data: 110
Write addr: 9, data: 231
Read addr: 9, data: 231
Read addr: 13, data: 38
Write addr: 13, data: 218
Read addr: 13, data: 218
Read addr: 3, data: 11
Write addr: 3, data: 70
Read addr: 3, data: 70
Read addr: 23, data: 236
Write addr: 23, data: 233
Read addr: 23, data: 233
Read addr: 2, data: 237
Write addr: 2, data: 87
Read addr: 2, data: 87
Read addr: 6, data: 40
Write addr: 6, data: 144
Read addr: 6, data: 144
Read addr: 14, data: 187
Write addr: 14, data: 100
Read addr: 14, data: 100
Read addr: 2, data: 87
Write addr: 2, data: 136
Read addr: 2, data: 136
Mismatches: 0
Simulation complete via $finish(1) at time 40080 NS + 1
../tb/cache_mem_tb.sv:61 	$finish;
xcelium> exit
TOOL:	xrun	22.03-s004: Exiting on Sep 12, 2022 at 11:45:11 CDT  (total: 00:00:01)
