Mon Nov 28 10:28:56 CST 2022
/opt/coe/cadence/vmanager/tools/vmgr/runner/bin/vm_append_to_vsof.pl
printing from file: /home/grads/a/acoskuner500/csce616/lab10_regression/lab10/sim/regression/htax_regress.acoskuner500.22_11_28_10_28_44_0470/chain_0/tmp.txt
printing to file: /home/grads/a/acoskuner500/csce616/lab10_regression/lab10/sim/regression/htax_regress.acoskuner500.22_11_28_10_28_44_0470/htax_regress.vsof
runs data dir is: /home/vmanager/vmgr_2003profile/chunks/projects/vmgr
Chunk name is: /home/vmanager/vmgr_2003profile/chunks/projects/vmgr/of_sessions/htax_regress.acoskuner500.22_11_28_10_28_44_0470/10_c17ca944-6f39-11ed-9607-97c22e685b5a.chunk
From offset: 0
To offset: 4294967295
Mon Nov 28 10:28:57 CST 2022
/opt/coe/cadence/vmanager/tools/vmgr/runner/bin/vm_append_to_vsof.pl
printing from file: /home/grads/a/acoskuner500/csce616/lab10_regression/lab10/sim/regression/htax_regress.acoskuner500.22_11_28_10_28_44_0470/chain_0/.pre_session_script_data.txt
printing to file: /home/grads/a/acoskuner500/csce616/lab10_regression/lab10/sim/regression/htax_regress.acoskuner500.22_11_28_10_28_44_0470/htax_regress.vsof
runs data dir is: /home/vmanager/vmgr_2003profile/chunks/projects/vmgr
Chunk name is: /home/vmanager/vmgr_2003profile/chunks/projects/vmgr/of_sessions/htax_regress.acoskuner500.22_11_28_10_28_44_0470/10_c1f27be2-6f39-11ed-b705-6b151cfcc3c7.chunk
From offset: 0
To offset: 4294967295
Mon Nov 28 10:28:59 CST 2022
/opt/coe/cadence/vmanager/tools/vmgr/runner/bin/vm_append_to_vsof.pl
printing from file: /home/grads/a/acoskuner500/csce616/lab10_regression/lab10/sim/regression/htax_regress.acoskuner500.22_11_28_10_28_44_0470/chain_0/.818f8eb5-7103-491a-acd1-ecb4433e8209.chunk
printing to file: /home/grads/a/acoskuner500/csce616/lab10_regression/lab10/sim/regression/htax_regress.acoskuner500.22_11_28_10_28_44_0470/htax_regress.vsof
runs data dir is: /home/vmanager/vmgr_2003profile/chunks/projects/vmgr
Chunk name is: /home/vmanager/vmgr_2003profile/chunks/projects/vmgr/of_sessions/htax_regress.acoskuner500.22_11_28_10_28_44_0470/60_c2e79d16-6f39-11ed-a991-1bcd4be2a1dc.chunk
From offset: 0
To offset: 4294967295
Mon Nov 28 10:29:05 CST 2022
/opt/coe/cadence/vmanager/tools/vmgr/runner/bin/vm_append_to_vsof.pl
printing from file: /home/grads/a/acoskuner500/csce616/lab10_regression/lab10/sim/regression/htax_regress.acoskuner500.22_11_28_10_28_44_0470/chain_0/.8cdbee36-b1e4-4d76-8108-1cc662fa02fc.chunk
printing to file: /home/grads/a/acoskuner500/csce616/lab10_regression/lab10/sim/regression/htax_regress.acoskuner500.22_11_28_10_28_44_0470/htax_regress.vsof
runs data dir is: /home/vmanager/vmgr_2003profile/chunks/projects/vmgr
Chunk name is: /home/vmanager/vmgr_2003profile/chunks/projects/vmgr/of_sessions/htax_regress.acoskuner500.22_11_28_10_28_44_0470/60_c68fc2ea-6f39-11ed-9371-3b864e3f9405.chunk
From offset: 0
To offset: 4294967295
Mon Nov 28 10:29:08 CST 2022
/opt/coe/cadence/vmanager/tools/vmgr/runner/bin/vm_append_to_vsof.pl
printing from file: /home/grads/a/acoskuner500/csce616/lab10_regression/lab10/sim/regression/htax_regress.acoskuner500.22_11_28_10_28_44_0470/chain_0/.f72240e8-a86b-4ba1-86a8-bccb832d695e.chunk
printing to file: /home/grads/a/acoskuner500/csce616/lab10_regression/lab10/sim/regression/htax_regress.acoskuner500.22_11_28_10_28_44_0470/htax_regress.vsof
runs data dir is: /home/vmanager/vmgr_2003profile/chunks/projects/vmgr
Chunk name is: /home/vmanager/vmgr_2003profile/chunks/projects/vmgr/of_sessions/htax_regress.acoskuner500.22_11_28_10_28_44_0470/60_c86fa5bc-6f39-11ed-83e7-13533ab66584.chunk
From offset: 0
To offset: 4294967295
Mon Nov 28 10:29:14 CST 2022
/opt/coe/cadence/vmanager/tools/vmgr/runner/bin/vm_append_to_vsof.pl
printing from file: /home/grads/a/acoskuner500/csce616/lab10_regression/lab10/sim/regression/htax_regress.acoskuner500.22_11_28_10_28_44_0470/chain_0/.77469021-ed46-4e04-8670-858b10fc58ae.chunk
printing to file: /home/grads/a/acoskuner500/csce616/lab10_regression/lab10/sim/regression/htax_regress.acoskuner500.22_11_28_10_28_44_0470/htax_regress.vsof
runs data dir is: /home/vmanager/vmgr_2003profile/chunks/projects/vmgr
Chunk name is: /home/vmanager/vmgr_2003profile/chunks/projects/vmgr/of_sessions/htax_regress.acoskuner500.22_11_28_10_28_44_0470/60_cc18126c-6f39-11ed-a909-dfbc445296d5.chunk
From offset: 0
To offset: 4294967295
Mon Nov 28 10:29:23 CST 2022
/opt/coe/cadence/vmanager/tools/vmgr/runner/bin/vm_append_to_vsof.pl
printing from file: /home/grads/a/acoskuner500/csce616/lab10_regression/lab10/sim/regression/htax_regress.acoskuner500.22_11_28_10_28_44_0470/chain_0/.83e029ab-f2e5-47d7-a46b-caf4660ecc1a.chunk
printing to file: /home/grads/a/acoskuner500/csce616/lab10_regression/lab10/sim/regression/htax_regress.acoskuner500.22_11_28_10_28_44_0470/htax_regress.vsof
runs data dir is: /home/vmanager/vmgr_2003profile/chunks/projects/vmgr
Chunk name is: /home/vmanager/vmgr_2003profile/chunks/projects/vmgr/of_sessions/htax_regress.acoskuner500.22_11_28_10_28_44_0470/60_d18a908a-6f39-11ed-8543-db92409f12c6.chunk
From offset: 0
To offset: 4294967295
Mon Nov 28 10:29:29 CST 2022
/opt/coe/cadence/vmanager/tools/vmgr/runner/bin/vm_append_to_vsof.pl
printing from file: /home/grads/a/acoskuner500/csce616/lab10_regression/lab10/sim/regression/htax_regress.acoskuner500.22_11_28_10_28_44_0470/chain_0/.4271eadc-cbd4-4b1d-825d-12c6ed766e39.chunk
printing to file: /home/grads/a/acoskuner500/csce616/lab10_regression/lab10/sim/regression/htax_regress.acoskuner500.22_11_28_10_28_44_0470/htax_regress.vsof
runs data dir is: /home/vmanager/vmgr_2003profile/chunks/projects/vmgr
Chunk name is: /home/vmanager/vmgr_2003profile/chunks/projects/vmgr/of_sessions/htax_regress.acoskuner500.22_11_28_10_28_44_0470/60_d532be92-6f39-11ed-ae89-e7135a6dbf67.chunk
From offset: 0
To offset: 4294967295
Mon Nov 28 10:29:36 CST 2022
/opt/coe/cadence/vmanager/tools/vmgr/runner/bin/vm_append_to_vsof.pl
printing from file: /home/grads/a/acoskuner500/csce616/lab10_regression/lab10/sim/regression/htax_regress.acoskuner500.22_11_28_10_28_44_0470/chain_0/.1c203f73-c3fe-4f85-bdfc-f89c2360d91f.chunk
printing to file: /home/grads/a/acoskuner500/csce616/lab10_regression/lab10/sim/regression/htax_regress.acoskuner500.22_11_28_10_28_44_0470/htax_regress.vsof
runs data dir is: /home/vmanager/vmgr_2003profile/chunks/projects/vmgr
Chunk name is: /home/vmanager/vmgr_2003profile/chunks/projects/vmgr/of_sessions/htax_regress.acoskuner500.22_11_28_10_28_44_0470/60_d8db8e20-6f39-11ed-ae0b-33212f818b55.chunk
From offset: 0
To offset: 4294967295
Mon Nov 28 10:29:45 CST 2022
/opt/coe/cadence/vmanager/tools/vmgr/runner/bin/vm_append_to_vsof.pl
printing from file: /home/grads/a/acoskuner500/csce616/lab10_regression/lab10/sim/regression/htax_regress.acoskuner500.22_11_28_10_28_44_0470/chain_0/.00b8484a-8422-4894-9d86-ff0e25ce84ac.chunk
printing to file: /home/grads/a/acoskuner500/csce616/lab10_regression/lab10/sim/regression/htax_regress.acoskuner500.22_11_28_10_28_44_0470/htax_regress.vsof
runs data dir is: /home/vmanager/vmgr_2003profile/chunks/projects/vmgr
Chunk name is: /home/vmanager/vmgr_2003profile/chunks/projects/vmgr/of_sessions/htax_regress.acoskuner500.22_11_28_10_28_44_0470/60_de4e83f8-6f39-11ed-b847-4f18656afd34.chunk
From offset: 0
To offset: 4294967295
Mon Nov 28 10:29:48 CST 2022
/opt/coe/cadence/vmanager/tools/vmgr/runner/bin/vm_append_to_vsof.pl
printing from file: /home/grads/a/acoskuner500/csce616/lab10_regression/lab10/sim/regression/htax_regress.acoskuner500.22_11_28_10_28_44_0470/chain_0/.0382c83d-39c6-4ab8-9b98-e4a072bde60e.chunk
printing to file: /home/grads/a/acoskuner500/csce616/lab10_regression/lab10/sim/regression/htax_regress.acoskuner500.22_11_28_10_28_44_0470/htax_regress.vsof
runs data dir is: /home/vmanager/vmgr_2003profile/chunks/projects/vmgr
Chunk name is: /home/vmanager/vmgr_2003profile/chunks/projects/vmgr/of_sessions/htax_regress.acoskuner500.22_11_28_10_28_44_0470/60_e02e05ea-6f39-11ed-9b54-7b757b6f4bbc.chunk
From offset: 0
To offset: 4294967295
Mon Nov 28 10:29:51 CST 2022
/opt/coe/cadence/vmanager/tools/vmgr/runner/bin/vm_append_to_vsof.pl
printing from file: /home/grads/a/acoskuner500/csce616/lab10_regression/lab10/sim/regression/htax_regress.acoskuner500.22_11_28_10_28_44_0470/chain_0/.c26ce710-ecc1-4e98-84da-412fc1e16169.chunk
printing to file: /home/grads/a/acoskuner500/csce616/lab10_regression/lab10/sim/regression/htax_regress.acoskuner500.22_11_28_10_28_44_0470/htax_regress.vsof
runs data dir is: /home/vmanager/vmgr_2003profile/chunks/projects/vmgr
Chunk name is: /home/vmanager/vmgr_2003profile/chunks/projects/vmgr/of_sessions/htax_regress.acoskuner500.22_11_28_10_28_44_0470/60_e20e2bf6-6f39-11ed-90f1-f763fc4402f1.chunk
From offset: 0
To offset: 4294967295
Mon Nov 28 10:29:54 CST 2022
/opt/coe/cadence/vmanager/tools/vmgr/runner/bin/vm_append_to_vsof.pl
printing from file: /home/grads/a/acoskuner500/csce616/lab10_regression/lab10/sim/regression/htax_regress.acoskuner500.22_11_28_10_28_44_0470/chain_0/.64cf7d75-622f-4a8b-975a-289f1feb068f.chunk
printing to file: /home/grads/a/acoskuner500/csce616/lab10_regression/lab10/sim/regression/htax_regress.acoskuner500.22_11_28_10_28_44_0470/htax_regress.vsof
runs data dir is: /home/vmanager/vmgr_2003profile/chunks/projects/vmgr
Chunk name is: /home/vmanager/vmgr_2003profile/chunks/projects/vmgr/of_sessions/htax_regress.acoskuner500.22_11_28_10_28_44_0470/60_e3ed283c-6f39-11ed-a9c9-33f7cebef303.chunk
From offset: 0
To offset: 4294967295
Mon Nov 28 10:30:00 CST 2022
/opt/coe/cadence/vmanager/tools/vmgr/runner/bin/vm_append_to_vsof.pl
printing from file: /home/grads/a/acoskuner500/csce616/lab10_regression/lab10/sim/regression/htax_regress.acoskuner500.22_11_28_10_28_44_0470/chain_0/.f056b677-e6cc-4431-aae3-4ff6f3041af2.chunk
printing to file: /home/grads/a/acoskuner500/csce616/lab10_regression/lab10/sim/regression/htax_regress.acoskuner500.22_11_28_10_28_44_0470/htax_regress.vsof
runs data dir is: /home/vmanager/vmgr_2003profile/chunks/projects/vmgr
Chunk name is: /home/vmanager/vmgr_2003profile/chunks/projects/vmgr/of_sessions/htax_regress.acoskuner500.22_11_28_10_28_44_0470/60_e7969f18-6f39-11ed-879b-6bea68c0d7ea.chunk
From offset: 0
To offset: 4294967295
Mon Nov 28 10:30:03 CST 2022
/opt/coe/cadence/vmanager/tools/vmgr/runner/bin/vm_append_to_vsof.pl
printing from file: /home/grads/a/acoskuner500/csce616/lab10_regression/lab10/sim/regression/htax_regress.acoskuner500.22_11_28_10_28_44_0470/chain_0/.f0230351-f63f-4ef4-805b-b7e84fa93903.chunk
printing to file: /home/grads/a/acoskuner500/csce616/lab10_regression/lab10/sim/regression/htax_regress.acoskuner500.22_11_28_10_28_44_0470/htax_regress.vsof
runs data dir is: /home/vmanager/vmgr_2003profile/chunks/projects/vmgr
Chunk name is: /home/vmanager/vmgr_2003profile/chunks/projects/vmgr/of_sessions/htax_regress.acoskuner500.22_11_28_10_28_44_0470/60_e97627ea-6f39-11ed-9057-bf0bcb6f91f0.chunk
From offset: 0
To offset: 4294967295
Mon Nov 28 10:30:07 CST 2022
/opt/coe/cadence/vmanager/tools/vmgr/runner/bin/vm_append_to_vsof.pl
printing from file: /home/grads/a/acoskuner500/csce616/lab10_regression/lab10/sim/regression/htax_regress.acoskuner500.22_11_28_10_28_44_0470/chain_0/.d8e29d2f-9493-4dc1-bcd4-75d20a9087a5.chunk
printing to file: /home/grads/a/acoskuner500/csce616/lab10_regression/lab10/sim/regression/htax_regress.acoskuner500.22_11_28_10_28_44_0470/htax_regress.vsof
runs data dir is: /home/vmanager/vmgr_2003profile/chunks/projects/vmgr
Chunk name is: /home/vmanager/vmgr_2003profile/chunks/projects/vmgr/of_sessions/htax_regress.acoskuner500.22_11_28_10_28_44_0470/60_eb566066-6f39-11ed-b41e-6f0a0dbfda5a.chunk
From offset: 0
To offset: 4294967295
Mon Nov 28 10:30:13 CST 2022
/opt/coe/cadence/vmanager/tools/vmgr/runner/bin/vm_append_to_vsof.pl
printing from file: /home/grads/a/acoskuner500/csce616/lab10_regression/lab10/sim/regression/htax_regress.acoskuner500.22_11_28_10_28_44_0470/chain_0/.bcb7fd1a-1e50-461e-ab0f-e72f8c9a3157.chunk
printing to file: /home/grads/a/acoskuner500/csce616/lab10_regression/lab10/sim/regression/htax_regress.acoskuner500.22_11_28_10_28_44_0470/htax_regress.vsof
runs data dir is: /home/vmanager/vmgr_2003profile/chunks/projects/vmgr
Chunk name is: /home/vmanager/vmgr_2003profile/chunks/projects/vmgr/of_sessions/htax_regress.acoskuner500.22_11_28_10_28_44_0470/60_eeff0c36-6f39-11ed-9c03-b7493371638e.chunk
From offset: 0
To offset: 4294967295
Mon Nov 28 10:30:16 CST 2022
/opt/coe/cadence/vmanager/tools/vmgr/runner/bin/vm_append_to_vsof.pl
printing from file: /home/grads/a/acoskuner500/csce616/lab10_regression/lab10/sim/regression/htax_regress.acoskuner500.22_11_28_10_28_44_0470/chain_0/.18df62e6-87c4-479c-92ce-3dd9323fe3f3.chunk
printing to file: /home/grads/a/acoskuner500/csce616/lab10_regression/lab10/sim/regression/htax_regress.acoskuner500.22_11_28_10_28_44_0470/htax_regress.vsof
runs data dir is: /home/vmanager/vmgr_2003profile/chunks/projects/vmgr
Chunk name is: /home/vmanager/vmgr_2003profile/chunks/projects/vmgr/of_sessions/htax_regress.acoskuner500.22_11_28_10_28_44_0470/60_f0df2c3e-6f39-11ed-99e1-e7b1d3e05ef4.chunk
From offset: 0
To offset: 4294967295
Mon Nov 28 10:30:19 CST 2022
/opt/coe/cadence/vmanager/tools/vmgr/runner/bin/vm_append_to_vsof.pl
printing from file: /home/grads/a/acoskuner500/csce616/lab10_regression/lab10/sim/regression/htax_regress.acoskuner500.22_11_28_10_28_44_0470/chain_0/.026e1d19-5a64-4e24-8fe0-8d7b1223435a.chunk
printing to file: /home/grads/a/acoskuner500/csce616/lab10_regression/lab10/sim/regression/htax_regress.acoskuner500.22_11_28_10_28_44_0470/htax_regress.vsof
runs data dir is: /home/vmanager/vmgr_2003profile/chunks/projects/vmgr
Chunk name is: /home/vmanager/vmgr_2003profile/chunks/projects/vmgr/of_sessions/htax_regress.acoskuner500.22_11_28_10_28_44_0470/60_f2befbb0-6f39-11ed-8b83-d72403ae228b.chunk
From offset: 0
To offset: 4294967295
Mon Nov 28 10:30:22 CST 2022
/opt/coe/cadence/vmanager/tools/vmgr/runner/bin/vm_append_to_vsof.pl
printing from file: /home/grads/a/acoskuner500/csce616/lab10_regression/lab10/sim/regression/htax_regress.acoskuner500.22_11_28_10_28_44_0470/chain_0/.ffd92ee3-fd2f-4db8-81ea-ef1e4cf50a38.chunk
printing to file: /home/grads/a/acoskuner500/csce616/lab10_regression/lab10/sim/regression/htax_regress.acoskuner500.22_11_28_10_28_44_0470/htax_regress.vsof
runs data dir is: /home/vmanager/vmgr_2003profile/chunks/projects/vmgr
Chunk name is: /home/vmanager/vmgr_2003profile/chunks/projects/vmgr/of_sessions/htax_regress.acoskuner500.22_11_28_10_28_44_0470/60_f4a126d8-6f39-11ed-8835-df2f42d88164.chunk
From offset: 0
To offset: 4294967295
Mon Nov 28 10:30:25 CST 2022
/opt/coe/cadence/vmanager/tools/vmgr/runner/bin/vm_append_to_vsof.pl
printing from file: /home/grads/a/acoskuner500/csce616/lab10_regression/lab10/sim/regression/htax_regress.acoskuner500.22_11_28_10_28_44_0470/chain_0/.511c802c-c1d1-445e-9585-4358eadda958.chunk
printing to file: /home/grads/a/acoskuner500/csce616/lab10_regression/lab10/sim/regression/htax_regress.acoskuner500.22_11_28_10_28_44_0470/htax_regress.vsof
runs data dir is: /home/vmanager/vmgr_2003profile/chunks/projects/vmgr
Chunk name is: /home/vmanager/vmgr_2003profile/chunks/projects/vmgr/of_sessions/htax_regress.acoskuner500.22_11_28_10_28_44_0470/60_f6816ea4-6f39-11ed-8e33-4b6577384d2e.chunk
From offset: 0
To offset: 4294967295
Mon Nov 28 10:30:28 CST 2022
/opt/coe/cadence/vmanager/tools/vmgr/runner/bin/vm_append_to_vsof.pl
printing from file: /home/grads/a/acoskuner500/csce616/lab10_regression/lab10/sim/regression/htax_regress.acoskuner500.22_11_28_10_28_44_0470/chain_0/.080c5852-ce91-442e-98a8-09216a461c94.chunk
printing to file: /home/grads/a/acoskuner500/csce616/lab10_regression/lab10/sim/regression/htax_regress.acoskuner500.22_11_28_10_28_44_0470/htax_regress.vsof
runs data dir is: /home/vmanager/vmgr_2003profile/chunks/projects/vmgr
Chunk name is: /home/vmanager/vmgr_2003profile/chunks/projects/vmgr/of_sessions/htax_regress.acoskuner500.22_11_28_10_28_44_0470/60_f86104be-6f39-11ed-aa62-1f9e70f618bc.chunk
From offset: 0
To offset: 4294967295
Mon Nov 28 10:30:32 CST 2022
/opt/coe/cadence/vmanager/tools/vmgr/runner/bin/vm_append_to_vsof.pl
printing from file: /home/grads/a/acoskuner500/csce616/lab10_regression/lab10/sim/regression/htax_regress.acoskuner500.22_11_28_10_28_44_0470/chain_0/.6f51fd50-f285-4d31-b533-daf8e4346c7b.chunk
printing to file: /home/grads/a/acoskuner500/csce616/lab10_regression/lab10/sim/regression/htax_regress.acoskuner500.22_11_28_10_28_44_0470/htax_regress.vsof
runs data dir is: /home/vmanager/vmgr_2003profile/chunks/projects/vmgr
Chunk name is: /home/vmanager/vmgr_2003profile/chunks/projects/vmgr/of_sessions/htax_regress.acoskuner500.22_11_28_10_28_44_0470/60_fa4015a4-6f39-11ed-87ea-8faa2bc4707b.chunk
From offset: 0
To offset: 4294967295
Mon Nov 28 10:30:35 CST 2022
/opt/coe/cadence/vmanager/tools/vmgr/runner/bin/vm_append_to_vsof.pl
printing from file: /home/grads/a/acoskuner500/csce616/lab10_regression/lab10/sim/regression/htax_regress.acoskuner500.22_11_28_10_28_44_0470/chain_0/.86eac41a-0e13-4c3a-8340-47ff188ba585.chunk
printing to file: /home/grads/a/acoskuner500/csce616/lab10_regression/lab10/sim/regression/htax_regress.acoskuner500.22_11_28_10_28_44_0470/htax_regress.vsof
runs data dir is: /home/vmanager/vmgr_2003profile/chunks/projects/vmgr
Chunk name is: /home/vmanager/vmgr_2003profile/chunks/projects/vmgr/of_sessions/htax_regress.acoskuner500.22_11_28_10_28_44_0470/60_fc1e5958-6f39-11ed-80b4-0f84cd33c525.chunk
From offset: 0
To offset: 4294967295
Mon Nov 28 10:30:44 CST 2022
/opt/coe/cadence/vmanager/tools/vmgr/runner/bin/vm_append_to_vsof.pl
printing from file: /home/grads/a/acoskuner500/csce616/lab10_regression/lab10/sim/regression/htax_regress.acoskuner500.22_11_28_10_28_44_0470/chain_0/.f840dd27-6903-4d50-98c7-f632c94c6a61.chunk
printing to file: /home/grads/a/acoskuner500/csce616/lab10_regression/lab10/sim/regression/htax_regress.acoskuner500.22_11_28_10_28_44_0470/htax_regress.vsof
runs data dir is: /home/vmanager/vmgr_2003profile/chunks/projects/vmgr
Chunk name is: /home/vmanager/vmgr_2003profile/chunks/projects/vmgr/of_sessions/htax_regress.acoskuner500.22_11_28_10_28_44_0470/60_019186d0-6f3a-11ed-9384-3bb23f4e7b16.chunk
From offset: 0
To offset: 4294967295
Mon Nov 28 10:30:47 CST 2022
/opt/coe/cadence/vmanager/tools/vmgr/runner/bin/vm_append_to_vsof.pl
printing from file: /home/grads/a/acoskuner500/csce616/lab10_regression/lab10/sim/regression/htax_regress.acoskuner500.22_11_28_10_28_44_0470/chain_0/.7e1a5bcd-8a7b-4c70-aaad-726e269dc89e.chunk
printing to file: /home/grads/a/acoskuner500/csce616/lab10_regression/lab10/sim/regression/htax_regress.acoskuner500.22_11_28_10_28_44_0470/htax_regress.vsof
runs data dir is: /home/vmanager/vmgr_2003profile/chunks/projects/vmgr
Chunk name is: /home/vmanager/vmgr_2003profile/chunks/projects/vmgr/of_sessions/htax_regress.acoskuner500.22_11_28_10_28_44_0470/60_03729160-6f3a-11ed-9592-4be196084993.chunk
From offset: 0
To offset: 4294967295
Mon Nov 28 10:30:50 CST 2022
/opt/coe/cadence/vmanager/tools/vmgr/runner/bin/vm_append_to_vsof.pl
printing from file: /home/grads/a/acoskuner500/csce616/lab10_regression/lab10/sim/regression/htax_regress.acoskuner500.22_11_28_10_28_44_0470/chain_0/.81e7e1cb-2180-4360-b90c-201b46bd6636.chunk
printing to file: /home/grads/a/acoskuner500/csce616/lab10_regression/lab10/sim/regression/htax_regress.acoskuner500.22_11_28_10_28_44_0470/htax_regress.vsof
runs data dir is: /home/vmanager/vmgr_2003profile/chunks/projects/vmgr
Chunk name is: /home/vmanager/vmgr_2003profile/chunks/projects/vmgr/of_sessions/htax_regress.acoskuner500.22_11_28_10_28_44_0470/60_0553a474-6f3a-11ed-9e08-4f7c34b1c4ec.chunk
From offset: 0
To offset: 4294967295
Mon Nov 28 10:30:53 CST 2022
/opt/coe/cadence/vmanager/tools/vmgr/runner/bin/vm_append_to_vsof.pl
printing from file: /home/grads/a/acoskuner500/csce616/lab10_regression/lab10/sim/regression/htax_regress.acoskuner500.22_11_28_10_28_44_0470/chain_0/.c23945a3-ab54-4a0d-abcf-64ac9a10e481.chunk
printing to file: /home/grads/a/acoskuner500/csce616/lab10_regression/lab10/sim/regression/htax_regress.acoskuner500.22_11_28_10_28_44_0470/htax_regress.vsof
runs data dir is: /home/vmanager/vmgr_2003profile/chunks/projects/vmgr
Chunk name is: /home/vmanager/vmgr_2003profile/chunks/projects/vmgr/of_sessions/htax_regress.acoskuner500.22_11_28_10_28_44_0470/60_073416b6-6f3a-11ed-bb07-0b85e200998e.chunk
From offset: 0
To offset: 4294967295
Mon Nov 28 10:30:59 CST 2022
/opt/coe/cadence/vmanager/tools/vmgr/runner/bin/vm_append_to_vsof.pl
printing from file: /home/grads/a/acoskuner500/csce616/lab10_regression/lab10/sim/regression/htax_regress.acoskuner500.22_11_28_10_28_44_0470/chain_0/.22ba8208-7ad4-4437-9710-93f0a00078b2.chunk
printing to file: /home/grads/a/acoskuner500/csce616/lab10_regression/lab10/sim/regression/htax_regress.acoskuner500.22_11_28_10_28_44_0470/htax_regress.vsof
runs data dir is: /home/vmanager/vmgr_2003profile/chunks/projects/vmgr
Chunk name is: /home/vmanager/vmgr_2003profile/chunks/projects/vmgr/of_sessions/htax_regress.acoskuner500.22_11_28_10_28_44_0470/60_0adccfe2-6f3a-11ed-ae2f-cf749faa2cdb.chunk
From offset: 0
To offset: 4294967295
Mon Nov 28 10:31:06 CST 2022
/opt/coe/cadence/vmanager/tools/vmgr/runner/bin/vm_append_to_vsof.pl
printing from file: /home/grads/a/acoskuner500/csce616/lab10_regression/lab10/sim/regression/htax_regress.acoskuner500.22_11_28_10_28_44_0470/chain_0/.d6acad6f-44c4-475a-92fc-d97c858002ab.chunk
printing to file: /home/grads/a/acoskuner500/csce616/lab10_regression/lab10/sim/regression/htax_regress.acoskuner500.22_11_28_10_28_44_0470/htax_regress.vsof
runs data dir is: /home/vmanager/vmgr_2003profile/chunks/projects/vmgr
Chunk name is: /home/vmanager/vmgr_2003profile/chunks/projects/vmgr/of_sessions/htax_regress.acoskuner500.22_11_28_10_28_44_0470/60_0e87a4fa-6f3a-11ed-b653-4b4d3f537bcf.chunk
From offset: 0
To offset: 4294967295
Mon Nov 28 10:31:12 CST 2022
/opt/coe/cadence/vmanager/tools/vmgr/runner/bin/vm_append_to_vsof.pl
printing from file: /home/grads/a/acoskuner500/csce616/lab10_regression/lab10/sim/regression/htax_regress.acoskuner500.22_11_28_10_28_44_0470/chain_0/.bac0da1a-1ddb-4f07-a1df-f0b572443e21.chunk
printing to file: /home/grads/a/acoskuner500/csce616/lab10_regression/lab10/sim/regression/htax_regress.acoskuner500.22_11_28_10_28_44_0470/htax_regress.vsof
runs data dir is: /home/vmanager/vmgr_2003profile/chunks/projects/vmgr
Chunk name is: /home/vmanager/vmgr_2003profile/chunks/projects/vmgr/of_sessions/htax_regress.acoskuner500.22_11_28_10_28_44_0470/60_1234bb7e-6f3a-11ed-9496-8fd619d0e79b.chunk
From offset: 0
To offset: 4294967295
Mon Nov 28 10:31:15 CST 2022
/opt/coe/cadence/vmanager/tools/vmgr/runner/bin/vm_append_to_vsof.pl
printing from file: /home/grads/a/acoskuner500/csce616/lab10_regression/lab10/sim/regression/htax_regress.acoskuner500.22_11_28_10_28_44_0470/chain_0/.35d1c3de-9a36-437b-8140-acf2061dfd86.chunk
printing to file: /home/grads/a/acoskuner500/csce616/lab10_regression/lab10/sim/regression/htax_regress.acoskuner500.22_11_28_10_28_44_0470/htax_regress.vsof
runs data dir is: /home/vmanager/vmgr_2003profile/chunks/projects/vmgr
Chunk name is: /home/vmanager/vmgr_2003profile/chunks/projects/vmgr/of_sessions/htax_regress.acoskuner500.22_11_28_10_28_44_0470/60_1415634e-6f3a-11ed-a67a-afdfc1a99e4d.chunk
From offset: 0
To offset: 4294967295
Mon Nov 28 10:31:18 CST 2022
/opt/coe/cadence/vmanager/tools/vmgr/runner/bin/vm_append_to_vsof.pl
printing from file: /home/grads/a/acoskuner500/csce616/lab10_regression/lab10/sim/regression/htax_regress.acoskuner500.22_11_28_10_28_44_0470/chain_0/.bfa693a2-0bc9-4d56-8992-ad9e94321a3b.chunk
printing to file: /home/grads/a/acoskuner500/csce616/lab10_regression/lab10/sim/regression/htax_regress.acoskuner500.22_11_28_10_28_44_0470/htax_regress.vsof
runs data dir is: /home/vmanager/vmgr_2003profile/chunks/projects/vmgr
Chunk name is: /home/vmanager/vmgr_2003profile/chunks/projects/vmgr/of_sessions/htax_regress.acoskuner500.22_11_28_10_28_44_0470/60_15f62734-6f3a-11ed-819c-e3d9e5d27fbb.chunk
From offset: 0
To offset: 4294967295
Mon Nov 28 10:31:24 CST 2022
/opt/coe/cadence/vmanager/tools/vmgr/runner/bin/vm_append_to_vsof.pl
printing from file: /home/grads/a/acoskuner500/csce616/lab10_regression/lab10/sim/regression/htax_regress.acoskuner500.22_11_28_10_28_44_0470/chain_0/.7dc85a68-24cd-4abe-8ad3-218475c8ab7e.chunk
printing to file: /home/grads/a/acoskuner500/csce616/lab10_regression/lab10/sim/regression/htax_regress.acoskuner500.22_11_28_10_28_44_0470/htax_regress.vsof
runs data dir is: /home/vmanager/vmgr_2003profile/chunks/projects/vmgr
Chunk name is: /home/vmanager/vmgr_2003profile/chunks/projects/vmgr/of_sessions/htax_regress.acoskuner500.22_11_28_10_28_44_0470/60_199ebfae-6f3a-11ed-83ff-431115a514be.chunk
From offset: 0
To offset: 4294967295
Mon Nov 28 10:31:30 CST 2022
/opt/coe/cadence/vmanager/tools/vmgr/runner/bin/vm_append_to_vsof.pl
printing from file: /home/grads/a/acoskuner500/csce616/lab10_regression/lab10/sim/regression/htax_regress.acoskuner500.22_11_28_10_28_44_0470/chain_0/.b9ace1c0-2b56-443b-aa85-3321b9bc7271.chunk
printing to file: /home/grads/a/acoskuner500/csce616/lab10_regression/lab10/sim/regression/htax_regress.acoskuner500.22_11_28_10_28_44_0470/htax_regress.vsof
runs data dir is: /home/vmanager/vmgr_2003profile/chunks/projects/vmgr
Chunk name is: /home/vmanager/vmgr_2003profile/chunks/projects/vmgr/of_sessions/htax_regress.acoskuner500.22_11_28_10_28_44_0470/60_1d47e2c0-6f3a-11ed-8270-53f61f8fe422.chunk
From offset: 0
To offset: 4294967295
Mon Nov 28 10:31:36 CST 2022
/opt/coe/cadence/vmanager/tools/vmgr/runner/bin/vm_append_to_vsof.pl
printing from file: /home/grads/a/acoskuner500/csce616/lab10_regression/lab10/sim/regression/htax_regress.acoskuner500.22_11_28_10_28_44_0470/chain_0/.926ce409-dc91-4d11-9368-413d66ab2ee9.chunk
printing to file: /home/grads/a/acoskuner500/csce616/lab10_regression/lab10/sim/regression/htax_regress.acoskuner500.22_11_28_10_28_44_0470/htax_regress.vsof
runs data dir is: /home/vmanager/vmgr_2003profile/chunks/projects/vmgr
Chunk name is: /home/vmanager/vmgr_2003profile/chunks/projects/vmgr/of_sessions/htax_regress.acoskuner500.22_11_28_10_28_44_0470/60_20f30468-6f3a-11ed-a41a-233aeb7190ec.chunk
From offset: 0
To offset: 4294967295
Mon Nov 28 10:31:43 CST 2022
/opt/coe/cadence/vmanager/tools/vmgr/runner/bin/vm_append_to_vsof.pl
printing from file: /home/grads/a/acoskuner500/csce616/lab10_regression/lab10/sim/regression/htax_regress.acoskuner500.22_11_28_10_28_44_0470/chain_0/.5f94d192-942d-4da5-b7b9-ff8f640d27cb.chunk
printing to file: /home/grads/a/acoskuner500/csce616/lab10_regression/lab10/sim/regression/htax_regress.acoskuner500.22_11_28_10_28_44_0470/htax_regress.vsof
runs data dir is: /home/vmanager/vmgr_2003profile/chunks/projects/vmgr
Chunk name is: /home/vmanager/vmgr_2003profile/chunks/projects/vmgr/of_sessions/htax_regress.acoskuner500.22_11_28_10_28_44_0470/60_249c55d8-6f3a-11ed-9f47-b7dc50a7ce1c.chunk
From offset: 0
To offset: 4294967295
Mon Nov 28 10:31:46 CST 2022
/opt/coe/cadence/vmanager/tools/vmgr/runner/bin/vm_append_to_vsof.pl
printing from file: /home/grads/a/acoskuner500/csce616/lab10_regression/lab10/sim/regression/htax_regress.acoskuner500.22_11_28_10_28_44_0470/chain_0/.5dd49d8c-8f0e-47d8-8702-5a1802d7f50a.chunk
printing to file: /home/grads/a/acoskuner500/csce616/lab10_regression/lab10/sim/regression/htax_regress.acoskuner500.22_11_28_10_28_44_0470/htax_regress.vsof
runs data dir is: /home/vmanager/vmgr_2003profile/chunks/projects/vmgr
Chunk name is: /home/vmanager/vmgr_2003profile/chunks/projects/vmgr/of_sessions/htax_regress.acoskuner500.22_11_28_10_28_44_0470/60_267b131c-6f3a-11ed-ab00-13cdf642ed8f.chunk
From offset: 0
To offset: 4294967295
Mon Nov 28 10:31:49 CST 2022
/opt/coe/cadence/vmanager/tools/vmgr/runner/bin/vm_append_to_vsof.pl
printing from file: /home/grads/a/acoskuner500/csce616/lab10_regression/lab10/sim/regression/htax_regress.acoskuner500.22_11_28_10_28_44_0470/chain_0/.5b9c7c46-93aa-4cb2-9417-cb2c9921fdfd.chunk
printing to file: /home/grads/a/acoskuner500/csce616/lab10_regression/lab10/sim/regression/htax_regress.acoskuner500.22_11_28_10_28_44_0470/htax_regress.vsof
runs data dir is: /home/vmanager/vmgr_2003profile/chunks/projects/vmgr
Chunk name is: /home/vmanager/vmgr_2003profile/chunks/projects/vmgr/of_sessions/htax_regress.acoskuner500.22_11_28_10_28_44_0470/60_285a77d6-6f3a-11ed-a4a4-2f6d2d886b2f.chunk
From offset: 0
To offset: 4294967295
Mon Nov 28 10:31:55 CST 2022
/opt/coe/cadence/vmanager/tools/vmgr/runner/bin/vm_append_to_vsof.pl
printing from file: /home/grads/a/acoskuner500/csce616/lab10_regression/lab10/sim/regression/htax_regress.acoskuner500.22_11_28_10_28_44_0470/chain_0/.632af482-40f1-45b2-9a2d-90c16f210d62.chunk
printing to file: /home/grads/a/acoskuner500/csce616/lab10_regression/lab10/sim/regression/htax_regress.acoskuner500.22_11_28_10_28_44_0470/htax_regress.vsof
runs data dir is: /home/vmanager/vmgr_2003profile/chunks/projects/vmgr
Chunk name is: /home/vmanager/vmgr_2003profile/chunks/projects/vmgr/of_sessions/htax_regress.acoskuner500.22_11_28_10_28_44_0470/60_2c02eda0-6f3a-11ed-bbdc-c77933078887.chunk
From offset: 0
To offset: 4294967295
Mon Nov 28 10:32:01 CST 2022
/opt/coe/cadence/vmanager/tools/vmgr/runner/bin/vm_append_to_vsof.pl
printing from file: /home/grads/a/acoskuner500/csce616/lab10_regression/lab10/sim/regression/htax_regress.acoskuner500.22_11_28_10_28_44_0470/chain_0/.c2cd3bd9-5a71-4d36-bbb7-7c3ffe6b87b2.chunk
printing to file: /home/grads/a/acoskuner500/csce616/lab10_regression/lab10/sim/regression/htax_regress.acoskuner500.22_11_28_10_28_44_0470/htax_regress.vsof
runs data dir is: /home/vmanager/vmgr_2003profile/chunks/projects/vmgr
Chunk name is: /home/vmanager/vmgr_2003profile/chunks/projects/vmgr/of_sessions/htax_regress.acoskuner500.22_11_28_10_28_44_0470/60_2fab170c-6f3a-11ed-8ac1-1b9780cba8e1.chunk
From offset: 0
To offset: 4294967295
Mon Nov 28 10:32:07 CST 2022
/opt/coe/cadence/vmanager/tools/vmgr/runner/bin/vm_append_to_vsof.pl
printing from file: /home/grads/a/acoskuner500/csce616/lab10_regression/lab10/sim/regression/htax_regress.acoskuner500.22_11_28_10_28_44_0470/chain_0/.5ead2aee-044c-4f5e-8341-5bef4b867729.chunk
printing to file: /home/grads/a/acoskuner500/csce616/lab10_regression/lab10/sim/regression/htax_regress.acoskuner500.22_11_28_10_28_44_0470/htax_regress.vsof
runs data dir is: /home/vmanager/vmgr_2003profile/chunks/projects/vmgr
Chunk name is: /home/vmanager/vmgr_2003profile/chunks/projects/vmgr/of_sessions/htax_regress.acoskuner500.22_11_28_10_28_44_0470/60_32ddf246-6f3a-11ed-9992-e38030cdfc85.chunk
From offset: 0
To offset: 4294967295
Mon Nov 28 10:32:08 CST 2022
/opt/coe/cadence/vmanager/tools/vmgr/runner/bin/vm_append_to_vsof.pl
printing from file: /home/grads/a/acoskuner500/csce616/lab10_regression/lab10/sim/regression/htax_regress.acoskuner500.22_11_28_10_28_44_0470/chain_0/.post_session_script_data.txt
printing to file: /home/grads/a/acoskuner500/csce616/lab10_regression/lab10/sim/regression/htax_regress.acoskuner500.22_11_28_10_28_44_0470/htax_regress.vsof
runs data dir is: /home/vmanager/vmgr_2003profile/chunks/projects/vmgr
Chunk name is: /home/vmanager/vmgr_2003profile/chunks/projects/vmgr/of_sessions/htax_regress.acoskuner500.22_11_28_10_28_44_0470/55_3386ff4e-6f3a-11ed-898d-b783791cf9bb.chunk
From offset: 0
To offset: 4294967295
Mon Nov 28 10:32:08 CST 2022
/opt/coe/cadence/vmanager/tools/vmgr/runner/bin/vm_append_to_vsof.pl
printing from file: /home/grads/a/acoskuner500/csce616/lab10_regression/lab10/sim/regression/htax_regress.acoskuner500.22_11_28_10_28_44_0470/chain_0/.post_session_script_data2.txt
printing to file: /home/grads/a/acoskuner500/csce616/lab10_regression/lab10/sim/regression/htax_regress.acoskuner500.22_11_28_10_28_44_0470/htax_regress.vsof
runs data dir is: /home/vmanager/vmgr_2003profile/chunks/projects/vmgr
Chunk name is: /home/vmanager/vmgr_2003profile/chunks/projects/vmgr/of_sessions/htax_regress.acoskuner500.22_11_28_10_28_44_0470/55_33eaab7a-6f3a-11ed-8239-13b7da7ef66d.chunk
From offset: 0
To offset: 4294967295
