Cadence vManager(64): 22.03-s003: (c) Copyright 1995-2022 Cadence Design Systems Inc - Simulator version: 22.03-s004 - Coverage engine version: 22.03-s004
Starting gui mode
vmanager: *I,runner.startingSession: Starting session /home/grads/a/acoskuner500/csce616/lab10_regression/lab10/sim/run_vm.vsif
vmanager: *W,runner.oldRunnerDeprecation: Old Runner will be deprecated soon. It is recommended that you enable Runner 2.0 using configuration option runner.drm.enable_runner2. Starting next release, Runner 2.0 will be enabled by default.
vmanager: *W,runner.drmWarning: Runner: DRM: Job limit of 100 was reduced to 1 due to usage of Serial Local DRM.
vmanager: *I,runner.sessionStarted: Session htax_regress.acoskuner500.22_11_28_19_24_09_4197 started.
vmanager: *I,runner.startingSession: Starting session /home/grads/a/acoskuner500/csce616/lab10_regression/lab10/sim/run_vm.vsif
vmanager: *W,runner.oldRunnerDeprecation: Old Runner will be deprecated soon. It is recommended that you enable Runner 2.0 using configuration option runner.drm.enable_runner2. Starting next release, Runner 2.0 will be enabled by default.
vmanager: *W,runner.drmWarning: Runner: DRM: Job limit of 100 was reduced to 1 due to usage of Serial Local DRM.
vmanager: *I,runner.sessionStarted: Session htax_regress.acoskuner500.22_11_28_19_31_21_2162 started.
vmanager: *I,runner.startingSession: Starting session /home/grads/a/acoskuner500/csce616/lab10_regression/lab10/sim/run_vm.vsif
vmanager: *W,runner.oldRunnerDeprecation: Old Runner will be deprecated soon. It is recommended that you enable Runner 2.0 using configuration option runner.drm.enable_runner2. Starting next release, Runner 2.0 will be enabled by default.
vmanager: *W,runner.drmWarning: Runner: DRM: Job limit of 100 was reduced to 1 due to usage of Serial Local DRM.
vmanager: *I,runner.sessionStarted: Session htax_regress.acoskuner500.22_11_28_19_32_59_2525 started.
vmanager: *I,runner.startingSession: Starting session /home/grads/a/acoskuner500/csce616/lab10_regression/lab10/sim/run_vm.vsif
vmanager: *W,runner.oldRunnerDeprecation: Old Runner will be deprecated soon. It is recommended that you enable Runner 2.0 using configuration option runner.drm.enable_runner2. Starting next release, Runner 2.0 will be enabled by default.
vmanager: *W,runner.drmWarning: Runner: DRM: Job limit of 100 was reduced to 1 due to usage of Serial Local DRM.
vmanager: *I,runner.sessionStarted: Session htax_regress.acoskuner500.22_11_28_19_41_42_6558 started.
vmanager: *I,MERGL1: The merged icc coverage cache was reused for analysis: /home/grads/a/acoskuner500/csce616/lab10_regression/lab10/sim/regression/htax_regress.acoskuner500.22_11_28_19_41_42_6558/merged_ucds/default/1669686268073/merged_tests/icc_42afc8a3_5af479c5.ucd(merged)
vmanager: *I,runner.startingSession: Starting session /home/grads/a/acoskuner500/csce616/lab10_regression/lab10/sim/run_vm.vsif
vmanager: *W,runner.oldRunnerDeprecation: Old Runner will be deprecated soon. It is recommended that you enable Runner 2.0 using configuration option runner.drm.enable_runner2. Starting next release, Runner 2.0 will be enabled by default.
vmanager: *W,runner.drmWarning: Runner: DRM: Job limit of 100 was reduced to 1 due to usage of Serial Local DRM.
vmanager: *I,runner.sessionStarted: Session htax_regress.acoskuner500.22_11_28_19_48_46_6421 started.
vmanager: *I,MERGL1: The merged icc coverage cache was reused for analysis: /home/grads/a/acoskuner500/csce616/lab10_regression/lab10/sim/regression/htax_regress.acoskuner500.22_11_28_19_48_46_6421/merged_ucds/default/1669686722482/merged_tests/icc_42afc8a3_5af479c5.ucd(merged)
