Sat Nov 26 18:09:57 CST 2022
/opt/coe/cadence/vmanager/tools/vmgr/runner/bin/vm_append_to_vsof.pl
printing from file: /home/grads/a/acoskuner500/csce616/lab10_regression/lab10/sim/regression/htax_regress.acoskuner500.22_11_26_18_09_46_5380/chain_0/tmp.txt
printing to file: /home/grads/a/acoskuner500/csce616/lab10_regression/lab10/sim/regression/htax_regress.acoskuner500.22_11_26_18_09_46_5380/htax_regress.vsof
runs data dir is: /home/vmanager/vmgr_2003profile/chunks/projects/vmgr
Chunk name is: /home/vmanager/vmgr_2003profile/chunks/projects/vmgr/of_sessions/htax_regress.acoskuner500.22_11_26_18_09_46_5380/10_d3dc6532-6de7-11ed-9fc6-db1b2c57e0eb.chunk
From offset: 0
To offset: 4294967295
Sat Nov 26 18:09:58 CST 2022
/opt/coe/cadence/vmanager/tools/vmgr/runner/bin/vm_append_to_vsof.pl
printing from file: /home/grads/a/acoskuner500/csce616/lab10_regression/lab10/sim/regression/htax_regress.acoskuner500.22_11_26_18_09_46_5380/chain_0/.pre_session_script_data.txt
printing to file: /home/grads/a/acoskuner500/csce616/lab10_regression/lab10/sim/regression/htax_regress.acoskuner500.22_11_26_18_09_46_5380/htax_regress.vsof
runs data dir is: /home/vmanager/vmgr_2003profile/chunks/projects/vmgr
Chunk name is: /home/vmanager/vmgr_2003profile/chunks/projects/vmgr/of_sessions/htax_regress.acoskuner500.22_11_26_18_09_46_5380/10_d45bae0a-6de7-11ed-8657-871e14bf1ab8.chunk
From offset: 0
To offset: 4294967295
Sat Nov 26 18:09:59 CST 2022
/opt/coe/cadence/vmanager/tools/vmgr/runner/bin/vm_append_to_vsof.pl
printing from file: /home/grads/a/acoskuner500/csce616/lab10_regression/lab10/sim/regression/htax_regress.acoskuner500.22_11_26_18_09_46_5380/chain_0/.4b80c74e-d2dc-463a-a879-824d97b203d7.chunk
printing to file: /home/grads/a/acoskuner500/csce616/lab10_regression/lab10/sim/regression/htax_regress.acoskuner500.22_11_26_18_09_46_5380/htax_regress.vsof
runs data dir is: /home/vmanager/vmgr_2003profile/chunks/projects/vmgr
Chunk name is: /home/vmanager/vmgr_2003profile/chunks/projects/vmgr/of_sessions/htax_regress.acoskuner500.22_11_26_18_09_46_5380/60_d526d030-6de7-11ed-90dc-b7e21d51c2ac.chunk
From offset: 0
To offset: 4294967295
Sat Nov 26 18:10:06 CST 2022
/opt/coe/cadence/vmanager/tools/vmgr/runner/bin/vm_append_to_vsof.pl
printing from file: /home/grads/a/acoskuner500/csce616/lab10_regression/lab10/sim/regression/htax_regress.acoskuner500.22_11_26_18_09_46_5380/chain_0/.1b8b787d-44ad-4ecd-946b-946f838ce7ac.chunk
printing to file: /home/grads/a/acoskuner500/csce616/lab10_regression/lab10/sim/regression/htax_regress.acoskuner500.22_11_26_18_09_46_5380/htax_regress.vsof
runs data dir is: /home/vmanager/vmgr_2003profile/chunks/projects/vmgr
Chunk name is: /home/vmanager/vmgr_2003profile/chunks/projects/vmgr/of_sessions/htax_regress.acoskuner500.22_11_26_18_09_46_5380/60_d8d0431a-6de7-11ed-aa60-0b95f67bd04a.chunk
From offset: 0
To offset: 4294967295
Sat Nov 26 18:10:09 CST 2022
/opt/coe/cadence/vmanager/tools/vmgr/runner/bin/vm_append_to_vsof.pl
printing from file: /home/grads/a/acoskuner500/csce616/lab10_regression/lab10/sim/regression/htax_regress.acoskuner500.22_11_26_18_09_46_5380/chain_0/.84ed0c63-5405-4a75-85e9-1edd0f53a9ad.chunk
printing to file: /home/grads/a/acoskuner500/csce616/lab10_regression/lab10/sim/regression/htax_regress.acoskuner500.22_11_26_18_09_46_5380/htax_regress.vsof
runs data dir is: /home/vmanager/vmgr_2003profile/chunks/projects/vmgr
Chunk name is: /home/vmanager/vmgr_2003profile/chunks/projects/vmgr/of_sessions/htax_regress.acoskuner500.22_11_26_18_09_46_5380/60_daafa4c8-6de7-11ed-9b9b-2703a9392b51.chunk
From offset: 0
To offset: 4294967295
Sat Nov 26 18:10:18 CST 2022
/opt/coe/cadence/vmanager/tools/vmgr/runner/bin/vm_append_to_vsof.pl
printing from file: /home/grads/a/acoskuner500/csce616/lab10_regression/lab10/sim/regression/htax_regress.acoskuner500.22_11_26_18_09_46_5380/chain_0/.a61ac568-0001-4e1b-854f-e56db4057366.chunk
printing to file: /home/grads/a/acoskuner500/csce616/lab10_regression/lab10/sim/regression/htax_regress.acoskuner500.22_11_26_18_09_46_5380/htax_regress.vsof
runs data dir is: /home/vmanager/vmgr_2003profile/chunks/projects/vmgr
Chunk name is: /home/vmanager/vmgr_2003profile/chunks/projects/vmgr/of_sessions/htax_regress.acoskuner500.22_11_26_18_09_46_5380/60_e022b7d8-6de7-11ed-8732-6be0bd5535f0.chunk
From offset: 0
To offset: 4294967295
Sat Nov 26 18:10:24 CST 2022
/opt/coe/cadence/vmanager/tools/vmgr/runner/bin/vm_append_to_vsof.pl
printing from file: /home/grads/a/acoskuner500/csce616/lab10_regression/lab10/sim/regression/htax_regress.acoskuner500.22_11_26_18_09_46_5380/chain_0/.c694f16a-bdfe-4533-ae43-7e54a47b5e10.chunk
printing to file: /home/grads/a/acoskuner500/csce616/lab10_regression/lab10/sim/regression/htax_regress.acoskuner500.22_11_26_18_09_46_5380/htax_regress.vsof
runs data dir is: /home/vmanager/vmgr_2003profile/chunks/projects/vmgr
Chunk name is: /home/vmanager/vmgr_2003profile/chunks/projects/vmgr/of_sessions/htax_regress.acoskuner500.22_11_26_18_09_46_5380/60_e3cbcad2-6de7-11ed-929e-3b8b382d1796.chunk
From offset: 0
To offset: 4294967295
Sat Nov 26 18:10:27 CST 2022
/opt/coe/cadence/vmanager/tools/vmgr/runner/bin/vm_append_to_vsof.pl
printing from file: /home/grads/a/acoskuner500/csce616/lab10_regression/lab10/sim/regression/htax_regress.acoskuner500.22_11_26_18_09_46_5380/chain_0/.0294f776-143b-4ad0-a032-cfc66cd54579.chunk
printing to file: /home/grads/a/acoskuner500/csce616/lab10_regression/lab10/sim/regression/htax_regress.acoskuner500.22_11_26_18_09_46_5380/htax_regress.vsof
runs data dir is: /home/vmanager/vmgr_2003profile/chunks/projects/vmgr
Chunk name is: /home/vmanager/vmgr_2003profile/chunks/projects/vmgr/of_sessions/htax_regress.acoskuner500.22_11_26_18_09_46_5380/60_e5ab50f2-6de7-11ed-9a8a-d3e84dd81c03.chunk
From offset: 0
To offset: 4294967295
Sat Nov 26 18:10:33 CST 2022
/opt/coe/cadence/vmanager/tools/vmgr/runner/bin/vm_append_to_vsof.pl
printing from file: /home/grads/a/acoskuner500/csce616/lab10_regression/lab10/sim/regression/htax_regress.acoskuner500.22_11_26_18_09_46_5380/chain_0/.c5946052-6d69-4b30-a3e1-5b622f0d1a61.chunk
printing to file: /home/grads/a/acoskuner500/csce616/lab10_regression/lab10/sim/regression/htax_regress.acoskuner500.22_11_26_18_09_46_5380/htax_regress.vsof
runs data dir is: /home/vmanager/vmgr_2003profile/chunks/projects/vmgr
Chunk name is: /home/vmanager/vmgr_2003profile/chunks/projects/vmgr/of_sessions/htax_regress.acoskuner500.22_11_26_18_09_46_5380/60_e95504c8-6de7-11ed-9991-b3f6c63988d9.chunk
From offset: 0
To offset: 4294967295
Sat Nov 26 18:10:36 CST 2022
/opt/coe/cadence/vmanager/tools/vmgr/runner/bin/vm_append_to_vsof.pl
printing from file: /home/grads/a/acoskuner500/csce616/lab10_regression/lab10/sim/regression/htax_regress.acoskuner500.22_11_26_18_09_46_5380/chain_0/.2ec0814e-e6d3-4dfa-8de8-22f4af114c3d.chunk
printing to file: /home/grads/a/acoskuner500/csce616/lab10_regression/lab10/sim/regression/htax_regress.acoskuner500.22_11_26_18_09_46_5380/htax_regress.vsof
runs data dir is: /home/vmanager/vmgr_2003profile/chunks/projects/vmgr
Chunk name is: /home/vmanager/vmgr_2003profile/chunks/projects/vmgr/of_sessions/htax_regress.acoskuner500.22_11_26_18_09_46_5380/60_eb34c0d0-6de7-11ed-9423-9f2697ad8796.chunk
From offset: 0
To offset: 4294967295
Sat Nov 26 18:10:43 CST 2022
/opt/coe/cadence/vmanager/tools/vmgr/runner/bin/vm_append_to_vsof.pl
printing from file: /home/grads/a/acoskuner500/csce616/lab10_regression/lab10/sim/regression/htax_regress.acoskuner500.22_11_26_18_09_46_5380/chain_0/.82736bd0-121e-4758-a6a1-232f9aaf7f0e.chunk
printing to file: /home/grads/a/acoskuner500/csce616/lab10_regression/lab10/sim/regression/htax_regress.acoskuner500.22_11_26_18_09_46_5380/htax_regress.vsof
runs data dir is: /home/vmanager/vmgr_2003profile/chunks/projects/vmgr
Chunk name is: /home/vmanager/vmgr_2003profile/chunks/projects/vmgr/of_sessions/htax_regress.acoskuner500.22_11_26_18_09_46_5380/60_eedd4392-6de7-11ed-9d45-f73dd7f34880.chunk
From offset: 0
To offset: 4294967295
Sat Nov 26 18:10:49 CST 2022
/opt/coe/cadence/vmanager/tools/vmgr/runner/bin/vm_append_to_vsof.pl
printing from file: /home/grads/a/acoskuner500/csce616/lab10_regression/lab10/sim/regression/htax_regress.acoskuner500.22_11_26_18_09_46_5380/chain_0/.e64db6a9-4e58-43f4-bcc3-3b26923fa92e.chunk
printing to file: /home/grads/a/acoskuner500/csce616/lab10_regression/lab10/sim/regression/htax_regress.acoskuner500.22_11_26_18_09_46_5380/htax_regress.vsof
runs data dir is: /home/vmanager/vmgr_2003profile/chunks/projects/vmgr
Chunk name is: /home/vmanager/vmgr_2003profile/chunks/projects/vmgr/of_sessions/htax_regress.acoskuner500.22_11_26_18_09_46_5380/60_f2861820-6de7-11ed-9aa6-8f9128ee2b65.chunk
From offset: 0
To offset: 4294967295
Sat Nov 26 18:10:55 CST 2022
/opt/coe/cadence/vmanager/tools/vmgr/runner/bin/vm_append_to_vsof.pl
printing from file: /home/grads/a/acoskuner500/csce616/lab10_regression/lab10/sim/regression/htax_regress.acoskuner500.22_11_26_18_09_46_5380/chain_0/.01819b72-b298-4796-bf9b-258243596039.chunk
printing to file: /home/grads/a/acoskuner500/csce616/lab10_regression/lab10/sim/regression/htax_regress.acoskuner500.22_11_26_18_09_46_5380/htax_regress.vsof
runs data dir is: /home/vmanager/vmgr_2003profile/chunks/projects/vmgr
Chunk name is: /home/vmanager/vmgr_2003profile/chunks/projects/vmgr/of_sessions/htax_regress.acoskuner500.22_11_26_18_09_46_5380/60_f630eba8-6de7-11ed-9d3a-63c5d6475093.chunk
From offset: 0
To offset: 4294967295
Sat Nov 26 18:11:01 CST 2022
/opt/coe/cadence/vmanager/tools/vmgr/runner/bin/vm_append_to_vsof.pl
printing from file: /home/grads/a/acoskuner500/csce616/lab10_regression/lab10/sim/regression/htax_regress.acoskuner500.22_11_26_18_09_46_5380/chain_0/.dc467a83-3578-45d9-848d-a3960e9a1989.chunk
printing to file: /home/grads/a/acoskuner500/csce616/lab10_regression/lab10/sim/regression/htax_regress.acoskuner500.22_11_26_18_09_46_5380/htax_regress.vsof
runs data dir is: /home/vmanager/vmgr_2003profile/chunks/projects/vmgr
Chunk name is: /home/vmanager/vmgr_2003profile/chunks/projects/vmgr/of_sessions/htax_regress.acoskuner500.22_11_26_18_09_46_5380/60_f9e499a2-6de7-11ed-b674-f740141b2c24.chunk
From offset: 0
To offset: 4294967295
Sat Nov 26 18:11:04 CST 2022
/opt/coe/cadence/vmanager/tools/vmgr/runner/bin/vm_append_to_vsof.pl
printing from file: /home/grads/a/acoskuner500/csce616/lab10_regression/lab10/sim/regression/htax_regress.acoskuner500.22_11_26_18_09_46_5380/chain_0/.429dedc8-ecdf-4a94-ac74-02af5db415f7.chunk
printing to file: /home/grads/a/acoskuner500/csce616/lab10_regression/lab10/sim/regression/htax_regress.acoskuner500.22_11_26_18_09_46_5380/htax_regress.vsof
runs data dir is: /home/vmanager/vmgr_2003profile/chunks/projects/vmgr
Chunk name is: /home/vmanager/vmgr_2003profile/chunks/projects/vmgr/of_sessions/htax_regress.acoskuner500.22_11_26_18_09_46_5380/60_fbc3b17c-6de7-11ed-9d8b-af6dc8185d40.chunk
From offset: 0
To offset: 4294967295
Sat Nov 26 18:11:07 CST 2022
/opt/coe/cadence/vmanager/tools/vmgr/runner/bin/vm_append_to_vsof.pl
printing from file: /home/grads/a/acoskuner500/csce616/lab10_regression/lab10/sim/regression/htax_regress.acoskuner500.22_11_26_18_09_46_5380/chain_0/.a0d2ec21-0e3b-49a9-96e7-cd2fbbe3789e.chunk
printing to file: /home/grads/a/acoskuner500/csce616/lab10_regression/lab10/sim/regression/htax_regress.acoskuner500.22_11_26_18_09_46_5380/htax_regress.vsof
runs data dir is: /home/vmanager/vmgr_2003profile/chunks/projects/vmgr
Chunk name is: /home/vmanager/vmgr_2003profile/chunks/projects/vmgr/of_sessions/htax_regress.acoskuner500.22_11_26_18_09_46_5380/60_fda3cad6-6de7-11ed-8f01-dfe61da25251.chunk
From offset: 0
To offset: 4294967295
Sat Nov 26 18:11:11 CST 2022
/opt/coe/cadence/vmanager/tools/vmgr/runner/bin/vm_append_to_vsof.pl
printing from file: /home/grads/a/acoskuner500/csce616/lab10_regression/lab10/sim/regression/htax_regress.acoskuner500.22_11_26_18_09_46_5380/chain_0/.57b6ea40-dc56-42c3-bb38-3db3dd032c82.chunk
printing to file: /home/grads/a/acoskuner500/csce616/lab10_regression/lab10/sim/regression/htax_regress.acoskuner500.22_11_26_18_09_46_5380/htax_regress.vsof
runs data dir is: /home/vmanager/vmgr_2003profile/chunks/projects/vmgr
Chunk name is: /home/vmanager/vmgr_2003profile/chunks/projects/vmgr/of_sessions/htax_regress.acoskuner500.22_11_26_18_09_46_5380/60_ff98ab90-6de7-11ed-8ec6-cb4b22086e4a.chunk
From offset: 0
To offset: 4294967295
Sat Nov 26 18:11:20 CST 2022
/opt/coe/cadence/vmanager/tools/vmgr/runner/bin/vm_append_to_vsof.pl
printing from file: /home/grads/a/acoskuner500/csce616/lab10_regression/lab10/sim/regression/htax_regress.acoskuner500.22_11_26_18_09_46_5380/chain_0/.2e991c30-ae53-4ff9-bad0-1771de8e4298.chunk
printing to file: /home/grads/a/acoskuner500/csce616/lab10_regression/lab10/sim/regression/htax_regress.acoskuner500.22_11_26_18_09_46_5380/htax_regress.vsof
runs data dir is: /home/vmanager/vmgr_2003profile/chunks/projects/vmgr
Chunk name is: /home/vmanager/vmgr_2003profile/chunks/projects/vmgr/of_sessions/htax_regress.acoskuner500.22_11_26_18_09_46_5380/60_050b9402-6de8-11ed-9996-639381d7827f.chunk
From offset: 0
To offset: 4294967295
Sat Nov 26 18:11:23 CST 2022
/opt/coe/cadence/vmanager/tools/vmgr/runner/bin/vm_append_to_vsof.pl
printing from file: /home/grads/a/acoskuner500/csce616/lab10_regression/lab10/sim/regression/htax_regress.acoskuner500.22_11_26_18_09_46_5380/chain_0/.24e714cd-b650-4692-bd27-f1030735db8d.chunk
printing to file: /home/grads/a/acoskuner500/csce616/lab10_regression/lab10/sim/regression/htax_regress.acoskuner500.22_11_26_18_09_46_5380/htax_regress.vsof
runs data dir is: /home/vmanager/vmgr_2003profile/chunks/projects/vmgr
Chunk name is: /home/vmanager/vmgr_2003profile/chunks/projects/vmgr/of_sessions/htax_regress.acoskuner500.22_11_26_18_09_46_5380/60_06ead576-6de8-11ed-bbe1-b7d36043f492.chunk
From offset: 0
To offset: 4294967295
Sat Nov 26 18:11:26 CST 2022
/opt/coe/cadence/vmanager/tools/vmgr/runner/bin/vm_append_to_vsof.pl
printing from file: /home/grads/a/acoskuner500/csce616/lab10_regression/lab10/sim/regression/htax_regress.acoskuner500.22_11_26_18_09_46_5380/chain_0/.a744ec47-4175-4844-9c04-7f1ec1ac9116.chunk
printing to file: /home/grads/a/acoskuner500/csce616/lab10_regression/lab10/sim/regression/htax_regress.acoskuner500.22_11_26_18_09_46_5380/htax_regress.vsof
runs data dir is: /home/vmanager/vmgr_2003profile/chunks/projects/vmgr
Chunk name is: /home/vmanager/vmgr_2003profile/chunks/projects/vmgr/of_sessions/htax_regress.acoskuner500.22_11_26_18_09_46_5380/60_08caa1fa-6de8-11ed-86d1-77374672fc09.chunk
From offset: 0
To offset: 4294967295
Sat Nov 26 18:11:29 CST 2022
/opt/coe/cadence/vmanager/tools/vmgr/runner/bin/vm_append_to_vsof.pl
printing from file: /home/grads/a/acoskuner500/csce616/lab10_regression/lab10/sim/regression/htax_regress.acoskuner500.22_11_26_18_09_46_5380/chain_0/.d5123f79-ff9f-42f1-9442-58c7a0ac9760.chunk
printing to file: /home/grads/a/acoskuner500/csce616/lab10_regression/lab10/sim/regression/htax_regress.acoskuner500.22_11_26_18_09_46_5380/htax_regress.vsof
runs data dir is: /home/vmanager/vmgr_2003profile/chunks/projects/vmgr
Chunk name is: /home/vmanager/vmgr_2003profile/chunks/projects/vmgr/of_sessions/htax_regress.acoskuner500.22_11_26_18_09_46_5380/60_0aaa1302-6de8-11ed-988a-6b56af6a559f.chunk
From offset: 0
To offset: 4294967295
Sat Nov 26 18:11:35 CST 2022
/opt/coe/cadence/vmanager/tools/vmgr/runner/bin/vm_append_to_vsof.pl
printing from file: /home/grads/a/acoskuner500/csce616/lab10_regression/lab10/sim/regression/htax_regress.acoskuner500.22_11_26_18_09_46_5380/chain_0/.5682c478-da91-4c7d-974c-b363758358ad.chunk
printing to file: /home/grads/a/acoskuner500/csce616/lab10_regression/lab10/sim/regression/htax_regress.acoskuner500.22_11_26_18_09_46_5380/htax_regress.vsof
runs data dir is: /home/vmanager/vmgr_2003profile/chunks/projects/vmgr
Chunk name is: /home/vmanager/vmgr_2003profile/chunks/projects/vmgr/of_sessions/htax_regress.acoskuner500.22_11_26_18_09_46_5380/60_0e53f860-6de8-11ed-b164-cfe11329e6a7.chunk
From offset: 0
To offset: 4294967295
Sat Nov 26 18:11:42 CST 2022
/opt/coe/cadence/vmanager/tools/vmgr/runner/bin/vm_append_to_vsof.pl
printing from file: /home/grads/a/acoskuner500/csce616/lab10_regression/lab10/sim/regression/htax_regress.acoskuner500.22_11_26_18_09_46_5380/chain_0/.860a4934-62ca-4371-81b3-ce021246a952.chunk
printing to file: /home/grads/a/acoskuner500/csce616/lab10_regression/lab10/sim/regression/htax_regress.acoskuner500.22_11_26_18_09_46_5380/htax_regress.vsof
runs data dir is: /home/vmanager/vmgr_2003profile/chunks/projects/vmgr
Chunk name is: /home/vmanager/vmgr_2003profile/chunks/projects/vmgr/of_sessions/htax_regress.acoskuner500.22_11_26_18_09_46_5380/60_11fd2572-6de8-11ed-bd0c-530dff585032.chunk
From offset: 0
To offset: 4294967295
Sat Nov 26 18:11:48 CST 2022
/opt/coe/cadence/vmanager/tools/vmgr/runner/bin/vm_append_to_vsof.pl
printing from file: /home/grads/a/acoskuner500/csce616/lab10_regression/lab10/sim/regression/htax_regress.acoskuner500.22_11_26_18_09_46_5380/chain_0/.1e560b40-b298-4498-ad09-8ca7f61e0fca.chunk
printing to file: /home/grads/a/acoskuner500/csce616/lab10_regression/lab10/sim/regression/htax_regress.acoskuner500.22_11_26_18_09_46_5380/htax_regress.vsof
runs data dir is: /home/vmanager/vmgr_2003profile/chunks/projects/vmgr
Chunk name is: /home/vmanager/vmgr_2003profile/chunks/projects/vmgr/of_sessions/htax_regress.acoskuner500.22_11_26_18_09_46_5380/60_15a6856a-6de8-11ed-994c-4f38503139ec.chunk
From offset: 0
To offset: 4294967295
Sat Nov 26 18:11:54 CST 2022
/opt/coe/cadence/vmanager/tools/vmgr/runner/bin/vm_append_to_vsof.pl
printing from file: /home/grads/a/acoskuner500/csce616/lab10_regression/lab10/sim/regression/htax_regress.acoskuner500.22_11_26_18_09_46_5380/chain_0/.a78626a0-8448-4f53-a8df-d3aed89b28fb.chunk
printing to file: /home/grads/a/acoskuner500/csce616/lab10_regression/lab10/sim/regression/htax_regress.acoskuner500.22_11_26_18_09_46_5380/htax_regress.vsof
runs data dir is: /home/vmanager/vmgr_2003profile/chunks/projects/vmgr
Chunk name is: /home/vmanager/vmgr_2003profile/chunks/projects/vmgr/of_sessions/htax_regress.acoskuner500.22_11_26_18_09_46_5380/60_1951384a-6de8-11ed-abc8-375ef1920d2c.chunk
From offset: 0
To offset: 4294967295
Sat Nov 26 18:11:57 CST 2022
/opt/coe/cadence/vmanager/tools/vmgr/runner/bin/vm_append_to_vsof.pl
printing from file: /home/grads/a/acoskuner500/csce616/lab10_regression/lab10/sim/regression/htax_regress.acoskuner500.22_11_26_18_09_46_5380/chain_0/.4fec9728-c373-439b-b6b2-c33476a59034.chunk
printing to file: /home/grads/a/acoskuner500/csce616/lab10_regression/lab10/sim/regression/htax_regress.acoskuner500.22_11_26_18_09_46_5380/htax_regress.vsof
runs data dir is: /home/vmanager/vmgr_2003profile/chunks/projects/vmgr
Chunk name is: /home/vmanager/vmgr_2003profile/chunks/projects/vmgr/of_sessions/htax_regress.acoskuner500.22_11_26_18_09_46_5380/60_1b30b7c6-6de8-11ed-8b96-1bd599f56877.chunk
From offset: 0
To offset: 4294967295
Sat Nov 26 18:12:03 CST 2022
/opt/coe/cadence/vmanager/tools/vmgr/runner/bin/vm_append_to_vsof.pl
printing from file: /home/grads/a/acoskuner500/csce616/lab10_regression/lab10/sim/regression/htax_regress.acoskuner500.22_11_26_18_09_46_5380/chain_0/.23b76ffb-50d1-4b83-9f1c-d1ababe4e4dd.chunk
printing to file: /home/grads/a/acoskuner500/csce616/lab10_regression/lab10/sim/regression/htax_regress.acoskuner500.22_11_26_18_09_46_5380/htax_regress.vsof
runs data dir is: /home/vmanager/vmgr_2003profile/chunks/projects/vmgr
Chunk name is: /home/vmanager/vmgr_2003profile/chunks/projects/vmgr/of_sessions/htax_regress.acoskuner500.22_11_26_18_09_46_5380/60_1eda484c-6de8-11ed-8469-f3c09f4ebaf9.chunk
From offset: 0
To offset: 4294967295
Sat Nov 26 18:12:06 CST 2022
/opt/coe/cadence/vmanager/tools/vmgr/runner/bin/vm_append_to_vsof.pl
printing from file: /home/grads/a/acoskuner500/csce616/lab10_regression/lab10/sim/regression/htax_regress.acoskuner500.22_11_26_18_09_46_5380/chain_0/.4a8c03d1-b501-47d9-855e-013e4cf69d4c.chunk
printing to file: /home/grads/a/acoskuner500/csce616/lab10_regression/lab10/sim/regression/htax_regress.acoskuner500.22_11_26_18_09_46_5380/htax_regress.vsof
runs data dir is: /home/vmanager/vmgr_2003profile/chunks/projects/vmgr
Chunk name is: /home/vmanager/vmgr_2003profile/chunks/projects/vmgr/of_sessions/htax_regress.acoskuner500.22_11_26_18_09_46_5380/60_20c232d2-6de8-11ed-a5b4-6f1398ef3789.chunk
From offset: 0
To offset: 4294967295
Sat Nov 26 18:12:09 CST 2022
/opt/coe/cadence/vmanager/tools/vmgr/runner/bin/vm_append_to_vsof.pl
printing from file: /home/grads/a/acoskuner500/csce616/lab10_regression/lab10/sim/regression/htax_regress.acoskuner500.22_11_26_18_09_46_5380/chain_0/.1aba762a-2992-46ee-aae9-dea058e837cd.chunk
printing to file: /home/grads/a/acoskuner500/csce616/lab10_regression/lab10/sim/regression/htax_regress.acoskuner500.22_11_26_18_09_46_5380/htax_regress.vsof
runs data dir is: /home/vmanager/vmgr_2003profile/chunks/projects/vmgr
Chunk name is: /home/vmanager/vmgr_2003profile/chunks/projects/vmgr/of_sessions/htax_regress.acoskuner500.22_11_26_18_09_46_5380/60_22a1374c-6de8-11ed-a8c1-1f9474fd8db8.chunk
From offset: 0
To offset: 4294967295
Sat Nov 26 18:12:16 CST 2022
/opt/coe/cadence/vmanager/tools/vmgr/runner/bin/vm_append_to_vsof.pl
printing from file: /home/grads/a/acoskuner500/csce616/lab10_regression/lab10/sim/regression/htax_regress.acoskuner500.22_11_26_18_09_46_5380/chain_0/.c3a59c15-1713-4334-a9b9-c0a84dd1adb7.chunk
printing to file: /home/grads/a/acoskuner500/csce616/lab10_regression/lab10/sim/regression/htax_regress.acoskuner500.22_11_26_18_09_46_5380/htax_regress.vsof
runs data dir is: /home/vmanager/vmgr_2003profile/chunks/projects/vmgr
Chunk name is: /home/vmanager/vmgr_2003profile/chunks/projects/vmgr/of_sessions/htax_regress.acoskuner500.22_11_26_18_09_46_5380/60_264a7d04-6de8-11ed-b723-a36c89ac7282.chunk
From offset: 0
To offset: 4294967295
Sat Nov 26 18:12:19 CST 2022
/opt/coe/cadence/vmanager/tools/vmgr/runner/bin/vm_append_to_vsof.pl
printing from file: /home/grads/a/acoskuner500/csce616/lab10_regression/lab10/sim/regression/htax_regress.acoskuner500.22_11_26_18_09_46_5380/chain_0/.6e45c88f-cadd-41d2-9e9f-a614889880f0.chunk
printing to file: /home/grads/a/acoskuner500/csce616/lab10_regression/lab10/sim/regression/htax_regress.acoskuner500.22_11_26_18_09_46_5380/htax_regress.vsof
runs data dir is: /home/vmanager/vmgr_2003profile/chunks/projects/vmgr
Chunk name is: /home/vmanager/vmgr_2003profile/chunks/projects/vmgr/of_sessions/htax_regress.acoskuner500.22_11_26_18_09_46_5380/60_282b051c-6de8-11ed-873e-ab539c146cdc.chunk
From offset: 0
To offset: 4294967295
Sat Nov 26 18:12:25 CST 2022
/opt/coe/cadence/vmanager/tools/vmgr/runner/bin/vm_append_to_vsof.pl
printing from file: /home/grads/a/acoskuner500/csce616/lab10_regression/lab10/sim/regression/htax_regress.acoskuner500.22_11_26_18_09_46_5380/chain_0/.44da7015-a1c5-44e6-8991-aa87323b23e6.chunk
printing to file: /home/grads/a/acoskuner500/csce616/lab10_regression/lab10/sim/regression/htax_regress.acoskuner500.22_11_26_18_09_46_5380/htax_regress.vsof
runs data dir is: /home/vmanager/vmgr_2003profile/chunks/projects/vmgr
Chunk name is: /home/vmanager/vmgr_2003profile/chunks/projects/vmgr/of_sessions/htax_regress.acoskuner500.22_11_26_18_09_46_5380/60_2bdc027e-6de8-11ed-8673-a37cc2c2c225.chunk
From offset: 0
To offset: 4294967295
Sat Nov 26 18:12:31 CST 2022
/opt/coe/cadence/vmanager/tools/vmgr/runner/bin/vm_append_to_vsof.pl
printing from file: /home/grads/a/acoskuner500/csce616/lab10_regression/lab10/sim/regression/htax_regress.acoskuner500.22_11_26_18_09_46_5380/chain_0/.f5b58089-536c-481d-8616-dbf148b8a1d8.chunk
printing to file: /home/grads/a/acoskuner500/csce616/lab10_regression/lab10/sim/regression/htax_regress.acoskuner500.22_11_26_18_09_46_5380/htax_regress.vsof
runs data dir is: /home/vmanager/vmgr_2003profile/chunks/projects/vmgr
Chunk name is: /home/vmanager/vmgr_2003profile/chunks/projects/vmgr/of_sessions/htax_regress.acoskuner500.22_11_26_18_09_46_5380/60_2f85c8ba-6de8-11ed-909b-63ad7ebb9637.chunk
From offset: 0
To offset: 4294967295
Sat Nov 26 18:12:34 CST 2022
/opt/coe/cadence/vmanager/tools/vmgr/runner/bin/vm_append_to_vsof.pl
printing from file: /home/grads/a/acoskuner500/csce616/lab10_regression/lab10/sim/regression/htax_regress.acoskuner500.22_11_26_18_09_46_5380/chain_0/.b98fb1d1-6254-494c-912c-220ce97d0597.chunk
printing to file: /home/grads/a/acoskuner500/csce616/lab10_regression/lab10/sim/regression/htax_regress.acoskuner500.22_11_26_18_09_46_5380/htax_regress.vsof
runs data dir is: /home/vmanager/vmgr_2003profile/chunks/projects/vmgr
Chunk name is: /home/vmanager/vmgr_2003profile/chunks/projects/vmgr/of_sessions/htax_regress.acoskuner500.22_11_26_18_09_46_5380/60_3165e7e6-6de8-11ed-a8e9-a32ac75f9c33.chunk
From offset: 0
To offset: 4294967295
Sat Nov 26 18:12:43 CST 2022
/opt/coe/cadence/vmanager/tools/vmgr/runner/bin/vm_append_to_vsof.pl
printing from file: /home/grads/a/acoskuner500/csce616/lab10_regression/lab10/sim/regression/htax_regress.acoskuner500.22_11_26_18_09_46_5380/chain_0/.fcf87eb3-0f24-4bbf-ac21-825bfff43def.chunk
printing to file: /home/grads/a/acoskuner500/csce616/lab10_regression/lab10/sim/regression/htax_regress.acoskuner500.22_11_26_18_09_46_5380/htax_regress.vsof
runs data dir is: /home/vmanager/vmgr_2003profile/chunks/projects/vmgr
Chunk name is: /home/vmanager/vmgr_2003profile/chunks/projects/vmgr/of_sessions/htax_regress.acoskuner500.22_11_26_18_09_46_5380/60_36d83080-6de8-11ed-91a9-3f8cf9e1fe9b.chunk
From offset: 0
To offset: 4294967295
Sat Nov 26 18:12:46 CST 2022
/opt/coe/cadence/vmanager/tools/vmgr/runner/bin/vm_append_to_vsof.pl
printing from file: /home/grads/a/acoskuner500/csce616/lab10_regression/lab10/sim/regression/htax_regress.acoskuner500.22_11_26_18_09_46_5380/chain_0/.106c4981-0e78-438d-a6d6-276bacf2070b.chunk
printing to file: /home/grads/a/acoskuner500/csce616/lab10_regression/lab10/sim/regression/htax_regress.acoskuner500.22_11_26_18_09_46_5380/htax_regress.vsof
runs data dir is: /home/vmanager/vmgr_2003profile/chunks/projects/vmgr
Chunk name is: /home/vmanager/vmgr_2003profile/chunks/projects/vmgr/of_sessions/htax_regress.acoskuner500.22_11_26_18_09_46_5380/60_38bad682-6de8-11ed-a396-4f928e968e77.chunk
From offset: 0
To offset: 4294967295
Sat Nov 26 18:12:53 CST 2022
/opt/coe/cadence/vmanager/tools/vmgr/runner/bin/vm_append_to_vsof.pl
printing from file: /home/grads/a/acoskuner500/csce616/lab10_regression/lab10/sim/regression/htax_regress.acoskuner500.22_11_26_18_09_46_5380/chain_0/.40805ac1-e8fb-4ba9-96cb-83e993e0af4f.chunk
printing to file: /home/grads/a/acoskuner500/csce616/lab10_regression/lab10/sim/regression/htax_regress.acoskuner500.22_11_26_18_09_46_5380/htax_regress.vsof
runs data dir is: /home/vmanager/vmgr_2003profile/chunks/projects/vmgr
Chunk name is: /home/vmanager/vmgr_2003profile/chunks/projects/vmgr/of_sessions/htax_regress.acoskuner500.22_11_26_18_09_46_5380/60_3c630a70-6de8-11ed-b7f5-637637567c78.chunk
From offset: 0
To offset: 4294967295
Sat Nov 26 18:12:59 CST 2022
/opt/coe/cadence/vmanager/tools/vmgr/runner/bin/vm_append_to_vsof.pl
printing from file: /home/grads/a/acoskuner500/csce616/lab10_regression/lab10/sim/regression/htax_regress.acoskuner500.22_11_26_18_09_46_5380/chain_0/.8307db65-e8a2-4197-86c8-e94972373325.chunk
printing to file: /home/grads/a/acoskuner500/csce616/lab10_regression/lab10/sim/regression/htax_regress.acoskuner500.22_11_26_18_09_46_5380/htax_regress.vsof
runs data dir is: /home/vmanager/vmgr_2003profile/chunks/projects/vmgr
Chunk name is: /home/vmanager/vmgr_2003profile/chunks/projects/vmgr/of_sessions/htax_regress.acoskuner500.22_11_26_18_09_46_5380/60_400c4c4a-6de8-11ed-bd03-6f1de3550961.chunk
From offset: 0
To offset: 4294967295
Sat Nov 26 18:13:01 CST 2022
/opt/coe/cadence/vmanager/tools/vmgr/runner/bin/vm_append_to_vsof.pl
printing from file: /home/grads/a/acoskuner500/csce616/lab10_regression/lab10/sim/regression/htax_regress.acoskuner500.22_11_26_18_09_46_5380/chain_0/.7bb3bdb8-d160-4dc3-b4bf-8a711b0e7e89.chunk
printing to file: /home/grads/a/acoskuner500/csce616/lab10_regression/lab10/sim/regression/htax_regress.acoskuner500.22_11_26_18_09_46_5380/htax_regress.vsof
runs data dir is: /home/vmanager/vmgr_2003profile/chunks/projects/vmgr
Chunk name is: /home/vmanager/vmgr_2003profile/chunks/projects/vmgr/of_sessions/htax_regress.acoskuner500.22_11_26_18_09_46_5380/60_414dc980-6de8-11ed-9dc9-4fd336944e62.chunk
From offset: 0
To offset: 4294967295
Sat Nov 26 18:13:02 CST 2022
/opt/coe/cadence/vmanager/tools/vmgr/runner/bin/vm_append_to_vsof.pl
printing from file: /home/grads/a/acoskuner500/csce616/lab10_regression/lab10/sim/regression/htax_regress.acoskuner500.22_11_26_18_09_46_5380/chain_0/.post_session_script_data.txt
printing to file: /home/grads/a/acoskuner500/csce616/lab10_regression/lab10/sim/regression/htax_regress.acoskuner500.22_11_26_18_09_46_5380/htax_regress.vsof
runs data dir is: /home/vmanager/vmgr_2003profile/chunks/projects/vmgr
Chunk name is: /home/vmanager/vmgr_2003profile/chunks/projects/vmgr/of_sessions/htax_regress.acoskuner500.22_11_26_18_09_46_5380/55_4202f3a0-6de8-11ed-8143-17ed53cfe140.chunk
From offset: 0
To offset: 4294967295
Sat Nov 26 18:13:15 CST 2022
/opt/coe/cadence/vmanager/tools/vmgr/runner/bin/vm_append_to_vsof.pl
printing from file: /home/grads/a/acoskuner500/csce616/lab10_regression/lab10/sim/regression/htax_regress.acoskuner500.22_11_26_18_09_46_5380/chain_0/.post_session_script_data2.txt
printing to file: /home/grads/a/acoskuner500/csce616/lab10_regression/lab10/sim/regression/htax_regress.acoskuner500.22_11_26_18_09_46_5380/htax_regress.vsof
runs data dir is: /home/vmanager/vmgr_2003profile/chunks/projects/vmgr
Chunk name is: /home/vmanager/vmgr_2003profile/chunks/projects/vmgr/of_sessions/htax_regress.acoskuner500.22_11_26_18_09_46_5380/55_4994b5c2-6de8-11ed-b6c7-67418d06057f.chunk
From offset: 0
To offset: 4294967295
