vmanager: *I,MERGL1: Preparing icc target model ...
vmanager: *I,MERGL1: Doing model union ...
vmanager: *I,MERGL2:   With primary run (/home/grads/a/acoskuner500/csce616/lab10_regression/lab10/sim/regression/htax_regress.acoskuner500.22_11_28_19_41_42_6558/model_dir): /home/grads/a/acoskuner500/csce616/lab10_regression/lab10/sim/regression/htax_regress.acoskuner500.22_11_28_19_41_42_6558/model_dir/icc_42afc8a3_5af479c5.ucm
vmanager: *I,MERGL1: Target model generated successfully.
vmanager: *I,MERGL1: Projecting data into the target model ...
vmanager: *I,MERGL2:   /home/grads/a/acoskuner500/csce616/lab10_regression/lab10/sim/regression/htax_regress.acoskuner500.22_11_28_19_41_42_6558/chain_0/all_test/run_1/cov_work/scope/test_sv1992691359:
vmanager: *I,MERGL3:       Data is projected in to the target model.
vmanager: *I,MERGL2:   /home/grads/a/acoskuner500/csce616/lab10_regression/lab10/sim/regression/htax_regress.acoskuner500.22_11_28_19_41_42_6558/chain_0/all_test/run_2/cov_work/scope/test_sv-288980317:
vmanager: *I,MERGL3:       Data is projected in to the target model.
vmanager: *I,MERGL2:   /home/grads/a/acoskuner500/csce616/lab10_regression/lab10/sim/regression/htax_regress.acoskuner500.22_11_28_19_41_42_6558/chain_0/all_test/run_3/cov_work/scope/test_sv29811856:
vmanager: *I,MERGL3:       Data is projected in to the target model.
vmanager: *I,MERGL2:   /home/grads/a/acoskuner500/csce616/lab10_regression/lab10/sim/regression/htax_regress.acoskuner500.22_11_28_19_41_42_6558/chain_0/all_test/run_4/cov_work/scope/test_sv-1849240226:
vmanager: *I,MERGL3:       Data is projected in to the target model.
vmanager: *I,MERGL2:   /home/grads/a/acoskuner500/csce616/lab10_regression/lab10/sim/regression/htax_regress.acoskuner500.22_11_28_19_41_42_6558/chain_0/all_test/run_5/cov_work/scope/test_sv1237728996:
vmanager: *I,MERGL3:       Data is projected in to the target model.
vmanager: *I,MERGL2:   /home/grads/a/acoskuner500/csce616/lab10_regression/lab10/sim/regression/htax_regress.acoskuner500.22_11_28_19_41_42_6558/chain_0/all_test/run_6/cov_work/scope/test_sv969322845:
vmanager: *I,MERGL3:       Data is projected in to the target model.
vmanager: *I,MERGL2:   /home/grads/a/acoskuner500/csce616/lab10_regression/lab10/sim/regression/htax_regress.acoskuner500.22_11_28_19_41_42_6558/chain_0/all_test/run_7/cov_work/scope/test_sv1170644110:
vmanager: *I,MERGL3:       Data is projected in to the target model.
vmanager: *I,MERGL2:   /home/grads/a/acoskuner500/csce616/lab10_regression/lab10/sim/regression/htax_regress.acoskuner500.22_11_28_19_41_42_6558/chain_0/all_test/run_8/cov_work/scope/test_sv1439104924:
vmanager: *I,MERGL3:       Data is projected in to the target model.
vmanager: *I,MERGL2:   /home/grads/a/acoskuner500/csce616/lab10_regression/lab10/sim/regression/htax_regress.acoskuner500.22_11_28_19_41_42_6558/chain_0/all_test/run_9/cov_work/scope/test_sv-1916394385:
vmanager: *I,MERGL3:       Data is projected in to the target model.
vmanager: *I,MERGL2:   /home/grads/a/acoskuner500/csce616/lab10_regression/lab10/sim/regression/htax_regress.acoskuner500.22_11_28_19_41_42_6558/chain_0/all_test/run_10/cov_work/scope/test_sv-1647966696:
vmanager: *I,MERGL3:       Data is projected in to the target model.
vmanager: *I,MERGL2:   /home/grads/a/acoskuner500/csce616/lab10_regression/lab10/sim/regression/htax_regress.acoskuner500.22_11_28_19_41_42_6558/chain_0/all_test/run_11/cov_work/scope/test_sv-1010388142:
vmanager: *I,MERGL3:       Data is projected in to the target model.
vmanager: *I,MERGL2:   /home/grads/a/acoskuner500/csce616/lab10_regression/lab10/sim/regression/htax_regress.acoskuner500.22_11_28_19_41_42_6558/chain_0/all_test/run_12/cov_work/scope/test_sv1405544478:
vmanager: *I,MERGL3:       Data is projected in to the target model.
vmanager: *I,MERGL2:   /home/grads/a/acoskuner500/csce616/lab10_regression/lab10/sim/regression/htax_regress.acoskuner500.22_11_28_19_41_42_6558/chain_0/all_test/run_13/cov_work/scope/test_sv1271320428:
vmanager: *I,MERGL3:       Data is projected in to the target model.
vmanager: *I,MERGL2:   /home/grads/a/acoskuner500/csce616/lab10_regression/lab10/sim/regression/htax_regress.acoskuner500.22_11_28_19_41_42_6558/chain_0/all_test/run_14/cov_work/scope/test_sv1539718624:
vmanager: *I,MERGL3:       Data is projected in to the target model.
vmanager: *I,MERGL2:   /home/grads/a/acoskuner500/csce616/lab10_regression/lab10/sim/regression/htax_regress.acoskuner500.22_11_28_19_41_42_6558/chain_0/all_test/run_15/cov_work/scope/test_sv1204203438:
vmanager: *I,MERGL3:       Data is projected in to the target model.
vmanager: *I,MERGL1: Writing icc model to /home/grads/a/acoskuner500/csce616/lab10_regression/lab10/sim/regression/htax_regress.acoskuner500.22_11_28_19_41_42_6558/merged_ucds/default/1669686268073/icc_42afc8a3_5af479c5.ucm(merged)
vmanager: *I,MERGL1: Writing icc data to /home/grads/a/acoskuner500/csce616/lab10_regression/lab10/sim/regression/htax_regress.acoskuner500.22_11_28_19_41_42_6558/merged_ucds/default/1669686268073/merged_tests/icc_42afc8a3_5af479c5.ucd(merged)
vmanager: *I,coverage.merge_op_done_no_warns: Merge operation (session runs merge) is done without any conflicts.
